[2025-02-26T16:50:18.573+0000] {taskinstance.py:1159} INFO - Dependencies all met for dep_context=non-requeueable deps ti=<TaskInstance: crypto_data_processing_mapreduce.run_mapreduce_job manual__2025-02-26T16:45:12.446211+00:00 [queued]>
[2025-02-26T16:50:18.587+0000] {taskinstance.py:1159} INFO - Dependencies all met for dep_context=requeueable deps ti=<TaskInstance: crypto_data_processing_mapreduce.run_mapreduce_job manual__2025-02-26T16:45:12.446211+00:00 [queued]>
[2025-02-26T16:50:18.588+0000] {taskinstance.py:1361} INFO - Starting attempt 2 of 2
[2025-02-26T16:50:18.608+0000] {taskinstance.py:1382} INFO - Executing <Task(BashOperator): run_mapreduce_job> on 2025-02-26 16:45:12.446211+00:00
[2025-02-26T16:50:18.617+0000] {standard_task_runner.py:57} INFO - Started process 65997 to run task
[2025-02-26T16:50:18.621+0000] {standard_task_runner.py:84} INFO - Running: ['***', 'tasks', 'run', 'crypto_data_processing_mapreduce', 'run_mapreduce_job', 'manual__2025-02-26T16:45:12.446211+00:00', '--job-id', '16', '--raw', '--subdir', 'DAGS_FOLDER/transform_data.py', '--cfg-path', '/tmp/tmpazwc3azv']
[2025-02-26T16:50:18.626+0000] {standard_task_runner.py:85} INFO - Job 16: Subtask run_mapreduce_job
[2025-02-26T16:50:18.707+0000] {task_command.py:415} INFO - Running <TaskInstance: crypto_data_processing_mapreduce.run_mapreduce_job manual__2025-02-26T16:45:12.446211+00:00 [running]> on host 8f39f5b11fbf
[2025-02-26T16:50:18.825+0000] {logging_mixin.py:151} WARNING - /home/***/.local/lib/python3.9/site-packages/***/utils/context.py:206 AirflowContextDeprecationWarning: Accessing 'execution_date' from the template is deprecated and will be removed in a future version. Please use 'data_interval_start' or 'logical_date' instead.
[2025-02-26T16:50:18.886+0000] {taskinstance.py:1660} INFO - Exporting env vars: AIRFLOW_CTX_DAG_OWNER='***' AIRFLOW_CTX_DAG_ID='crypto_data_processing_mapreduce' AIRFLOW_CTX_TASK_ID='run_mapreduce_job' AIRFLOW_CTX_EXECUTION_DATE='2025-02-26T16:45:12.446211+00:00' AIRFLOW_CTX_TRY_NUMBER='2' AIRFLOW_CTX_DAG_RUN_ID='manual__2025-02-26T16:45:12.446211+00:00'
[2025-02-26T16:50:18.890+0000] {subprocess.py:63} INFO - Tmp dir root location: /tmp
[2025-02-26T16:50:18.894+0000] {subprocess.py:75} INFO - Running command: ['/bin/bash', '-c', '\n                docker exec namenode bash -c "cd /home &&                 hadoop jar /opt/hadoop-3.2.1/share/hadoop/tools/lib/hadoop-streaming-3.2.1.jar                 -input /user/root/crypto/YYYY=2025/MM=02/DD=26/crypto_historical_data.csv                 -output /user/root/crypto/processed/YYYY=2025/MM=02/DD=26                 -mapper mapper.py                 -reducer reducer.py                 -file /home/mapper.py                 -file /home/reducer.py"\n            ']
[2025-02-26T16:50:18.909+0000] {subprocess.py:86} INFO - Output:
[2025-02-26T16:50:20.273+0000] {subprocess.py:93} INFO - 2025-02-26 16:50:20,271 WARN streaming.StreamJob: -file option is deprecated, please use generic option -files instead.
[2025-02-26T16:50:21.504+0000] {subprocess.py:93} INFO - packageJobJar: [/home/mapper.py, /home/reducer.py] [] /tmp/streamjob6601750175878985897.jar tmpDir=null
[2025-02-26T16:50:21.639+0000] {subprocess.py:93} INFO - 2025-02-26 16:50:21,638 INFO impl.MetricsConfig: Loaded properties from hadoop-metrics2.properties
[2025-02-26T16:50:21.735+0000] {subprocess.py:93} INFO - 2025-02-26 16:50:21,734 INFO impl.MetricsSystemImpl: Scheduled Metric snapshot period at 10 second(s).
[2025-02-26T16:50:21.736+0000] {subprocess.py:93} INFO - 2025-02-26 16:50:21,734 INFO impl.MetricsSystemImpl: JobTracker metrics system started
[2025-02-26T16:50:21.763+0000] {subprocess.py:93} INFO - 2025-02-26 16:50:21,761 WARN impl.MetricsSystemImpl: JobTracker metrics system already initialized!
[2025-02-26T16:50:22.123+0000] {subprocess.py:93} INFO - 2025-02-26 16:50:22,121 INFO mapred.FileInputFormat: Total input files to process : 1
[2025-02-26T16:50:22.196+0000] {subprocess.py:93} INFO - 2025-02-26 16:50:22,194 INFO mapreduce.JobSubmitter: number of splits:1
[2025-02-26T16:50:22.600+0000] {subprocess.py:93} INFO - 2025-02-26 16:50:22,581 INFO mapreduce.JobSubmitter: Submitting tokens for job: job_local615831220_0001
[2025-02-26T16:50:22.615+0000] {subprocess.py:93} INFO - 2025-02-26 16:50:22,582 INFO mapreduce.JobSubmitter: Executing with tokens: []
[2025-02-26T16:50:23.479+0000] {subprocess.py:93} INFO - 2025-02-26 16:50:23,475 INFO mapred.LocalDistributedCacheManager: Localized file:/home/mapper.py as file:/tmp/hadoop-root/mapred/local/job_local615831220_0001_fe526f86-3078-475a-ac89-3622b31b4240/mapper.py
[2025-02-26T16:50:23.576+0000] {subprocess.py:93} INFO - 2025-02-26 16:50:23,572 INFO mapred.LocalDistributedCacheManager: Localized file:/home/reducer.py as file:/tmp/hadoop-root/mapred/local/job_local615831220_0001_c32ee5b6-0c79-4a4b-bfcf-9483c86bbbbd/reducer.py
[2025-02-26T16:50:23.692+0000] {subprocess.py:93} INFO - 2025-02-26 16:50:23,687 INFO mapreduce.Job: The url to track the job: http://localhost:8080/
[2025-02-26T16:50:23.698+0000] {subprocess.py:93} INFO - 2025-02-26 16:50:23,693 INFO mapreduce.Job: Running job: job_local615831220_0001
[2025-02-26T16:50:23.701+0000] {subprocess.py:93} INFO - 2025-02-26 16:50:23,694 INFO mapred.LocalJobRunner: OutputCommitter set in config null
[2025-02-26T16:50:23.702+0000] {subprocess.py:93} INFO - 2025-02-26 16:50:23,697 INFO mapred.LocalJobRunner: OutputCommitter is org.apache.hadoop.mapred.FileOutputCommitter
[2025-02-26T16:50:23.710+0000] {subprocess.py:93} INFO - 2025-02-26 16:50:23,704 INFO output.FileOutputCommitter: File Output Committer Algorithm version is 2
[2025-02-26T16:50:23.714+0000] {subprocess.py:93} INFO - 2025-02-26 16:50:23,705 INFO output.FileOutputCommitter: FileOutputCommitter skip cleanup _temporary folders under output directory:false, ignore cleanup failures: false
[2025-02-26T16:50:23.799+0000] {subprocess.py:93} INFO - 2025-02-26 16:50:23,796 INFO mapred.LocalJobRunner: Waiting for map tasks
[2025-02-26T16:50:23.807+0000] {subprocess.py:93} INFO - 2025-02-26 16:50:23,803 INFO mapred.LocalJobRunner: Starting task: attempt_local615831220_0001_m_000000_0
[2025-02-26T16:50:23.866+0000] {subprocess.py:93} INFO - 2025-02-26 16:50:23,864 INFO output.FileOutputCommitter: File Output Committer Algorithm version is 2
[2025-02-26T16:50:23.867+0000] {subprocess.py:93} INFO - 2025-02-26 16:50:23,864 INFO output.FileOutputCommitter: FileOutputCommitter skip cleanup _temporary folders under output directory:false, ignore cleanup failures: false
[2025-02-26T16:50:23.906+0000] {subprocess.py:93} INFO - 2025-02-26 16:50:23,903 INFO mapred.Task:  Using ResourceCalculatorProcessTree : [ ]
[2025-02-26T16:50:23.920+0000] {subprocess.py:93} INFO - 2025-02-26 16:50:23,918 INFO mapred.MapTask: Processing split: hdfs://namenode:9000/user/root/crypto/YYYY=2025/MM=02/DD=26/crypto_historical_data.csv:0+44080
[2025-02-26T16:50:23.952+0000] {subprocess.py:93} INFO - 2025-02-26 16:50:23,950 INFO mapred.MapTask: numReduceTasks: 1
[2025-02-26T16:50:24.081+0000] {subprocess.py:93} INFO - 2025-02-26 16:50:24,078 INFO mapred.MapTask: (EQUATOR) 0 kvi 26214396(104857584)
[2025-02-26T16:50:24.082+0000] {subprocess.py:93} INFO - 2025-02-26 16:50:24,078 INFO mapred.MapTask: mapreduce.task.io.sort.mb: 100
[2025-02-26T16:50:24.083+0000] {subprocess.py:93} INFO - 2025-02-26 16:50:24,078 INFO mapred.MapTask: soft limit at 83886080
[2025-02-26T16:50:24.084+0000] {subprocess.py:93} INFO - 2025-02-26 16:50:24,078 INFO mapred.MapTask: bufstart = 0; bufvoid = 104857600
[2025-02-26T16:50:24.085+0000] {subprocess.py:93} INFO - 2025-02-26 16:50:24,078 INFO mapred.MapTask: kvstart = 26214396; length = 6553600
[2025-02-26T16:50:24.086+0000] {subprocess.py:93} INFO - 2025-02-26 16:50:24,083 INFO mapred.MapTask: Map output collector class = org.apache.hadoop.mapred.MapTask$MapOutputBuffer
[2025-02-26T16:50:24.102+0000] {subprocess.py:93} INFO - 2025-02-26 16:50:24,099 INFO streaming.PipeMapRed: PipeMapRed exec [/home/./mapper.py]
[2025-02-26T16:50:24.108+0000] {subprocess.py:93} INFO - 2025-02-26 16:50:24,106 INFO Configuration.deprecation: mapred.work.output.dir is deprecated. Instead, use mapreduce.task.output.dir
[2025-02-26T16:50:24.110+0000] {subprocess.py:93} INFO - 2025-02-26 16:50:24,107 INFO Configuration.deprecation: map.input.start is deprecated. Instead, use mapreduce.map.input.start
[2025-02-26T16:50:24.112+0000] {subprocess.py:93} INFO - 2025-02-26 16:50:24,109 INFO Configuration.deprecation: mapred.task.is.map is deprecated. Instead, use mapreduce.task.ismap
[2025-02-26T16:50:24.113+0000] {subprocess.py:93} INFO - 2025-02-26 16:50:24,110 INFO Configuration.deprecation: mapred.task.id is deprecated. Instead, use mapreduce.task.attempt.id
[2025-02-26T16:50:24.114+0000] {subprocess.py:93} INFO - 2025-02-26 16:50:24,112 INFO Configuration.deprecation: mapred.tip.id is deprecated. Instead, use mapreduce.task.id
[2025-02-26T16:50:24.115+0000] {subprocess.py:93} INFO - 2025-02-26 16:50:24,112 INFO Configuration.deprecation: mapred.local.dir is deprecated. Instead, use mapreduce.cluster.local.dir
[2025-02-26T16:50:24.117+0000] {subprocess.py:93} INFO - 2025-02-26 16:50:24,113 INFO Configuration.deprecation: map.input.file is deprecated. Instead, use mapreduce.map.input.file
[2025-02-26T16:50:24.123+0000] {subprocess.py:93} INFO - 2025-02-26 16:50:24,115 INFO Configuration.deprecation: mapred.skip.on is deprecated. Instead, use mapreduce.job.skiprecords
[2025-02-26T16:50:24.125+0000] {subprocess.py:93} INFO - 2025-02-26 16:50:24,117 INFO Configuration.deprecation: map.input.length is deprecated. Instead, use mapreduce.map.input.length
[2025-02-26T16:50:24.127+0000] {subprocess.py:93} INFO - 2025-02-26 16:50:24,118 INFO Configuration.deprecation: mapred.job.id is deprecated. Instead, use mapreduce.job.id
[2025-02-26T16:50:24.128+0000] {subprocess.py:93} INFO - 2025-02-26 16:50:24,118 INFO Configuration.deprecation: user.name is deprecated. Instead, use mapreduce.job.user.name
[2025-02-26T16:50:24.129+0000] {subprocess.py:93} INFO - 2025-02-26 16:50:24,119 INFO Configuration.deprecation: mapred.task.partition is deprecated. Instead, use mapreduce.task.partition
[2025-02-26T16:50:24.245+0000] {subprocess.py:93} INFO - 2025-02-26 16:50:24,239 INFO sasl.SaslDataTransferClient: SASL encryption trust check: localHostTrusted = false, remoteHostTrusted = false
[2025-02-26T16:50:24.254+0000] {subprocess.py:93} INFO - /home/./mapper.py: 1: /home/./mapper.py:
[2025-02-26T16:50:24.256+0000] {subprocess.py:93} INFO - : not found
[2025-02-26T16:50:24.257+0000] {subprocess.py:93} INFO - /home/./mapper.py: 2: /home/./mapper.py: import: not found
[2025-02-26T16:50:24.258+0000] {subprocess.py:93} INFO - /home/./mapper.py: 3: /home/./mapper.py: import: not found
[2025-02-26T16:50:24.259+0000] {subprocess.py:93} INFO - /home/./mapper.py: 4: /home/./mapper.py:
[2025-02-26T16:50:24.259+0000] {subprocess.py:93} INFO - : not found
[2025-02-26T16:50:24.260+0000] {subprocess.py:93} INFO - /home/./mapper.py: 6: /home/./mapper.py: Syntax error: word unexpected (expecting "do")
[2025-02-26T16:50:24.268+0000] {subprocess.py:93} INFO - 2025-02-26 16:50:24,260 INFO streaming.PipeMapRed: MRErrorThread done
[2025-02-26T16:50:24.519+0000] {subprocess.py:93} INFO - 2025-02-26 16:50:24,517 INFO streaming.PipeMapRed: R/W/S=1/0/0 in:NA [rec/s] out:NA [rec/s]
[2025-02-26T16:50:24.520+0000] {subprocess.py:93} INFO - 2025-02-26 16:50:24,518 INFO streaming.PipeMapRed: R/W/S=10/0/0 in:NA [rec/s] out:NA [rec/s]
[2025-02-26T16:50:24.524+0000] {subprocess.py:93} INFO - 2025-02-26 16:50:24,522 INFO streaming.PipeMapRed: R/W/S=100/0/0 in:NA [rec/s] out:NA [rec/s]
[2025-02-26T16:50:24.533+0000] {subprocess.py:93} INFO - 2025-02-26 16:50:24,529 WARN streaming.PipeMapRed: {}
[2025-02-26T16:50:24.534+0000] {subprocess.py:93} INFO - java.io.IOException: Stream closed
[2025-02-26T16:50:24.534+0000] {subprocess.py:93} INFO - 	at java.lang.ProcessBuilder$NullOutputStream.write(ProcessBuilder.java:433)
[2025-02-26T16:50:24.535+0000] {subprocess.py:93} INFO - 	at java.io.OutputStream.write(OutputStream.java:116)
[2025-02-26T16:50:24.536+0000] {subprocess.py:93} INFO - 	at java.io.BufferedOutputStream.write(BufferedOutputStream.java:122)
[2025-02-26T16:50:24.536+0000] {subprocess.py:93} INFO - 	at java.io.BufferedOutputStream.flushBuffer(BufferedOutputStream.java:82)
[2025-02-26T16:50:24.537+0000] {subprocess.py:93} INFO - 	at java.io.BufferedOutputStream.flush(BufferedOutputStream.java:140)
[2025-02-26T16:50:24.538+0000] {subprocess.py:93} INFO - 	at java.io.DataOutputStream.flush(DataOutputStream.java:123)
[2025-02-26T16:50:24.538+0000] {subprocess.py:93} INFO - 	at org.apache.hadoop.streaming.PipeMapRed.mapRedFinished(PipeMapRed.java:532)
[2025-02-26T16:50:24.539+0000] {subprocess.py:93} INFO - 	at org.apache.hadoop.streaming.PipeMapper.close(PipeMapper.java:130)
[2025-02-26T16:50:24.540+0000] {subprocess.py:93} INFO - 	at org.apache.hadoop.mapred.MapRunner.run(MapRunner.java:61)
[2025-02-26T16:50:24.540+0000] {subprocess.py:93} INFO - 	at org.apache.hadoop.streaming.PipeMapRunner.run(PipeMapRunner.java:34)
[2025-02-26T16:50:24.541+0000] {subprocess.py:93} INFO - 	at org.apache.hadoop.mapred.MapTask.runOldMapper(MapTask.java:465)
[2025-02-26T16:50:24.542+0000] {subprocess.py:93} INFO - 	at org.apache.hadoop.mapred.MapTask.run(MapTask.java:349)
[2025-02-26T16:50:24.543+0000] {subprocess.py:93} INFO - 	at org.apache.hadoop.mapred.LocalJobRunner$Job$MapTaskRunnable.run(LocalJobRunner.java:271)
[2025-02-26T16:50:24.545+0000] {subprocess.py:93} INFO - 	at java.util.concurrent.Executors$RunnableAdapter.call(Executors.java:511)
[2025-02-26T16:50:24.546+0000] {subprocess.py:93} INFO - 	at java.util.concurrent.FutureTask.run(FutureTask.java:266)
[2025-02-26T16:50:24.546+0000] {subprocess.py:93} INFO - 	at java.util.concurrent.ThreadPoolExecutor.runWorker(ThreadPoolExecutor.java:1149)
[2025-02-26T16:50:24.547+0000] {subprocess.py:93} INFO - 	at java.util.concurrent.ThreadPoolExecutor$Worker.run(ThreadPoolExecutor.java:624)
[2025-02-26T16:50:24.547+0000] {subprocess.py:93} INFO - 	at java.lang.Thread.run(Thread.java:748)
[2025-02-26T16:50:24.548+0000] {subprocess.py:93} INFO - 2025-02-26 16:50:24,531 INFO streaming.PipeMapRed: PipeMapRed failed!
[2025-02-26T16:50:24.549+0000] {subprocess.py:93} INFO - java.lang.RuntimeException: PipeMapRed.waitOutputThreads(): subprocess failed with code 2
[2025-02-26T16:50:24.549+0000] {subprocess.py:93} INFO - 	at org.apache.hadoop.streaming.PipeMapRed.waitOutputThreads(PipeMapRed.java:326)
[2025-02-26T16:50:24.550+0000] {subprocess.py:93} INFO - 	at org.apache.hadoop.streaming.PipeMapRed.mapRedFinished(PipeMapRed.java:539)
[2025-02-26T16:50:24.551+0000] {subprocess.py:93} INFO - 	at org.apache.hadoop.streaming.PipeMapper.close(PipeMapper.java:130)
[2025-02-26T16:50:24.554+0000] {subprocess.py:93} INFO - 	at org.apache.hadoop.mapred.MapRunner.run(MapRunner.java:61)
[2025-02-26T16:50:24.555+0000] {subprocess.py:93} INFO - 	at org.apache.hadoop.streaming.PipeMapRunner.run(PipeMapRunner.java:34)
[2025-02-26T16:50:24.555+0000] {subprocess.py:93} INFO - 	at org.apache.hadoop.mapred.MapTask.runOldMapper(MapTask.java:465)
[2025-02-26T16:50:24.556+0000] {subprocess.py:93} INFO - 	at org.apache.hadoop.mapred.MapTask.run(MapTask.java:349)
[2025-02-26T16:50:24.556+0000] {subprocess.py:93} INFO - 	at org.apache.hadoop.mapred.LocalJobRunner$Job$MapTaskRunnable.run(LocalJobRunner.java:271)
[2025-02-26T16:50:24.557+0000] {subprocess.py:93} INFO - 	at java.util.concurrent.Executors$RunnableAdapter.call(Executors.java:511)
[2025-02-26T16:50:24.561+0000] {subprocess.py:93} INFO - 	at java.util.concurrent.FutureTask.run(FutureTask.java:266)
[2025-02-26T16:50:24.562+0000] {subprocess.py:93} INFO - 	at java.util.concurrent.ThreadPoolExecutor.runWorker(ThreadPoolExecutor.java:1149)
[2025-02-26T16:50:24.563+0000] {subprocess.py:93} INFO - 	at java.util.concurrent.ThreadPoolExecutor$Worker.run(ThreadPoolExecutor.java:624)
[2025-02-26T16:50:24.564+0000] {subprocess.py:93} INFO - 	at java.lang.Thread.run(Thread.java:748)
[2025-02-26T16:50:24.566+0000] {subprocess.py:93} INFO - 2025-02-26 16:50:24,536 INFO mapred.LocalJobRunner: map task executor complete.
[2025-02-26T16:50:24.567+0000] {subprocess.py:93} INFO - 2025-02-26 16:50:24,550 WARN mapred.LocalJobRunner: job_local615831220_0001
[2025-02-26T16:50:24.568+0000] {subprocess.py:93} INFO - java.lang.Exception: java.lang.RuntimeException: PipeMapRed.waitOutputThreads(): subprocess failed with code 2
[2025-02-26T16:50:24.570+0000] {subprocess.py:93} INFO - 	at org.apache.hadoop.mapred.LocalJobRunner$Job.runTasks(LocalJobRunner.java:492)
[2025-02-26T16:50:24.571+0000] {subprocess.py:93} INFO - 	at org.apache.hadoop.mapred.LocalJobRunner$Job.run(LocalJobRunner.java:552)
[2025-02-26T16:50:24.572+0000] {subprocess.py:93} INFO - Caused by: java.lang.RuntimeException: PipeMapRed.waitOutputThreads(): subprocess failed with code 2
[2025-02-26T16:50:24.573+0000] {subprocess.py:93} INFO - 	at org.apache.hadoop.streaming.PipeMapRed.waitOutputThreads(PipeMapRed.java:326)
[2025-02-26T16:50:24.574+0000] {subprocess.py:93} INFO - 	at org.apache.hadoop.streaming.PipeMapRed.mapRedFinished(PipeMapRed.java:539)
[2025-02-26T16:50:24.575+0000] {subprocess.py:93} INFO - 	at org.apache.hadoop.streaming.PipeMapper.close(PipeMapper.java:130)
[2025-02-26T16:50:24.577+0000] {subprocess.py:93} INFO - 	at org.apache.hadoop.mapred.MapRunner.run(MapRunner.java:61)
[2025-02-26T16:50:24.578+0000] {subprocess.py:93} INFO - 	at org.apache.hadoop.streaming.PipeMapRunner.run(PipeMapRunner.java:34)
[2025-02-26T16:50:24.579+0000] {subprocess.py:93} INFO - 	at org.apache.hadoop.mapred.MapTask.runOldMapper(MapTask.java:465)
[2025-02-26T16:50:24.579+0000] {subprocess.py:93} INFO - 	at org.apache.hadoop.mapred.MapTask.run(MapTask.java:349)
[2025-02-26T16:50:24.581+0000] {subprocess.py:93} INFO - 	at org.apache.hadoop.mapred.LocalJobRunner$Job$MapTaskRunnable.run(LocalJobRunner.java:271)
[2025-02-26T16:50:24.582+0000] {subprocess.py:93} INFO - 	at java.util.concurrent.Executors$RunnableAdapter.call(Executors.java:511)
[2025-02-26T16:50:24.583+0000] {subprocess.py:93} INFO - 	at java.util.concurrent.FutureTask.run(FutureTask.java:266)
[2025-02-26T16:50:24.583+0000] {subprocess.py:93} INFO - 	at java.util.concurrent.ThreadPoolExecutor.runWorker(ThreadPoolExecutor.java:1149)
[2025-02-26T16:50:24.584+0000] {subprocess.py:93} INFO - 	at java.util.concurrent.ThreadPoolExecutor$Worker.run(ThreadPoolExecutor.java:624)
[2025-02-26T16:50:24.585+0000] {subprocess.py:93} INFO - 	at java.lang.Thread.run(Thread.java:748)
[2025-02-26T16:50:24.704+0000] {subprocess.py:93} INFO - 2025-02-26 16:50:24,702 INFO mapreduce.Job: Job job_local615831220_0001 running in uber mode : false
[2025-02-26T16:50:24.705+0000] {subprocess.py:93} INFO - 2025-02-26 16:50:24,703 INFO mapreduce.Job:  map 0% reduce 0%
[2025-02-26T16:50:24.709+0000] {subprocess.py:93} INFO - 2025-02-26 16:50:24,706 INFO mapreduce.Job: Job job_local615831220_0001 failed with state FAILED due to: NA
[2025-02-26T16:50:24.725+0000] {subprocess.py:93} INFO - 2025-02-26 16:50:24,716 INFO mapreduce.Job: Counters: 0
[2025-02-26T16:50:24.729+0000] {subprocess.py:93} INFO - 2025-02-26 16:50:24,716 ERROR streaming.StreamJob: Job not successful!
[2025-02-26T16:50:24.731+0000] {subprocess.py:93} INFO - Streaming Command Failed!
[2025-02-26T16:50:25.190+0000] {subprocess.py:97} INFO - Command exited with return code 1
[2025-02-26T16:50:25.211+0000] {taskinstance.py:1943} ERROR - Task failed with exception
Traceback (most recent call last):
  File "/home/airflow/.local/lib/python3.9/site-packages/airflow/operators/bash.py", line 210, in execute
    raise AirflowException(
airflow.exceptions.AirflowException: Bash command failed. The command returned a non-zero exit code 1.
[2025-02-26T16:50:25.217+0000] {taskinstance.py:1400} INFO - Marking task as FAILED. dag_id=crypto_data_processing_mapreduce, task_id=run_mapreduce_job, execution_date=20250226T164512, start_date=20250226T165018, end_date=20250226T165025
[2025-02-26T16:50:25.234+0000] {standard_task_runner.py:104} ERROR - Failed to execute job 16 for task run_mapreduce_job (Bash command failed. The command returned a non-zero exit code 1.; 65997)
[2025-02-26T16:50:25.264+0000] {local_task_job_runner.py:228} INFO - Task exited with return code 1
[2025-02-26T16:50:25.288+0000] {taskinstance.py:2784} INFO - 0 downstream tasks scheduled from follow-on schedule check
