[2025-02-24T11:38:59.028+0000] {taskinstance.py:1159} INFO - Dependencies all met for dep_context=non-requeueable deps ti=<TaskInstance: fetch_crypto_data_and_upload_to_hdfs.upload_to_hdfs manual__2025-02-24T11:33:38.275467+00:00 [queued]>
[2025-02-24T11:38:59.042+0000] {taskinstance.py:1159} INFO - Dependencies all met for dep_context=requeueable deps ti=<TaskInstance: fetch_crypto_data_and_upload_to_hdfs.upload_to_hdfs manual__2025-02-24T11:33:38.275467+00:00 [queued]>
[2025-02-24T11:38:59.043+0000] {taskinstance.py:1361} INFO - Starting attempt 2 of 2
[2025-02-24T11:38:59.060+0000] {taskinstance.py:1382} INFO - Executing <Task(BashOperator): upload_to_hdfs> on 2025-02-24 11:33:38.275467+00:00
[2025-02-24T11:38:59.067+0000] {standard_task_runner.py:57} INFO - Started process 13287 to run task
[2025-02-24T11:38:59.073+0000] {standard_task_runner.py:84} INFO - Running: ['***', 'tasks', 'run', 'fetch_crypto_data_and_upload_to_hdfs', 'upload_to_hdfs', 'manual__2025-02-24T11:33:38.275467+00:00', '--job-id', '10', '--raw', '--subdir', 'DAGS_FOLDER/ingest_data.py', '--cfg-path', '/tmp/tmpkrqd9v5h']
[2025-02-24T11:38:59.078+0000] {standard_task_runner.py:85} INFO - Job 10: Subtask upload_to_hdfs
[2025-02-24T11:38:59.150+0000] {task_command.py:415} INFO - Running <TaskInstance: fetch_crypto_data_and_upload_to_hdfs.upload_to_hdfs manual__2025-02-24T11:33:38.275467+00:00 [running]> on host a57837beda44
[2025-02-24T11:38:59.257+0000] {taskinstance.py:1660} INFO - Exporting env vars: AIRFLOW_CTX_DAG_OWNER='***' AIRFLOW_CTX_DAG_ID='fetch_crypto_data_and_upload_to_hdfs' AIRFLOW_CTX_TASK_ID='upload_to_hdfs' AIRFLOW_CTX_EXECUTION_DATE='2025-02-24T11:33:38.275467+00:00' AIRFLOW_CTX_TRY_NUMBER='2' AIRFLOW_CTX_DAG_RUN_ID='manual__2025-02-24T11:33:38.275467+00:00'
[2025-02-24T11:38:59.260+0000] {subprocess.py:63} INFO - Tmp dir root location: /tmp
[2025-02-24T11:38:59.263+0000] {subprocess.py:75} INFO - Running command: ['/bin/bash', '-c', 'docker cp /tmp/crypto_historical_data.csv namenode:/tmp/crypto_historical_data.csv && docker exec namenode hdfs dfs -put -f /tmp/crypto_historical_data.csv /user/root/crypto_historical_data.csv']
[2025-02-24T11:38:59.280+0000] {subprocess.py:86} INFO - Output:
[2025-02-24T11:39:02.373+0000] {subprocess.py:93} INFO - 2025-02-24 11:39:02,370 INFO sasl.SaslDataTransferClient: SASL encryption trust check: localHostTrusted = false, remoteHostTrusted = false
[2025-02-24T11:39:02.612+0000] {subprocess.py:93} INFO - put: File does not exist: /user/root/crypto_historical_data.csv._COPYING_ (inode 16396) Holder DFSClient_NONMAPREDUCE_-1581487596_1 does not have any open files.
[2025-02-24T11:39:03.088+0000] {subprocess.py:97} INFO - Command exited with return code 1
[2025-02-24T11:39:03.113+0000] {taskinstance.py:1943} ERROR - Task failed with exception
Traceback (most recent call last):
  File "/home/airflow/.local/lib/python3.9/site-packages/airflow/operators/bash.py", line 210, in execute
    raise AirflowException(
airflow.exceptions.AirflowException: Bash command failed. The command returned a non-zero exit code 1.
[2025-02-24T11:39:03.120+0000] {taskinstance.py:1400} INFO - Marking task as FAILED. dag_id=fetch_crypto_data_and_upload_to_hdfs, task_id=upload_to_hdfs, execution_date=20250224T113338, start_date=20250224T113859, end_date=20250224T113903
[2025-02-24T11:39:03.138+0000] {standard_task_runner.py:104} ERROR - Failed to execute job 10 for task upload_to_hdfs (Bash command failed. The command returned a non-zero exit code 1.; 13287)
[2025-02-24T11:39:03.177+0000] {local_task_job_runner.py:228} INFO - Task exited with return code 1
[2025-02-24T11:39:03.204+0000] {taskinstance.py:2784} INFO - 0 downstream tasks scheduled from follow-on schedule check
