[2025-02-24T11:33:52.436+0000] {taskinstance.py:1159} INFO - Dependencies all met for dep_context=non-requeueable deps ti=<TaskInstance: fetch_crypto_data_and_upload_to_hdfs.upload_to_hdfs manual__2025-02-24T11:33:38.275467+00:00 [queued]>
[2025-02-24T11:33:52.453+0000] {taskinstance.py:1159} INFO - Dependencies all met for dep_context=requeueable deps ti=<TaskInstance: fetch_crypto_data_and_upload_to_hdfs.upload_to_hdfs manual__2025-02-24T11:33:38.275467+00:00 [queued]>
[2025-02-24T11:33:52.454+0000] {taskinstance.py:1361} INFO - Starting attempt 1 of 2
[2025-02-24T11:33:52.473+0000] {taskinstance.py:1382} INFO - Executing <Task(BashOperator): upload_to_hdfs> on 2025-02-24 11:33:38.275467+00:00
[2025-02-24T11:33:52.484+0000] {standard_task_runner.py:57} INFO - Started process 7862 to run task
[2025-02-24T11:33:52.488+0000] {standard_task_runner.py:84} INFO - Running: ['***', 'tasks', 'run', 'fetch_crypto_data_and_upload_to_hdfs', 'upload_to_hdfs', 'manual__2025-02-24T11:33:38.275467+00:00', '--job-id', '4', '--raw', '--subdir', 'DAGS_FOLDER/ingest_data.py', '--cfg-path', '/tmp/tmp8zjw4oyg']
[2025-02-24T11:33:52.492+0000] {standard_task_runner.py:85} INFO - Job 4: Subtask upload_to_hdfs
[2025-02-24T11:33:52.576+0000] {task_command.py:415} INFO - Running <TaskInstance: fetch_crypto_data_and_upload_to_hdfs.upload_to_hdfs manual__2025-02-24T11:33:38.275467+00:00 [running]> on host a57837beda44
[2025-02-24T11:33:52.699+0000] {taskinstance.py:1660} INFO - Exporting env vars: AIRFLOW_CTX_DAG_OWNER='***' AIRFLOW_CTX_DAG_ID='fetch_crypto_data_and_upload_to_hdfs' AIRFLOW_CTX_TASK_ID='upload_to_hdfs' AIRFLOW_CTX_EXECUTION_DATE='2025-02-24T11:33:38.275467+00:00' AIRFLOW_CTX_TRY_NUMBER='1' AIRFLOW_CTX_DAG_RUN_ID='manual__2025-02-24T11:33:38.275467+00:00'
[2025-02-24T11:33:52.701+0000] {subprocess.py:63} INFO - Tmp dir root location: /tmp
[2025-02-24T11:33:52.704+0000] {subprocess.py:75} INFO - Running command: ['/bin/bash', '-c', 'docker cp /tmp/crypto_historical_data.csv namenode:/tmp/crypto_historical_data.csv && docker exec namenode hdfs dfs -put -f /tmp/crypto_historical_data.csv /user/hadoop/crypto_historical_data.csv']
[2025-02-24T11:33:52.726+0000] {subprocess.py:86} INFO - Output:
[2025-02-24T11:33:55.914+0000] {subprocess.py:93} INFO - put: `/user/hadoop/crypto_historical_data.csv': No such file or directory: `hdfs://namenode:9000/user/hadoop/crypto_historical_data.csv'
[2025-02-24T11:33:56.429+0000] {subprocess.py:97} INFO - Command exited with return code 1
[2025-02-24T11:33:56.459+0000] {taskinstance.py:1943} ERROR - Task failed with exception
Traceback (most recent call last):
  File "/home/airflow/.local/lib/python3.9/site-packages/airflow/operators/bash.py", line 210, in execute
    raise AirflowException(
airflow.exceptions.AirflowException: Bash command failed. The command returned a non-zero exit code 1.
[2025-02-24T11:33:56.465+0000] {taskinstance.py:1400} INFO - Marking task as UP_FOR_RETRY. dag_id=fetch_crypto_data_and_upload_to_hdfs, task_id=upload_to_hdfs, execution_date=20250224T113338, start_date=20250224T113352, end_date=20250224T113356
[2025-02-24T11:33:56.489+0000] {standard_task_runner.py:104} ERROR - Failed to execute job 4 for task upload_to_hdfs (Bash command failed. The command returned a non-zero exit code 1.; 7862)
[2025-02-24T11:33:56.499+0000] {local_task_job_runner.py:228} INFO - Task exited with return code 1
[2025-02-24T11:33:56.535+0000] {taskinstance.py:2784} INFO - 0 downstream tasks scheduled from follow-on schedule check
