[2025-02-25T16:47:33.307+0000] {taskinstance.py:1159} INFO - Dependencies all met for dep_context=non-requeueable deps ti=<TaskInstance: crypto_data_processing_mapreduce.run_mapreduce_job manual__2025-02-25T16:47:29.713883+00:00 [queued]>
[2025-02-25T16:47:33.322+0000] {taskinstance.py:1159} INFO - Dependencies all met for dep_context=requeueable deps ti=<TaskInstance: crypto_data_processing_mapreduce.run_mapreduce_job manual__2025-02-25T16:47:29.713883+00:00 [queued]>
[2025-02-25T16:47:33.323+0000] {taskinstance.py:1361} INFO - Starting attempt 1 of 2
[2025-02-25T16:47:33.341+0000] {taskinstance.py:1382} INFO - Executing <Task(BashOperator): run_mapreduce_job> on 2025-02-25 16:47:29.713883+00:00
[2025-02-25T16:47:33.350+0000] {standard_task_runner.py:57} INFO - Started process 79636 to run task
[2025-02-25T16:47:33.353+0000] {standard_task_runner.py:84} INFO - Running: ['***', 'tasks', 'run', 'crypto_data_processing_mapreduce', 'run_mapreduce_job', 'manual__2025-02-25T16:47:29.713883+00:00', '--job-id', '12', '--raw', '--subdir', 'DAGS_FOLDER/transform_data.py', '--cfg-path', '/tmp/tmpfo7ce3a_']
[2025-02-25T16:47:33.356+0000] {standard_task_runner.py:85} INFO - Job 12: Subtask run_mapreduce_job
[2025-02-25T16:47:33.431+0000] {task_command.py:415} INFO - Running <TaskInstance: crypto_data_processing_mapreduce.run_mapreduce_job manual__2025-02-25T16:47:29.713883+00:00 [running]> on host 53d736af5afa
[2025-02-25T16:47:33.528+0000] {taskinstance.py:1660} INFO - Exporting env vars: AIRFLOW_CTX_DAG_OWNER='***' AIRFLOW_CTX_DAG_ID='crypto_data_processing_mapreduce' AIRFLOW_CTX_TASK_ID='run_mapreduce_job' AIRFLOW_CTX_EXECUTION_DATE='2025-02-25T16:47:29.713883+00:00' AIRFLOW_CTX_TRY_NUMBER='1' AIRFLOW_CTX_DAG_RUN_ID='manual__2025-02-25T16:47:29.713883+00:00'
[2025-02-25T16:47:33.530+0000] {subprocess.py:63} INFO - Tmp dir root location: /tmp
[2025-02-25T16:47:33.533+0000] {subprocess.py:75} INFO - Running command: ['/bin/bash', '-c', 'docker exec namenode ls']
[2025-02-25T16:47:33.546+0000] {subprocess.py:86} INFO - Output:
[2025-02-25T16:47:33.547+0000] {subprocess.py:93} INFO - /bin/bash: line 1: docker: command not found
[2025-02-25T16:47:33.548+0000] {subprocess.py:97} INFO - Command exited with return code 127
[2025-02-25T16:47:33.570+0000] {taskinstance.py:1943} ERROR - Task failed with exception
Traceback (most recent call last):
  File "/home/airflow/.local/lib/python3.9/site-packages/airflow/operators/bash.py", line 210, in execute
    raise AirflowException(
airflow.exceptions.AirflowException: Bash command failed. The command returned a non-zero exit code 127.
[2025-02-25T16:47:33.575+0000] {taskinstance.py:1400} INFO - Marking task as UP_FOR_RETRY. dag_id=crypto_data_processing_mapreduce, task_id=run_mapreduce_job, execution_date=20250225T164729, start_date=20250225T164733, end_date=20250225T164733
[2025-02-25T16:47:33.592+0000] {standard_task_runner.py:104} ERROR - Failed to execute job 12 for task run_mapreduce_job (Bash command failed. The command returned a non-zero exit code 127.; 79636)
[2025-02-25T16:47:33.608+0000] {local_task_job_runner.py:228} INFO - Task exited with return code 1
[2025-02-25T16:47:33.637+0000] {taskinstance.py:2784} INFO - 0 downstream tasks scheduled from follow-on schedule check
