[2025-02-22T19:38:02.228+0000] {taskinstance.py:1157} INFO - Dependencies all met for dep_context=non-requeueable deps ti=<TaskInstance: coingecko_ingestion_dag.fetch_data scheduled__2025-02-20T00:00:00+00:00 [queued]>
[2025-02-22T19:38:02.246+0000] {taskinstance.py:1157} INFO - Dependencies all met for dep_context=requeueable deps ti=<TaskInstance: coingecko_ingestion_dag.fetch_data scheduled__2025-02-20T00:00:00+00:00 [queued]>
[2025-02-22T19:38:02.247+0000] {taskinstance.py:1359} INFO - Starting attempt 1 of 2
[2025-02-22T19:38:02.294+0000] {taskinstance.py:1380} INFO - Executing <Task(PythonOperator): fetch_data> on 2025-02-20 00:00:00+00:00
[2025-02-22T19:38:02.304+0000] {standard_task_runner.py:57} INFO - Started process 1518 to run task
[2025-02-22T19:38:02.312+0000] {standard_task_runner.py:84} INFO - Running: ['***', 'tasks', 'run', 'coingecko_ingestion_dag', 'fetch_data', 'scheduled__2025-02-20T00:00:00+00:00', '--job-id', '174', '--raw', '--subdir', 'DAGS_FOLDER/ingest_data.py', '--cfg-path', '/tmp/tmp97ryh8i1']
[2025-02-22T19:38:02.319+0000] {standard_task_runner.py:85} INFO - Job 174: Subtask fetch_data
[2025-02-22T19:38:02.449+0000] {task_command.py:415} INFO - Running <TaskInstance: coingecko_ingestion_dag.fetch_data scheduled__2025-02-20T00:00:00+00:00 [running]> on host 972836975d47
[2025-02-22T19:38:02.678+0000] {taskinstance.py:1660} INFO - Exporting env vars: AIRFLOW_CTX_DAG_OWNER='etudiant' AIRFLOW_CTX_DAG_ID='coingecko_ingestion_dag' AIRFLOW_CTX_TASK_ID='fetch_data' AIRFLOW_CTX_EXECUTION_DATE='2025-02-20T00:00:00+00:00' AIRFLOW_CTX_TRY_NUMBER='1' AIRFLOW_CTX_DAG_RUN_ID='scheduled__2025-02-20T00:00:00+00:00'
[2025-02-22T19:38:03.550+0000] {python.py:194} INFO - Done. Returned value was: None
[2025-02-22T19:38:03.579+0000] {taskinstance.py:1398} INFO - Marking task as SUCCESS. dag_id=coingecko_ingestion_dag, task_id=fetch_data, execution_date=20250220T000000, start_date=20250222T193802, end_date=20250222T193803
[2025-02-22T19:38:03.669+0000] {local_task_job_runner.py:228} INFO - Task exited with return code 0
[2025-02-22T19:38:03.743+0000] {taskinstance.py:2776} INFO - 1 downstream tasks scheduled from follow-on schedule check
[2025-02-23T13:37:40.522+0000] {taskinstance.py:1157} INFO - Dependencies all met for dep_context=non-requeueable deps ti=<TaskInstance: coingecko_ingestion_dag.fetch_data scheduled__2025-02-20T00:00:00+00:00 [queued]>
[2025-02-23T13:37:40.559+0000] {taskinstance.py:1157} INFO - Dependencies all met for dep_context=requeueable deps ti=<TaskInstance: coingecko_ingestion_dag.fetch_data scheduled__2025-02-20T00:00:00+00:00 [queued]>
[2025-02-23T13:37:40.561+0000] {taskinstance.py:1359} INFO - Starting attempt 1 of 2
[2025-02-23T13:37:40.604+0000] {taskinstance.py:1380} INFO - Executing <Task(PythonOperator): fetch_data> on 2025-02-20 00:00:00+00:00
[2025-02-23T13:37:40.619+0000] {standard_task_runner.py:57} INFO - Started process 1532 to run task
[2025-02-23T13:37:40.629+0000] {standard_task_runner.py:84} INFO - Running: ['***', 'tasks', 'run', 'coingecko_ingestion_dag', 'fetch_data', 'scheduled__2025-02-20T00:00:00+00:00', '--job-id', '109', '--raw', '--subdir', 'DAGS_FOLDER/ingest_data.py', '--cfg-path', '/tmp/tmpfx5wtran']
[2025-02-23T13:37:40.637+0000] {standard_task_runner.py:85} INFO - Job 109: Subtask fetch_data
[2025-02-23T13:37:40.847+0000] {task_command.py:415} INFO - Running <TaskInstance: coingecko_ingestion_dag.fetch_data scheduled__2025-02-20T00:00:00+00:00 [running]> on host 49036eb7676e
[2025-02-23T13:37:41.046+0000] {taskinstance.py:1660} INFO - Exporting env vars: AIRFLOW_CTX_DAG_OWNER='etudiant' AIRFLOW_CTX_DAG_ID='coingecko_ingestion_dag' AIRFLOW_CTX_TASK_ID='fetch_data' AIRFLOW_CTX_EXECUTION_DATE='2025-02-20T00:00:00+00:00' AIRFLOW_CTX_TRY_NUMBER='1' AIRFLOW_CTX_DAG_RUN_ID='scheduled__2025-02-20T00:00:00+00:00'
[2025-02-23T13:37:41.287+0000] {python.py:194} INFO - Done. Returned value was: None
[2025-02-23T13:37:41.310+0000] {taskinstance.py:1398} INFO - Marking task as SUCCESS. dag_id=coingecko_ingestion_dag, task_id=fetch_data, execution_date=20250220T000000, start_date=20250223T133740, end_date=20250223T133741
[2025-02-23T13:37:41.410+0000] {local_task_job_runner.py:228} INFO - Task exited with return code 0
[2025-02-23T13:37:41.469+0000] {taskinstance.py:2776} INFO - 1 downstream tasks scheduled from follow-on schedule check
