[2025-02-26T17:11:29.756+0000] {taskinstance.py:1159} INFO - Dependencies all met for dep_context=non-requeueable deps ti=<TaskInstance: crypto_data_processing_mapreduce.run_mapreduce_job manual__2025-02-26T17:11:26.160468+00:00 [queued]>
[2025-02-26T17:11:29.770+0000] {taskinstance.py:1159} INFO - Dependencies all met for dep_context=requeueable deps ti=<TaskInstance: crypto_data_processing_mapreduce.run_mapreduce_job manual__2025-02-26T17:11:26.160468+00:00 [queued]>
[2025-02-26T17:11:29.771+0000] {taskinstance.py:1361} INFO - Starting attempt 1 of 2
[2025-02-26T17:11:29.788+0000] {taskinstance.py:1382} INFO - Executing <Task(BashOperator): run_mapreduce_job> on 2025-02-26 17:11:26.160468+00:00
[2025-02-26T17:11:29.794+0000] {standard_task_runner.py:57} INFO - Started process 88352 to run task
[2025-02-26T17:11:29.799+0000] {standard_task_runner.py:84} INFO - Running: ['***', 'tasks', 'run', 'crypto_data_processing_mapreduce', 'run_mapreduce_job', 'manual__2025-02-26T17:11:26.160468+00:00', '--job-id', '20', '--raw', '--subdir', 'DAGS_FOLDER/transform_data.py', '--cfg-path', '/tmp/tmpqnif2tw1']
[2025-02-26T17:11:29.803+0000] {standard_task_runner.py:85} INFO - Job 20: Subtask run_mapreduce_job
[2025-02-26T17:11:29.871+0000] {task_command.py:415} INFO - Running <TaskInstance: crypto_data_processing_mapreduce.run_mapreduce_job manual__2025-02-26T17:11:26.160468+00:00 [running]> on host 8f39f5b11fbf
[2025-02-26T17:11:29.933+0000] {logging_mixin.py:151} WARNING - /home/***/.local/lib/python3.9/site-packages/***/utils/context.py:206 AirflowContextDeprecationWarning: Accessing 'execution_date' from the template is deprecated and will be removed in a future version. Please use 'data_interval_start' or 'logical_date' instead.
[2025-02-26T17:11:29.976+0000] {taskinstance.py:1660} INFO - Exporting env vars: AIRFLOW_CTX_DAG_OWNER='***' AIRFLOW_CTX_DAG_ID='crypto_data_processing_mapreduce' AIRFLOW_CTX_TASK_ID='run_mapreduce_job' AIRFLOW_CTX_EXECUTION_DATE='2025-02-26T17:11:26.160468+00:00' AIRFLOW_CTX_TRY_NUMBER='1' AIRFLOW_CTX_DAG_RUN_ID='manual__2025-02-26T17:11:26.160468+00:00'
[2025-02-26T17:11:29.979+0000] {subprocess.py:63} INFO - Tmp dir root location: /tmp
[2025-02-26T17:11:29.983+0000] {subprocess.py:75} INFO - Running command: ['/bin/bash', '-c', '\n                docker exec namenode bash -c "cd /home &&                 hadoop fs -rm -r /user/root/crypto/processed/YYYY=2025/MM=02/DD=26 || true &&                 hadoop jar /opt/hadoop-3.2.1/share/hadoop/tools/lib/hadoop-streaming-3.2.1.jar                 -input /user/root/crypto/YYYY=2025/MM=02/DD=26/crypto_historical_data.csv                 -output /user/root/crypto/processed/YYYY=2025/MM=02/DD=26                 -mapper \'/usr/bin/python3 /home/mapper.py\'                 -reducer \'/usr/bin/python3 /home/reducer.py\'                 -file /home/mapper.py                 -file /home/reducer.py"\n            ']
[2025-02-26T17:11:29.998+0000] {subprocess.py:86} INFO - Output:
[2025-02-26T17:11:31.828+0000] {subprocess.py:93} INFO - Deleted /user/root/crypto/processed/YYYY=2025/MM=02/DD=26
[2025-02-26T17:11:32.958+0000] {subprocess.py:93} INFO - 2025-02-26 17:11:32,953 WARN streaming.StreamJob: -file option is deprecated, please use generic option -files instead.
[2025-02-26T17:11:33.818+0000] {subprocess.py:93} INFO - packageJobJar: [/home/mapper.py, /home/reducer.py] [] /tmp/streamjob472497803800186444.jar tmpDir=null
[2025-02-26T17:11:34.033+0000] {subprocess.py:93} INFO - 2025-02-26 17:11:34,020 INFO impl.MetricsConfig: Loaded properties from hadoop-metrics2.properties
[2025-02-26T17:11:34.134+0000] {subprocess.py:93} INFO - 2025-02-26 17:11:34,133 INFO impl.MetricsSystemImpl: Scheduled Metric snapshot period at 10 second(s).
[2025-02-26T17:11:34.135+0000] {subprocess.py:93} INFO - 2025-02-26 17:11:34,133 INFO impl.MetricsSystemImpl: JobTracker metrics system started
[2025-02-26T17:11:34.147+0000] {subprocess.py:93} INFO - 2025-02-26 17:11:34,146 WARN impl.MetricsSystemImpl: JobTracker metrics system already initialized!
[2025-02-26T17:11:34.441+0000] {subprocess.py:93} INFO - 2025-02-26 17:11:34,439 INFO mapred.FileInputFormat: Total input files to process : 1
[2025-02-26T17:11:34.476+0000] {subprocess.py:93} INFO - 2025-02-26 17:11:34,475 INFO mapreduce.JobSubmitter: number of splits:1
[2025-02-26T17:11:34.601+0000] {subprocess.py:93} INFO - 2025-02-26 17:11:34,599 INFO mapreduce.JobSubmitter: Submitting tokens for job: job_local1790949662_0001
[2025-02-26T17:11:34.602+0000] {subprocess.py:93} INFO - 2025-02-26 17:11:34,599 INFO mapreduce.JobSubmitter: Executing with tokens: []
[2025-02-26T17:11:34.841+0000] {subprocess.py:93} INFO - 2025-02-26 17:11:34,838 INFO mapred.LocalDistributedCacheManager: Localized file:/home/mapper.py as file:/tmp/hadoop-root/mapred/local/job_local1790949662_0001_18cafe9d-8546-4c0c-ae8c-57b1c258ec2c/mapper.py
[2025-02-26T17:11:34.882+0000] {subprocess.py:93} INFO - 2025-02-26 17:11:34,880 INFO mapred.LocalDistributedCacheManager: Localized file:/home/reducer.py as file:/tmp/hadoop-root/mapred/local/job_local1790949662_0001_207c4b66-f3cd-483d-a9b1-c124398139ca/reducer.py
[2025-02-26T17:11:34.955+0000] {subprocess.py:93} INFO - 2025-02-26 17:11:34,950 INFO mapreduce.Job: The url to track the job: http://localhost:8080/
[2025-02-26T17:11:34.957+0000] {subprocess.py:93} INFO - 2025-02-26 17:11:34,953 INFO mapred.LocalJobRunner: OutputCommitter set in config null
[2025-02-26T17:11:34.958+0000] {subprocess.py:93} INFO - 2025-02-26 17:11:34,955 INFO mapreduce.Job: Running job: job_local1790949662_0001
[2025-02-26T17:11:34.959+0000] {subprocess.py:93} INFO - 2025-02-26 17:11:34,957 INFO mapred.LocalJobRunner: OutputCommitter is org.apache.hadoop.mapred.FileOutputCommitter
[2025-02-26T17:11:34.966+0000] {subprocess.py:93} INFO - 2025-02-26 17:11:34,965 INFO output.FileOutputCommitter: File Output Committer Algorithm version is 2
[2025-02-26T17:11:34.967+0000] {subprocess.py:93} INFO - 2025-02-26 17:11:34,965 INFO output.FileOutputCommitter: FileOutputCommitter skip cleanup _temporary folders under output directory:false, ignore cleanup failures: false
[2025-02-26T17:11:35.026+0000] {subprocess.py:93} INFO - 2025-02-26 17:11:35,024 INFO mapred.LocalJobRunner: Waiting for map tasks
[2025-02-26T17:11:35.030+0000] {subprocess.py:93} INFO - 2025-02-26 17:11:35,029 INFO mapred.LocalJobRunner: Starting task: attempt_local1790949662_0001_m_000000_0
[2025-02-26T17:11:35.058+0000] {subprocess.py:93} INFO - 2025-02-26 17:11:35,055 INFO output.FileOutputCommitter: File Output Committer Algorithm version is 2
[2025-02-26T17:11:35.059+0000] {subprocess.py:93} INFO - 2025-02-26 17:11:35,056 INFO output.FileOutputCommitter: FileOutputCommitter skip cleanup _temporary folders under output directory:false, ignore cleanup failures: false
[2025-02-26T17:11:35.074+0000] {subprocess.py:93} INFO - 2025-02-26 17:11:35,072 INFO mapred.Task:  Using ResourceCalculatorProcessTree : [ ]
[2025-02-26T17:11:35.082+0000] {subprocess.py:93} INFO - 2025-02-26 17:11:35,080 INFO mapred.MapTask: Processing split: hdfs://namenode:9000/user/root/crypto/YYYY=2025/MM=02/DD=26/crypto_historical_data.csv:0+44080
[2025-02-26T17:11:35.102+0000] {subprocess.py:93} INFO - 2025-02-26 17:11:35,101 INFO mapred.MapTask: numReduceTasks: 1
[2025-02-26T17:11:35.400+0000] {subprocess.py:93} INFO - 2025-02-26 17:11:35,398 INFO mapred.MapTask: (EQUATOR) 0 kvi 26214396(104857584)
[2025-02-26T17:11:35.400+0000] {subprocess.py:93} INFO - 2025-02-26 17:11:35,398 INFO mapred.MapTask: mapreduce.task.io.sort.mb: 100
[2025-02-26T17:11:35.401+0000] {subprocess.py:93} INFO - 2025-02-26 17:11:35,398 INFO mapred.MapTask: soft limit at 83886080
[2025-02-26T17:11:35.402+0000] {subprocess.py:93} INFO - 2025-02-26 17:11:35,398 INFO mapred.MapTask: bufstart = 0; bufvoid = 104857600
[2025-02-26T17:11:35.402+0000] {subprocess.py:93} INFO - 2025-02-26 17:11:35,398 INFO mapred.MapTask: kvstart = 26214396; length = 6553600
[2025-02-26T17:11:35.406+0000] {subprocess.py:93} INFO - 2025-02-26 17:11:35,405 INFO mapred.MapTask: Map output collector class = org.apache.hadoop.mapred.MapTask$MapOutputBuffer
[2025-02-26T17:11:35.412+0000] {subprocess.py:93} INFO - 2025-02-26 17:11:35,410 INFO streaming.PipeMapRed: PipeMapRed exec [/usr/bin/python3, /home/mapper.py]
[2025-02-26T17:11:35.421+0000] {subprocess.py:93} INFO - 2025-02-26 17:11:35,419 INFO Configuration.deprecation: mapred.work.output.dir is deprecated. Instead, use mapreduce.task.output.dir
[2025-02-26T17:11:35.422+0000] {subprocess.py:93} INFO - 2025-02-26 17:11:35,420 INFO Configuration.deprecation: map.input.start is deprecated. Instead, use mapreduce.map.input.start
[2025-02-26T17:11:35.424+0000] {subprocess.py:93} INFO - 2025-02-26 17:11:35,423 INFO Configuration.deprecation: mapred.task.is.map is deprecated. Instead, use mapreduce.task.ismap
[2025-02-26T17:11:35.425+0000] {subprocess.py:93} INFO - 2025-02-26 17:11:35,423 INFO Configuration.deprecation: mapred.task.id is deprecated. Instead, use mapreduce.task.attempt.id
[2025-02-26T17:11:35.428+0000] {subprocess.py:93} INFO - 2025-02-26 17:11:35,426 INFO Configuration.deprecation: mapred.tip.id is deprecated. Instead, use mapreduce.task.id
[2025-02-26T17:11:35.430+0000] {subprocess.py:93} INFO - 2025-02-26 17:11:35,426 INFO Configuration.deprecation: mapred.local.dir is deprecated. Instead, use mapreduce.cluster.local.dir
[2025-02-26T17:11:35.431+0000] {subprocess.py:93} INFO - 2025-02-26 17:11:35,427 INFO Configuration.deprecation: map.input.file is deprecated. Instead, use mapreduce.map.input.file
[2025-02-26T17:11:35.432+0000] {subprocess.py:93} INFO - 2025-02-26 17:11:35,430 INFO Configuration.deprecation: mapred.skip.on is deprecated. Instead, use mapreduce.job.skiprecords
[2025-02-26T17:11:35.432+0000] {subprocess.py:93} INFO - 2025-02-26 17:11:35,431 INFO Configuration.deprecation: map.input.length is deprecated. Instead, use mapreduce.map.input.length
[2025-02-26T17:11:35.436+0000] {subprocess.py:93} INFO - 2025-02-26 17:11:35,434 INFO Configuration.deprecation: mapred.job.id is deprecated. Instead, use mapreduce.job.id
[2025-02-26T17:11:35.437+0000] {subprocess.py:93} INFO - 2025-02-26 17:11:35,434 INFO Configuration.deprecation: user.name is deprecated. Instead, use mapreduce.job.user.name
[2025-02-26T17:11:35.437+0000] {subprocess.py:93} INFO - 2025-02-26 17:11:35,435 INFO Configuration.deprecation: mapred.task.partition is deprecated. Instead, use mapreduce.task.partition
[2025-02-26T17:11:35.490+0000] {subprocess.py:93} INFO - 2025-02-26 17:11:35,488 INFO sasl.SaslDataTransferClient: SASL encryption trust check: localHostTrusted = false, remoteHostTrusted = false
[2025-02-26T17:11:35.774+0000] {subprocess.py:93} INFO - 2025-02-26 17:11:35,772 INFO streaming.PipeMapRed: R/W/S=1/0/0 in:NA [rec/s] out:NA [rec/s]
[2025-02-26T17:11:35.775+0000] {subprocess.py:93} INFO - 2025-02-26 17:11:35,773 INFO streaming.PipeMapRed: R/W/S=10/0/0 in:NA [rec/s] out:NA [rec/s]
[2025-02-26T17:11:35.777+0000] {subprocess.py:93} INFO - 2025-02-26 17:11:35,776 INFO streaming.PipeMapRed: R/W/S=100/0/0 in:NA [rec/s] out:NA [rec/s]
[2025-02-26T17:11:35.796+0000] {subprocess.py:93} INFO - 2025-02-26 17:11:35,790 INFO streaming.PipeMapRed: Records R/W=421/1
[2025-02-26T17:11:35.803+0000] {subprocess.py:93} INFO - 2025-02-26 17:11:35,800 INFO streaming.PipeMapRed: MRErrorThread done
[2025-02-26T17:11:35.804+0000] {subprocess.py:93} INFO - 2025-02-26 17:11:35,800 INFO streaming.PipeMapRed: mapRedFinished
[2025-02-26T17:11:35.807+0000] {subprocess.py:93} INFO - 2025-02-26 17:11:35,805 INFO mapred.LocalJobRunner:
[2025-02-26T17:11:35.808+0000] {subprocess.py:93} INFO - 2025-02-26 17:11:35,806 INFO mapred.MapTask: Starting flush of map output
[2025-02-26T17:11:35.809+0000] {subprocess.py:93} INFO - 2025-02-26 17:11:35,806 INFO mapred.MapTask: Spilling map output
[2025-02-26T17:11:35.810+0000] {subprocess.py:93} INFO - 2025-02-26 17:11:35,806 INFO mapred.MapTask: bufstart = 0; bufend = 24941; bufvoid = 104857600
[2025-02-26T17:11:35.811+0000] {subprocess.py:93} INFO - 2025-02-26 17:11:35,806 INFO mapred.MapTask: kvstart = 26214396(104857584); kvend = 26212720(104850880); length = 1677/6553600
[2025-02-26T17:11:35.822+0000] {subprocess.py:93} INFO - 2025-02-26 17:11:35,820 INFO mapred.MapTask: Finished spill 0
[2025-02-26T17:11:35.840+0000] {subprocess.py:93} INFO - 2025-02-26 17:11:35,838 INFO mapred.Task: Task:attempt_local1790949662_0001_m_000000_0 is done. And is in the process of committing
[2025-02-26T17:11:35.845+0000] {subprocess.py:93} INFO - 2025-02-26 17:11:35,843 INFO mapred.LocalJobRunner: Records R/W=421/1
[2025-02-26T17:11:35.845+0000] {subprocess.py:93} INFO - 2025-02-26 17:11:35,843 INFO mapred.Task: Task 'attempt_local1790949662_0001_m_000000_0' done.
[2025-02-26T17:11:35.854+0000] {subprocess.py:93} INFO - 2025-02-26 17:11:35,851 INFO mapred.Task: Final Counters for attempt_local1790949662_0001_m_000000_0: Counters: 23
[2025-02-26T17:11:35.855+0000] {subprocess.py:93} INFO - 	File System Counters
[2025-02-26T17:11:35.856+0000] {subprocess.py:93} INFO - 		FILE: Number of bytes read=3187
[2025-02-26T17:11:35.856+0000] {subprocess.py:93} INFO - 		FILE: Number of bytes written=559326
[2025-02-26T17:11:35.857+0000] {subprocess.py:93} INFO - 		FILE: Number of read operations=0
[2025-02-26T17:11:35.858+0000] {subprocess.py:93} INFO - 		FILE: Number of large read operations=0
[2025-02-26T17:11:35.858+0000] {subprocess.py:93} INFO - 		FILE: Number of write operations=0
[2025-02-26T17:11:35.859+0000] {subprocess.py:93} INFO - 		HDFS: Number of bytes read=44080
[2025-02-26T17:11:35.860+0000] {subprocess.py:93} INFO - 		HDFS: Number of bytes written=0
[2025-02-26T17:11:35.860+0000] {subprocess.py:93} INFO - 		HDFS: Number of read operations=5
[2025-02-26T17:11:35.861+0000] {subprocess.py:93} INFO - 		HDFS: Number of large read operations=0
[2025-02-26T17:11:35.862+0000] {subprocess.py:93} INFO - 		HDFS: Number of write operations=1
[2025-02-26T17:11:35.862+0000] {subprocess.py:93} INFO - 		HDFS: Number of bytes read erasure-coded=0
[2025-02-26T17:11:35.863+0000] {subprocess.py:93} INFO - 	Map-Reduce Framework
[2025-02-26T17:11:35.863+0000] {subprocess.py:93} INFO - 		Map input records=421
[2025-02-26T17:11:35.864+0000] {subprocess.py:93} INFO - 		Map output records=420
[2025-02-26T17:11:35.864+0000] {subprocess.py:93} INFO - 		Map output bytes=24941
[2025-02-26T17:11:35.865+0000] {subprocess.py:93} INFO - 		Map output materialized bytes=25787
[2025-02-26T17:11:35.865+0000] {subprocess.py:93} INFO - 		Input split bytes=138
[2025-02-26T17:11:35.866+0000] {subprocess.py:93} INFO - 		Combine input records=0
[2025-02-26T17:11:35.866+0000] {subprocess.py:93} INFO - 		Spilled Records=420
[2025-02-26T17:11:35.868+0000] {subprocess.py:93} INFO - 		Failed Shuffles=0
[2025-02-26T17:11:35.870+0000] {subprocess.py:93} INFO - 		Merged Map outputs=0
[2025-02-26T17:11:35.871+0000] {subprocess.py:93} INFO - 		GC time elapsed (ms)=31
[2025-02-26T17:11:35.872+0000] {subprocess.py:93} INFO - 		Total committed heap usage (bytes)=292028416
[2025-02-26T17:11:35.873+0000] {subprocess.py:93} INFO - 	File Input Format Counters
[2025-02-26T17:11:35.874+0000] {subprocess.py:93} INFO - 		Bytes Read=44080
[2025-02-26T17:11:35.874+0000] {subprocess.py:93} INFO - 2025-02-26 17:11:35,852 INFO mapred.LocalJobRunner: Finishing task: attempt_local1790949662_0001_m_000000_0
[2025-02-26T17:11:35.875+0000] {subprocess.py:93} INFO - 2025-02-26 17:11:35,852 INFO mapred.LocalJobRunner: map task executor complete.
[2025-02-26T17:11:35.875+0000] {subprocess.py:93} INFO - 2025-02-26 17:11:35,856 INFO mapred.LocalJobRunner: Waiting for reduce tasks
[2025-02-26T17:11:35.876+0000] {subprocess.py:93} INFO - 2025-02-26 17:11:35,857 INFO mapred.LocalJobRunner: Starting task: attempt_local1790949662_0001_r_000000_0
[2025-02-26T17:11:35.876+0000] {subprocess.py:93} INFO - 2025-02-26 17:11:35,870 INFO output.FileOutputCommitter: File Output Committer Algorithm version is 2
[2025-02-26T17:11:35.877+0000] {subprocess.py:93} INFO - 2025-02-26 17:11:35,870 INFO output.FileOutputCommitter: FileOutputCommitter skip cleanup _temporary folders under output directory:false, ignore cleanup failures: false
[2025-02-26T17:11:35.877+0000] {subprocess.py:93} INFO - 2025-02-26 17:11:35,872 INFO mapred.Task:  Using ResourceCalculatorProcessTree : [ ]
[2025-02-26T17:11:35.879+0000] {subprocess.py:93} INFO - 2025-02-26 17:11:35,878 INFO mapred.ReduceTask: Using ShuffleConsumerPlugin: org.apache.hadoop.mapreduce.task.reduce.Shuffle@5de5953b
[2025-02-26T17:11:35.881+0000] {subprocess.py:93} INFO - 2025-02-26 17:11:35,880 WARN impl.MetricsSystemImpl: JobTracker metrics system already initialized!
[2025-02-26T17:11:35.908+0000] {subprocess.py:93} INFO - 2025-02-26 17:11:35,907 INFO reduce.MergeManagerImpl: MergerManager: memoryLimit=1279000576, maxSingleShuffleLimit=319750144, mergeThreshold=844140416, ioSortFactor=10, memToMemMergeOutputsThreshold=10
[2025-02-26T17:11:35.912+0000] {subprocess.py:93} INFO - 2025-02-26 17:11:35,910 INFO reduce.EventFetcher: attempt_local1790949662_0001_r_000000_0 Thread started: EventFetcher for fetching Map Completion Events
[2025-02-26T17:11:35.949+0000] {subprocess.py:93} INFO - 2025-02-26 17:11:35,947 INFO reduce.LocalFetcher: localfetcher#1 about to shuffle output of map attempt_local1790949662_0001_m_000000_0 decomp: 25783 len: 25787 to MEMORY
[2025-02-26T17:11:35.956+0000] {subprocess.py:93} INFO - 2025-02-26 17:11:35,953 INFO reduce.InMemoryMapOutput: Read 25783 bytes from map-output for attempt_local1790949662_0001_m_000000_0
[2025-02-26T17:11:35.959+0000] {subprocess.py:93} INFO - 2025-02-26 17:11:35,957 INFO reduce.MergeManagerImpl: closeInMemoryFile -> map-output of size: 25783, inMemoryMapOutputs.size() -> 1, commitMemory -> 0, usedMemory ->25783
[2025-02-26T17:11:35.962+0000] {subprocess.py:93} INFO - 2025-02-26 17:11:35,960 INFO reduce.EventFetcher: EventFetcher is interrupted.. Returning
[2025-02-26T17:11:35.963+0000] {subprocess.py:93} INFO - 2025-02-26 17:11:35,962 INFO mapred.LocalJobRunner: 1 / 1 copied.
[2025-02-26T17:11:35.964+0000] {subprocess.py:93} INFO - 2025-02-26 17:11:35,962 INFO reduce.MergeManagerImpl: finalMerge called with 1 in-memory map-outputs and 0 on-disk map-outputs
[2025-02-26T17:11:35.967+0000] {subprocess.py:93} INFO - 2025-02-26 17:11:35,966 INFO mapreduce.Job: Job job_local1790949662_0001 running in uber mode : false
[2025-02-26T17:11:35.970+0000] {subprocess.py:93} INFO - 2025-02-26 17:11:35,967 INFO mapreduce.Job:  map 100% reduce 0%
[2025-02-26T17:11:35.976+0000] {subprocess.py:93} INFO - 2025-02-26 17:11:35,974 INFO mapred.Merger: Merging 1 sorted segments
[2025-02-26T17:11:35.977+0000] {subprocess.py:93} INFO - 2025-02-26 17:11:35,974 INFO mapred.Merger: Down to the last merge-pass, with 1 segments left of total size: 25773 bytes
[2025-02-26T17:11:35.982+0000] {subprocess.py:93} INFO - 2025-02-26 17:11:35,980 INFO reduce.MergeManagerImpl: Merged 1 segments, 25783 bytes to disk to satisfy reduce memory limit
[2025-02-26T17:11:35.984+0000] {subprocess.py:93} INFO - 2025-02-26 17:11:35,981 INFO reduce.MergeManagerImpl: Merging 1 files, 25787 bytes from disk
[2025-02-26T17:11:35.985+0000] {subprocess.py:93} INFO - 2025-02-26 17:11:35,982 INFO reduce.MergeManagerImpl: Merging 0 segments, 0 bytes from memory into reduce
[2025-02-26T17:11:35.987+0000] {subprocess.py:93} INFO - 2025-02-26 17:11:35,982 INFO mapred.Merger: Merging 1 sorted segments
[2025-02-26T17:11:35.989+0000] {subprocess.py:93} INFO - 2025-02-26 17:11:35,984 INFO mapred.Merger: Down to the last merge-pass, with 1 segments left of total size: 25773 bytes
[2025-02-26T17:11:35.990+0000] {subprocess.py:93} INFO - 2025-02-26 17:11:35,984 INFO mapred.LocalJobRunner: 1 / 1 copied.
[2025-02-26T17:11:35.990+0000] {subprocess.py:93} INFO - 2025-02-26 17:11:35,987 INFO streaming.PipeMapRed: PipeMapRed exec [/usr/bin/python3, /home/reducer.py]
[2025-02-26T17:11:35.993+0000] {subprocess.py:93} INFO - 2025-02-26 17:11:35,992 INFO Configuration.deprecation: mapred.job.tracker is deprecated. Instead, use mapreduce.jobtracker.address
[2025-02-26T17:11:35.995+0000] {subprocess.py:93} INFO - 2025-02-26 17:11:35,993 INFO Configuration.deprecation: mapred.map.tasks is deprecated. Instead, use mapreduce.job.maps
[2025-02-26T17:11:36.070+0000] {subprocess.py:93} INFO - 2025-02-26 17:11:36,068 INFO streaming.PipeMapRed: R/W/S=1/0/0 in:NA [rec/s] out:NA [rec/s]
[2025-02-26T17:11:36.073+0000] {subprocess.py:93} INFO - 2025-02-26 17:11:36,068 INFO streaming.PipeMapRed: R/W/S=10/0/0 in:NA [rec/s] out:NA [rec/s]
[2025-02-26T17:11:36.074+0000] {subprocess.py:93} INFO - 2025-02-26 17:11:36,070 INFO streaming.PipeMapRed: R/W/S=100/0/0 in:NA [rec/s] out:NA [rec/s]
[2025-02-26T17:11:36.086+0000] {subprocess.py:93} INFO - 2025-02-26 17:11:36,080 INFO streaming.PipeMapRed: Records R/W=420/1
[2025-02-26T17:11:36.087+0000] {subprocess.py:93} INFO - 2025-02-26 17:11:36,085 INFO streaming.PipeMapRed: MRErrorThread done
[2025-02-26T17:11:36.088+0000] {subprocess.py:93} INFO - 2025-02-26 17:11:36,086 INFO streaming.PipeMapRed: mapRedFinished
[2025-02-26T17:11:36.151+0000] {subprocess.py:93} INFO - 2025-02-26 17:11:36,148 INFO sasl.SaslDataTransferClient: SASL encryption trust check: localHostTrusted = false, remoteHostTrusted = false
[2025-02-26T17:11:36.731+0000] {subprocess.py:93} INFO - 2025-02-26 17:11:36,729 INFO mapred.Task: Task:attempt_local1790949662_0001_r_000000_0 is done. And is in the process of committing
[2025-02-26T17:11:36.735+0000] {subprocess.py:93} INFO - 2025-02-26 17:11:36,733 INFO mapred.LocalJobRunner: 1 / 1 copied.
[2025-02-26T17:11:36.735+0000] {subprocess.py:93} INFO - 2025-02-26 17:11:36,733 INFO mapred.Task: Task attempt_local1790949662_0001_r_000000_0 is allowed to commit now
[2025-02-26T17:11:36.778+0000] {subprocess.py:93} INFO - 2025-02-26 17:11:36,776 INFO output.FileOutputCommitter: Saved output of task 'attempt_local1790949662_0001_r_000000_0' to hdfs://namenode:9000/user/root/crypto/processed/YYYY=2025/MM=02/DD=26
[2025-02-26T17:11:36.779+0000] {subprocess.py:93} INFO - 2025-02-26 17:11:36,777 INFO mapred.LocalJobRunner: Records R/W=420/1 > reduce
[2025-02-26T17:11:36.780+0000] {subprocess.py:93} INFO - 2025-02-26 17:11:36,777 INFO mapred.Task: Task 'attempt_local1790949662_0001_r_000000_0' done.
[2025-02-26T17:11:36.780+0000] {subprocess.py:93} INFO - 2025-02-26 17:11:36,777 INFO mapred.Task: Final Counters for attempt_local1790949662_0001_r_000000_0: Counters: 30
[2025-02-26T17:11:36.781+0000] {subprocess.py:93} INFO - 	File System Counters
[2025-02-26T17:11:36.781+0000] {subprocess.py:93} INFO - 		FILE: Number of bytes read=54793
[2025-02-26T17:11:36.782+0000] {subprocess.py:93} INFO - 		FILE: Number of bytes written=585113
[2025-02-26T17:11:36.783+0000] {subprocess.py:93} INFO - 		FILE: Number of read operations=0
[2025-02-26T17:11:36.784+0000] {subprocess.py:93} INFO - 		FILE: Number of large read operations=0
[2025-02-26T17:11:36.785+0000] {subprocess.py:93} INFO - 		FILE: Number of write operations=0
[2025-02-26T17:11:36.785+0000] {subprocess.py:93} INFO - 		HDFS: Number of bytes read=44080
[2025-02-26T17:11:36.786+0000] {subprocess.py:93} INFO - 		HDFS: Number of bytes written=1394
[2025-02-26T17:11:36.787+0000] {subprocess.py:93} INFO - 		HDFS: Number of read operations=10
[2025-02-26T17:11:36.787+0000] {subprocess.py:93} INFO - 		HDFS: Number of large read operations=0
[2025-02-26T17:11:36.788+0000] {subprocess.py:93} INFO - 		HDFS: Number of write operations=3
[2025-02-26T17:11:36.788+0000] {subprocess.py:93} INFO - 		HDFS: Number of bytes read erasure-coded=0
[2025-02-26T17:11:36.789+0000] {subprocess.py:93} INFO - 	Map-Reduce Framework
[2025-02-26T17:11:36.790+0000] {subprocess.py:93} INFO - 		Combine input records=0
[2025-02-26T17:11:36.790+0000] {subprocess.py:93} INFO - 		Combine output records=0
[2025-02-26T17:11:36.791+0000] {subprocess.py:93} INFO - 		Reduce input groups=14
[2025-02-26T17:11:36.791+0000] {subprocess.py:93} INFO - 		Reduce shuffle bytes=25787
[2025-02-26T17:11:36.792+0000] {subprocess.py:93} INFO - 		Reduce input records=420
[2025-02-26T17:11:36.792+0000] {subprocess.py:93} INFO - 		Reduce output records=14
[2025-02-26T17:11:36.793+0000] {subprocess.py:93} INFO - 		Spilled Records=420
[2025-02-26T17:11:36.793+0000] {subprocess.py:93} INFO - 		Shuffled Maps =1
[2025-02-26T17:11:36.794+0000] {subprocess.py:93} INFO - 		Failed Shuffles=0
[2025-02-26T17:11:36.794+0000] {subprocess.py:93} INFO - 		Merged Map outputs=1
[2025-02-26T17:11:36.795+0000] {subprocess.py:93} INFO - 		GC time elapsed (ms)=0
[2025-02-26T17:11:36.795+0000] {subprocess.py:93} INFO - 		Total committed heap usage (bytes)=292028416
[2025-02-26T17:11:36.796+0000] {subprocess.py:93} INFO - 	Shuffle Errors
[2025-02-26T17:11:36.796+0000] {subprocess.py:93} INFO - 		BAD_ID=0
[2025-02-26T17:11:36.797+0000] {subprocess.py:93} INFO - 		CONNECTION=0
[2025-02-26T17:11:36.797+0000] {subprocess.py:93} INFO - 		IO_ERROR=0
[2025-02-26T17:11:36.798+0000] {subprocess.py:93} INFO - 		WRONG_LENGTH=0
[2025-02-26T17:11:36.798+0000] {subprocess.py:93} INFO - 		WRONG_MAP=0
[2025-02-26T17:11:36.798+0000] {subprocess.py:93} INFO - 		WRONG_REDUCE=0
[2025-02-26T17:11:36.799+0000] {subprocess.py:93} INFO - 	File Output Format Counters
[2025-02-26T17:11:36.799+0000] {subprocess.py:93} INFO - 		Bytes Written=1394
[2025-02-26T17:11:36.800+0000] {subprocess.py:93} INFO - 2025-02-26 17:11:36,777 INFO mapred.LocalJobRunner: Finishing task: attempt_local1790949662_0001_r_000000_0
[2025-02-26T17:11:36.801+0000] {subprocess.py:93} INFO - 2025-02-26 17:11:36,778 INFO mapred.LocalJobRunner: reduce task executor complete.
[2025-02-26T17:11:36.972+0000] {subprocess.py:93} INFO - 2025-02-26 17:11:36,969 INFO mapreduce.Job:  map 100% reduce 100%
[2025-02-26T17:11:36.978+0000] {subprocess.py:93} INFO - 2025-02-26 17:11:36,971 INFO mapreduce.Job: Job job_local1790949662_0001 completed successfully
[2025-02-26T17:11:36.990+0000] {subprocess.py:93} INFO - 2025-02-26 17:11:36,988 INFO mapreduce.Job: Counters: 36
[2025-02-26T17:11:36.991+0000] {subprocess.py:93} INFO - 	File System Counters
[2025-02-26T17:11:36.992+0000] {subprocess.py:93} INFO - 		FILE: Number of bytes read=57980
[2025-02-26T17:11:36.993+0000] {subprocess.py:93} INFO - 		FILE: Number of bytes written=1144439
[2025-02-26T17:11:36.994+0000] {subprocess.py:93} INFO - 		FILE: Number of read operations=0
[2025-02-26T17:11:36.994+0000] {subprocess.py:93} INFO - 		FILE: Number of large read operations=0
[2025-02-26T17:11:36.995+0000] {subprocess.py:93} INFO - 		FILE: Number of write operations=0
[2025-02-26T17:11:36.996+0000] {subprocess.py:93} INFO - 		HDFS: Number of bytes read=88160
[2025-02-26T17:11:36.996+0000] {subprocess.py:93} INFO - 		HDFS: Number of bytes written=1394
[2025-02-26T17:11:36.997+0000] {subprocess.py:93} INFO - 		HDFS: Number of read operations=15
[2025-02-26T17:11:36.997+0000] {subprocess.py:93} INFO - 		HDFS: Number of large read operations=0
[2025-02-26T17:11:36.998+0000] {subprocess.py:93} INFO - 		HDFS: Number of write operations=4
[2025-02-26T17:11:36.998+0000] {subprocess.py:93} INFO - 		HDFS: Number of bytes read erasure-coded=0
[2025-02-26T17:11:36.999+0000] {subprocess.py:93} INFO - 	Map-Reduce Framework
[2025-02-26T17:11:37.000+0000] {subprocess.py:93} INFO - 		Map input records=421
[2025-02-26T17:11:37.000+0000] {subprocess.py:93} INFO - 		Map output records=420
[2025-02-26T17:11:37.001+0000] {subprocess.py:93} INFO - 		Map output bytes=24941
[2025-02-26T17:11:37.001+0000] {subprocess.py:93} INFO - 		Map output materialized bytes=25787
[2025-02-26T17:11:37.002+0000] {subprocess.py:93} INFO - 		Input split bytes=138
[2025-02-26T17:11:37.002+0000] {subprocess.py:93} INFO - 		Combine input records=0
[2025-02-26T17:11:37.003+0000] {subprocess.py:93} INFO - 		Combine output records=0
[2025-02-26T17:11:37.004+0000] {subprocess.py:93} INFO - 		Reduce input groups=14
[2025-02-26T17:11:37.005+0000] {subprocess.py:93} INFO - 		Reduce shuffle bytes=25787
[2025-02-26T17:11:37.006+0000] {subprocess.py:93} INFO - 		Reduce input records=420
[2025-02-26T17:11:37.007+0000] {subprocess.py:93} INFO - 		Reduce output records=14
[2025-02-26T17:11:37.007+0000] {subprocess.py:93} INFO - 		Spilled Records=840
[2025-02-26T17:11:37.008+0000] {subprocess.py:93} INFO - 		Shuffled Maps =1
[2025-02-26T17:11:37.008+0000] {subprocess.py:93} INFO - 		Failed Shuffles=0
[2025-02-26T17:11:37.009+0000] {subprocess.py:93} INFO - 		Merged Map outputs=1
[2025-02-26T17:11:37.010+0000] {subprocess.py:93} INFO - 		GC time elapsed (ms)=31
[2025-02-26T17:11:37.010+0000] {subprocess.py:93} INFO - 		Total committed heap usage (bytes)=584056832
[2025-02-26T17:11:37.011+0000] {subprocess.py:93} INFO - 	Shuffle Errors
[2025-02-26T17:11:37.012+0000] {subprocess.py:93} INFO - 		BAD_ID=0
[2025-02-26T17:11:37.012+0000] {subprocess.py:93} INFO - 		CONNECTION=0
[2025-02-26T17:11:37.013+0000] {subprocess.py:93} INFO - 		IO_ERROR=0
[2025-02-26T17:11:37.014+0000] {subprocess.py:93} INFO - 		WRONG_LENGTH=0
[2025-02-26T17:11:37.014+0000] {subprocess.py:93} INFO - 		WRONG_MAP=0
[2025-02-26T17:11:37.015+0000] {subprocess.py:93} INFO - 		WRONG_REDUCE=0
[2025-02-26T17:11:37.016+0000] {subprocess.py:93} INFO - 	File Input Format Counters
[2025-02-26T17:11:37.016+0000] {subprocess.py:93} INFO - 		Bytes Read=44080
[2025-02-26T17:11:37.017+0000] {subprocess.py:93} INFO - 	File Output Format Counters
[2025-02-26T17:11:37.017+0000] {subprocess.py:93} INFO - 		Bytes Written=1394
[2025-02-26T17:11:37.018+0000] {subprocess.py:93} INFO - 2025-02-26 17:11:36,988 INFO streaming.StreamJob: Output directory: /user/root/crypto/processed/YYYY=2025/MM=02/DD=26
[2025-02-26T17:11:37.490+0000] {subprocess.py:97} INFO - Command exited with return code 0
[2025-02-26T17:11:37.541+0000] {taskinstance.py:1400} INFO - Marking task as SUCCESS. dag_id=crypto_data_processing_mapreduce, task_id=run_mapreduce_job, execution_date=20250226T171126, start_date=20250226T171129, end_date=20250226T171137
[2025-02-26T17:11:37.605+0000] {local_task_job_runner.py:228} INFO - Task exited with return code 0
[2025-02-26T17:11:37.628+0000] {taskinstance.py:2784} INFO - 0 downstream tasks scheduled from follow-on schedule check
