[2025-02-25T14:41:37.891+0000] {taskinstance.py:1159} INFO - Dependencies all met for dep_context=non-requeueable deps ti=<TaskInstance: crypto_data_processing_pyspark.process_data_with_pyspark manual__2025-02-25T14:36:33.049208+00:00 [queued]>
[2025-02-25T14:41:37.904+0000] {taskinstance.py:1159} INFO - Dependencies all met for dep_context=requeueable deps ti=<TaskInstance: crypto_data_processing_pyspark.process_data_with_pyspark manual__2025-02-25T14:36:33.049208+00:00 [queued]>
[2025-02-25T14:41:37.905+0000] {taskinstance.py:1361} INFO - Starting attempt 2 of 2
[2025-02-25T14:41:37.923+0000] {taskinstance.py:1382} INFO - Executing <Task(PythonOperator): process_data_with_pyspark> on 2025-02-25 14:36:33.049208+00:00
[2025-02-25T14:41:37.930+0000] {standard_task_runner.py:57} INFO - Started process 29700 to run task
[2025-02-25T14:41:37.934+0000] {standard_task_runner.py:84} INFO - Running: ['***', 'tasks', 'run', 'crypto_data_processing_pyspark', 'process_data_with_pyspark', 'manual__2025-02-25T14:36:33.049208+00:00', '--job-id', '7', '--raw', '--subdir', 'DAGS_FOLDER/transform_data.py', '--cfg-path', '/tmp/tmprxr1z6xl']
[2025-02-25T14:41:37.938+0000] {standard_task_runner.py:85} INFO - Job 7: Subtask process_data_with_pyspark
[2025-02-25T14:41:38.016+0000] {task_command.py:415} INFO - Running <TaskInstance: crypto_data_processing_pyspark.process_data_with_pyspark manual__2025-02-25T14:36:33.049208+00:00 [running]> on host fed06f611354
[2025-02-25T14:41:38.132+0000] {taskinstance.py:1660} INFO - Exporting env vars: AIRFLOW_CTX_DAG_OWNER='***' AIRFLOW_CTX_DAG_ID='crypto_data_processing_pyspark' AIRFLOW_CTX_TASK_ID='process_data_with_pyspark' AIRFLOW_CTX_EXECUTION_DATE='2025-02-25T14:36:33.049208+00:00' AIRFLOW_CTX_TRY_NUMBER='2' AIRFLOW_CTX_DAG_RUN_ID='manual__2025-02-25T14:36:33.049208+00:00'
[2025-02-25T14:41:38.253+0000] {taskinstance.py:1943} ERROR - Task failed with exception
Traceback (most recent call last):
  File "/home/airflow/.local/lib/python3.9/site-packages/airflow/operators/python.py", line 192, in execute
    return_value = self.execute_callable()
  File "/home/airflow/.local/lib/python3.9/site-packages/airflow/operators/python.py", line 209, in execute_callable
    return self.python_callable(*self.op_args, **self.op_kwargs)
  File "/opt/airflow/dags/transform_data.py", line 153, in run_pyspark_job
    raise Exception(f"PySpark job failed: {result.stderr}")
Exception: PySpark job failed: 
[2025-02-25T14:41:38.272+0000] {taskinstance.py:1400} INFO - Marking task as FAILED. dag_id=crypto_data_processing_pyspark, task_id=process_data_with_pyspark, execution_date=20250225T143633, start_date=20250225T144137, end_date=20250225T144138
[2025-02-25T14:41:38.294+0000] {standard_task_runner.py:104} ERROR - Failed to execute job 7 for task process_data_with_pyspark (PySpark job failed: ; 29700)
[2025-02-25T14:41:38.308+0000] {local_task_job_runner.py:228} INFO - Task exited with return code 1
[2025-02-25T14:41:38.339+0000] {taskinstance.py:2784} INFO - 0 downstream tasks scheduled from follow-on schedule check
