[2025-02-26T19:53:39.898+0000] {taskinstance.py:1159} INFO - Dependencies all met for dep_context=non-requeueable deps ti=<TaskInstance: load_to_habase.run_mapreduce_job manual__2025-02-26T19:53:35.081788+00:00 [queued]>
[2025-02-26T19:53:39.916+0000] {taskinstance.py:1159} INFO - Dependencies all met for dep_context=requeueable deps ti=<TaskInstance: load_to_habase.run_mapreduce_job manual__2025-02-26T19:53:35.081788+00:00 [queued]>
[2025-02-26T19:53:39.917+0000] {taskinstance.py:1361} INFO - Starting attempt 1 of 2
[2025-02-26T19:53:39.946+0000] {taskinstance.py:1382} INFO - Executing <Task(BashOperator): run_mapreduce_job> on 2025-02-26 19:53:35.081788+00:00
[2025-02-26T19:53:39.958+0000] {standard_task_runner.py:57} INFO - Started process 12713 to run task
[2025-02-26T19:53:39.963+0000] {standard_task_runner.py:84} INFO - Running: ['***', 'tasks', 'run', 'load_to_habase', 'run_mapreduce_job', 'manual__2025-02-26T19:53:35.081788+00:00', '--job-id', '23', '--raw', '--subdir', 'DAGS_FOLDER/load_data.py', '--cfg-path', '/tmp/tmpxzplbny7']
[2025-02-26T19:53:39.967+0000] {standard_task_runner.py:85} INFO - Job 23: Subtask run_mapreduce_job
[2025-02-26T19:53:40.160+0000] {task_command.py:415} INFO - Running <TaskInstance: load_to_habase.run_mapreduce_job manual__2025-02-26T19:53:35.081788+00:00 [running]> on host 8d9ab8d4ded3
[2025-02-26T19:53:40.364+0000] {logging_mixin.py:151} WARNING - /home/***/.local/lib/python3.9/site-packages/***/utils/context.py:206 AirflowContextDeprecationWarning: Accessing 'execution_date' from the template is deprecated and will be removed in a future version. Please use 'data_interval_start' or 'logical_date' instead.
[2025-02-26T19:53:40.525+0000] {taskinstance.py:1660} INFO - Exporting env vars: AIRFLOW_CTX_DAG_OWNER='***' AIRFLOW_CTX_DAG_ID='load_to_habase' AIRFLOW_CTX_TASK_ID='run_mapreduce_job' AIRFLOW_CTX_EXECUTION_DATE='2025-02-26T19:53:35.081788+00:00' AIRFLOW_CTX_TRY_NUMBER='1' AIRFLOW_CTX_DAG_RUN_ID='manual__2025-02-26T19:53:35.081788+00:00'
[2025-02-26T19:53:40.548+0000] {subprocess.py:63} INFO - Tmp dir root location: /tmp
[2025-02-26T19:53:40.611+0000] {subprocess.py:75} INFO - Running command: ['/bin/bash', '-c', '\n            docker exec namenode bash -c "cd /home &&             hadoop fs -rm -r /user/root/crypto/processed/YYYY=2025/MM=02/DD=26 || true &&             hadoop jar /opt/hadoop-3.2.1/share/hadoop/tools/lib/hadoop-streaming-3.2.1.jar             -input /user/root/crypto/YYYY=2025/MM=02/DD=26/crypto_historical_data.csv             -output /user/root/crypto/processed/YYYY=2025/MM=02/DD=26             -mapper \'/usr/bin/python3 /home/mapper.py\'             -reducer \'/usr/bin/python3 /home/reducer.py\'             -file /home/mapper.py             -file /home/reducer.py"\n        ']
[2025-02-26T19:53:40.656+0000] {subprocess.py:86} INFO - Output:
[2025-02-26T19:53:45.836+0000] {subprocess.py:93} INFO - Deleted /user/root/crypto/processed/YYYY=2025/MM=02/DD=26
[2025-02-26T19:53:47.504+0000] {subprocess.py:93} INFO - 2025-02-26 19:53:47,497 WARN streaming.StreamJob: -file option is deprecated, please use generic option -files instead.
[2025-02-26T19:53:49.235+0000] {subprocess.py:93} INFO - packageJobJar: [/home/mapper.py, /home/reducer.py] [] /tmp/streamjob8851545346847388072.jar tmpDir=null
[2025-02-26T19:53:49.526+0000] {subprocess.py:93} INFO - 2025-02-26 19:53:49,524 INFO impl.MetricsConfig: Loaded properties from hadoop-metrics2.properties
[2025-02-26T19:53:49.309+0000] {subprocess.py:93} INFO - 2025-02-26 19:53:49,304 INFO impl.MetricsSystemImpl: Scheduled Metric snapshot period at 10 second(s).
[2025-02-26T19:53:49.310+0000] {subprocess.py:93} INFO - 2025-02-26 19:53:49,304 INFO impl.MetricsSystemImpl: JobTracker metrics system started
[2025-02-26T19:53:49.335+0000] {subprocess.py:93} INFO - 2025-02-26 19:53:49,334 WARN impl.MetricsSystemImpl: JobTracker metrics system already initialized!
[2025-02-26T19:53:49.322+0000] {subprocess.py:93} INFO - 2025-02-26 19:53:49,320 INFO mapred.FileInputFormat: Total input files to process : 1
[2025-02-26T19:53:49.443+0000] {subprocess.py:93} INFO - 2025-02-26 19:53:49,440 INFO mapreduce.JobSubmitter: number of splits:1
[2025-02-26T19:53:49.700+0000] {subprocess.py:93} INFO - 2025-02-26 19:53:49,698 INFO mapreduce.JobSubmitter: Submitting tokens for job: job_local1718489103_0001
[2025-02-26T19:53:49.702+0000] {subprocess.py:93} INFO - 2025-02-26 19:53:49,699 INFO mapreduce.JobSubmitter: Executing with tokens: []
[2025-02-26T19:53:50.457+0000] {subprocess.py:93} INFO - 2025-02-26 19:53:50,456 INFO mapred.LocalDistributedCacheManager: Localized file:/home/mapper.py as file:/tmp/hadoop-root/mapred/local/job_local1718489103_0001_a0b50916-66d9-4a10-a5d6-37bf04ef1567/mapper.py
[2025-02-26T19:53:50.469+0000] {subprocess.py:93} INFO - 2025-02-26 19:53:50,465 WARN concurrent.ExecutorHelper: Execution exception when running task in LocalDistributedCacheManager Downloader #1
[2025-02-26T19:53:50.471+0000] {subprocess.py:93} INFO - 2025-02-26 19:53:50,465 INFO mapreduce.JobSubmitter: Cleaning up the staging area file:/tmp/hadoop/mapred/staging/root1718489103/.staging/job_local1718489103_0001
[2025-02-26T19:53:50.474+0000] {subprocess.py:93} INFO - 2025-02-26 19:53:50,468 WARN concurrent.ExecutorHelper: Caught exception in thread LocalDistributedCacheManager Downloader #1:
[2025-02-26T19:53:50.475+0000] {subprocess.py:93} INFO - java.io.IOException: Resource file:/home/reducer.py changed on src filesystem (expected 1740599628000, was 1740599630000
[2025-02-26T19:53:50.475+0000] {subprocess.py:93} INFO - 	at org.apache.hadoop.yarn.util.FSDownload.verifyAndCopy(FSDownload.java:273)
[2025-02-26T19:53:50.476+0000] {subprocess.py:93} INFO - 	at org.apache.hadoop.yarn.util.FSDownload.access$000(FSDownload.java:67)
[2025-02-26T19:53:50.477+0000] {subprocess.py:93} INFO - 	at org.apache.hadoop.yarn.util.FSDownload$2.run(FSDownload.java:414)
[2025-02-26T19:53:50.478+0000] {subprocess.py:93} INFO - 	at org.apache.hadoop.yarn.util.FSDownload$2.run(FSDownload.java:411)
[2025-02-26T19:53:50.479+0000] {subprocess.py:93} INFO - 	at java.security.AccessController.doPrivileged(Native Method)
[2025-02-26T19:53:50.480+0000] {subprocess.py:93} INFO - 	at javax.security.auth.Subject.doAs(Subject.java:422)
[2025-02-26T19:53:50.481+0000] {subprocess.py:93} INFO - 	at org.apache.hadoop.security.UserGroupInformation.doAs(UserGroupInformation.java:1730)
[2025-02-26T19:53:50.482+0000] {subprocess.py:93} INFO - 	at org.apache.hadoop.yarn.util.FSDownload.call(FSDownload.java:411)
[2025-02-26T19:53:50.482+0000] {subprocess.py:93} INFO - 	at org.apache.hadoop.yarn.util.FSDownload.call(FSDownload.java:66)
[2025-02-26T19:53:50.483+0000] {subprocess.py:93} INFO - 	at java.util.concurrent.FutureTask.run(FutureTask.java:266)
[2025-02-26T19:53:50.483+0000] {subprocess.py:93} INFO - 	at java.util.concurrent.ThreadPoolExecutor.runWorker(ThreadPoolExecutor.java:1149)
[2025-02-26T19:53:50.486+0000] {subprocess.py:93} INFO - 	at java.util.concurrent.ThreadPoolExecutor$Worker.run(ThreadPoolExecutor.java:624)
[2025-02-26T19:53:50.488+0000] {subprocess.py:93} INFO - 	at java.lang.Thread.run(Thread.java:748)
[2025-02-26T19:53:50.489+0000] {subprocess.py:93} INFO - 2025-02-26 19:53:50,477 ERROR streaming.StreamJob: Error Launching job : java.util.concurrent.ExecutionException: java.io.IOException: Resource file:/home/reducer.py changed on src filesystem (expected 1740599628000, was 1740599630000
[2025-02-26T19:53:50.491+0000] {subprocess.py:93} INFO - Streaming Command Failed!
[2025-02-26T19:53:51.032+0000] {subprocess.py:97} INFO - Command exited with return code 5
[2025-02-26T19:53:51.079+0000] {taskinstance.py:1943} ERROR - Task failed with exception
Traceback (most recent call last):
  File "/home/airflow/.local/lib/python3.9/site-packages/airflow/operators/bash.py", line 210, in execute
    raise AirflowException(
airflow.exceptions.AirflowException: Bash command failed. The command returned a non-zero exit code 5.
[2025-02-26T19:53:51.084+0000] {taskinstance.py:1400} INFO - Marking task as UP_FOR_RETRY. dag_id=load_to_habase, task_id=run_mapreduce_job, execution_date=20250226T195335, start_date=20250226T195339, end_date=20250226T195351
[2025-02-26T19:53:51.111+0000] {standard_task_runner.py:104} ERROR - Failed to execute job 23 for task run_mapreduce_job (Bash command failed. The command returned a non-zero exit code 5.; 12713)
[2025-02-26T19:53:51.129+0000] {local_task_job_runner.py:228} INFO - Task exited with return code 1
[2025-02-26T19:53:51.156+0000] {taskinstance.py:2784} INFO - 0 downstream tasks scheduled from follow-on schedule check
