[2025-02-26T10:29:59.270+0000] {taskinstance.py:1159} INFO - Dependencies all met for dep_context=non-requeueable deps ti=<TaskInstance: crypto_data_processing_mapreduce.run_mapreduce_job manual__2025-02-26T10:29:56.504284+00:00 [queued]>
[2025-02-26T10:29:59.288+0000] {taskinstance.py:1159} INFO - Dependencies all met for dep_context=requeueable deps ti=<TaskInstance: crypto_data_processing_mapreduce.run_mapreduce_job manual__2025-02-26T10:29:56.504284+00:00 [queued]>
[2025-02-26T10:29:59.289+0000] {taskinstance.py:1361} INFO - Starting attempt 1 of 2
[2025-02-26T10:29:59.318+0000] {taskinstance.py:1382} INFO - Executing <Task(BashOperator): run_mapreduce_job> on 2025-02-26 10:29:56.504284+00:00
[2025-02-26T10:29:59.326+0000] {standard_task_runner.py:57} INFO - Started process 25226 to run task
[2025-02-26T10:29:59.330+0000] {standard_task_runner.py:84} INFO - Running: ['***', 'tasks', 'run', 'crypto_data_processing_mapreduce', 'run_mapreduce_job', 'manual__2025-02-26T10:29:56.504284+00:00', '--job-id', '9', '--raw', '--subdir', 'DAGS_FOLDER/transform_data.py', '--cfg-path', '/tmp/tmp0s8p57oc']
[2025-02-26T10:29:59.336+0000] {standard_task_runner.py:85} INFO - Job 9: Subtask run_mapreduce_job
[2025-02-26T10:29:59.421+0000] {task_command.py:415} INFO - Running <TaskInstance: crypto_data_processing_mapreduce.run_mapreduce_job manual__2025-02-26T10:29:56.504284+00:00 [running]> on host c0f81276e31d
[2025-02-26T10:29:59.535+0000] {taskinstance.py:1660} INFO - Exporting env vars: AIRFLOW_CTX_DAG_OWNER='***' AIRFLOW_CTX_DAG_ID='crypto_data_processing_mapreduce' AIRFLOW_CTX_TASK_ID='run_mapreduce_job' AIRFLOW_CTX_EXECUTION_DATE='2025-02-26T10:29:56.504284+00:00' AIRFLOW_CTX_TRY_NUMBER='1' AIRFLOW_CTX_DAG_RUN_ID='manual__2025-02-26T10:29:56.504284+00:00'
[2025-02-26T10:29:59.537+0000] {subprocess.py:63} INFO - Tmp dir root location: /tmp
[2025-02-26T10:29:59.540+0000] {subprocess.py:75} INFO - Running command: ['/bin/bash', '-c', 'ls /tmp']
[2025-02-26T10:29:59.554+0000] {subprocess.py:86} INFO - Output:
[2025-02-26T10:29:59.569+0000] {subprocess.py:93} INFO - ***tmpfjikh6ku
[2025-02-26T10:29:59.570+0000] {subprocess.py:93} INFO - crypto_historical_data.csv
[2025-02-26T10:29:59.570+0000] {subprocess.py:93} INFO - execute_command.sh
[2025-02-26T10:29:59.571+0000] {subprocess.py:93} INFO - pymp-_eaion6u
[2025-02-26T10:29:59.571+0000] {subprocess.py:93} INFO - pymp-cauj_yxo
[2025-02-26T10:29:59.572+0000] {subprocess.py:93} INFO - pymp-pselbrrr
[2025-02-26T10:29:59.572+0000] {subprocess.py:93} INFO - tmp3h55t3_2
[2025-02-26T10:29:59.573+0000] {subprocess.py:93} INFO - tmpgubj0ro6
[2025-02-26T10:29:59.573+0000] {subprocess.py:93} INFO - wgunicorn-acbmt3br
[2025-02-26T10:29:59.574+0000] {subprocess.py:97} INFO - Command exited with return code 0
[2025-02-26T10:29:59.606+0000] {taskinstance.py:1400} INFO - Marking task as SUCCESS. dag_id=crypto_data_processing_mapreduce, task_id=run_mapreduce_job, execution_date=20250226T102956, start_date=20250226T102959, end_date=20250226T102959
[2025-02-26T10:29:59.664+0000] {local_task_job_runner.py:228} INFO - Task exited with return code 0
[2025-02-26T10:29:59.684+0000] {taskinstance.py:2784} INFO - 0 downstream tasks scheduled from follow-on schedule check
