[2025-02-26T16:53:39.865+0000] {taskinstance.py:1159} INFO - Dependencies all met for dep_context=non-requeueable deps ti=<TaskInstance: crypto_data_processing_mapreduce.run_mapreduce_job manual__2025-02-26T16:48:33.449657+00:00 [queued]>
[2025-02-26T16:53:39.875+0000] {taskinstance.py:1159} INFO - Dependencies all met for dep_context=requeueable deps ti=<TaskInstance: crypto_data_processing_mapreduce.run_mapreduce_job manual__2025-02-26T16:48:33.449657+00:00 [queued]>
[2025-02-26T16:53:39.876+0000] {taskinstance.py:1361} INFO - Starting attempt 2 of 2
[2025-02-26T16:53:39.892+0000] {taskinstance.py:1382} INFO - Executing <Task(BashOperator): run_mapreduce_job> on 2025-02-26 16:48:33.449657+00:00
[2025-02-26T16:53:39.899+0000] {standard_task_runner.py:57} INFO - Started process 69552 to run task
[2025-02-26T16:53:39.903+0000] {standard_task_runner.py:84} INFO - Running: ['***', 'tasks', 'run', 'crypto_data_processing_mapreduce', 'run_mapreduce_job', 'manual__2025-02-26T16:48:33.449657+00:00', '--job-id', '18', '--raw', '--subdir', 'DAGS_FOLDER/transform_data.py', '--cfg-path', '/tmp/tmphjm__a24']
[2025-02-26T16:53:39.906+0000] {standard_task_runner.py:85} INFO - Job 18: Subtask run_mapreduce_job
[2025-02-26T16:53:39.975+0000] {task_command.py:415} INFO - Running <TaskInstance: crypto_data_processing_mapreduce.run_mapreduce_job manual__2025-02-26T16:48:33.449657+00:00 [running]> on host 8f39f5b11fbf
[2025-02-26T16:53:40.032+0000] {logging_mixin.py:151} WARNING - /home/***/.local/lib/python3.9/site-packages/***/utils/context.py:206 AirflowContextDeprecationWarning: Accessing 'execution_date' from the template is deprecated and will be removed in a future version. Please use 'data_interval_start' or 'logical_date' instead.
[2025-02-26T16:53:40.071+0000] {taskinstance.py:1660} INFO - Exporting env vars: AIRFLOW_CTX_DAG_OWNER='***' AIRFLOW_CTX_DAG_ID='crypto_data_processing_mapreduce' AIRFLOW_CTX_TASK_ID='run_mapreduce_job' AIRFLOW_CTX_EXECUTION_DATE='2025-02-26T16:48:33.449657+00:00' AIRFLOW_CTX_TRY_NUMBER='2' AIRFLOW_CTX_DAG_RUN_ID='manual__2025-02-26T16:48:33.449657+00:00'
[2025-02-26T16:53:40.073+0000] {subprocess.py:63} INFO - Tmp dir root location: /tmp
[2025-02-26T16:53:40.076+0000] {subprocess.py:75} INFO - Running command: ['/bin/bash', '-c', '\n                docker exec namenode bash -c "cd /home &&                 hadoop jar /opt/hadoop-3.2.1/share/hadoop/tools/lib/hadoop-streaming-3.2.1.jar                 -input /user/root/crypto/YYYY=2025/MM=02/DD=26/crypto_historical_data.csv                 -output /user/root/crypto/processed/YYYY=2025/MM=02/DD=26                 -mapper mapper.py                 -reducer reducer.py                 -file /home/mapper.py                 -file /home/reducer.py"\n            ']
[2025-02-26T16:53:40.088+0000] {subprocess.py:86} INFO - Output:
[2025-02-26T16:53:40.816+0000] {subprocess.py:93} INFO - 2025-02-26 16:53:40,813 WARN streaming.StreamJob: -file option is deprecated, please use generic option -files instead.
[2025-02-26T16:53:41.530+0000] {subprocess.py:93} INFO - packageJobJar: [/home/mapper.py, /home/reducer.py] [] /tmp/streamjob7998173202438494997.jar tmpDir=null
[2025-02-26T16:53:41.623+0000] {subprocess.py:93} INFO - 2025-02-26 16:53:41,621 INFO impl.MetricsConfig: Loaded properties from hadoop-metrics2.properties
[2025-02-26T16:53:41.687+0000] {subprocess.py:93} INFO - 2025-02-26 16:53:41,685 INFO impl.MetricsSystemImpl: Scheduled Metric snapshot period at 10 second(s).
[2025-02-26T16:53:41.688+0000] {subprocess.py:93} INFO - 2025-02-26 16:53:41,685 INFO impl.MetricsSystemImpl: JobTracker metrics system started
[2025-02-26T16:53:41.702+0000] {subprocess.py:93} INFO - 2025-02-26 16:53:41,700 WARN impl.MetricsSystemImpl: JobTracker metrics system already initialized!
[2025-02-26T16:53:41.851+0000] {subprocess.py:93} INFO - 2025-02-26 16:53:41,849 ERROR streaming.StreamJob: Error Launching job : Output directory hdfs://namenode:9000/user/root/crypto/processed/YYYY=2025/MM=02/DD=26 already exists
[2025-02-26T16:53:41.853+0000] {subprocess.py:93} INFO - Streaming Command Failed!
[2025-02-26T16:53:42.320+0000] {subprocess.py:97} INFO - Command exited with return code 5
[2025-02-26T16:53:42.342+0000] {taskinstance.py:1943} ERROR - Task failed with exception
Traceback (most recent call last):
  File "/home/airflow/.local/lib/python3.9/site-packages/airflow/operators/bash.py", line 210, in execute
    raise AirflowException(
airflow.exceptions.AirflowException: Bash command failed. The command returned a non-zero exit code 5.
[2025-02-26T16:53:42.347+0000] {taskinstance.py:1400} INFO - Marking task as FAILED. dag_id=crypto_data_processing_mapreduce, task_id=run_mapreduce_job, execution_date=20250226T164833, start_date=20250226T165339, end_date=20250226T165342
[2025-02-26T16:53:42.363+0000] {standard_task_runner.py:104} ERROR - Failed to execute job 18 for task run_mapreduce_job (Bash command failed. The command returned a non-zero exit code 5.; 69552)
[2025-02-26T16:53:42.373+0000] {local_task_job_runner.py:228} INFO - Task exited with return code 1
[2025-02-26T16:53:42.410+0000] {taskinstance.py:2784} INFO - 0 downstream tasks scheduled from follow-on schedule check
