[2025-02-26T11:08:33.612+0000] {taskinstance.py:1159} INFO - Dependencies all met for dep_context=non-requeueable deps ti=<TaskInstance: crypto_data_processing_mapreduce.run_mapreduce_job manual__2025-02-26T11:08:29.859486+00:00 [queued]>
[2025-02-26T11:08:33.624+0000] {taskinstance.py:1159} INFO - Dependencies all met for dep_context=requeueable deps ti=<TaskInstance: crypto_data_processing_mapreduce.run_mapreduce_job manual__2025-02-26T11:08:29.859486+00:00 [queued]>
[2025-02-26T11:08:33.625+0000] {taskinstance.py:1361} INFO - Starting attempt 1 of 2
[2025-02-26T11:08:33.642+0000] {taskinstance.py:1382} INFO - Executing <Task(BashOperator): run_mapreduce_job> on 2025-02-26 11:08:29.859486+00:00
[2025-02-26T11:08:33.649+0000] {standard_task_runner.py:57} INFO - Started process 66271 to run task
[2025-02-26T11:08:33.653+0000] {standard_task_runner.py:84} INFO - Running: ['***', 'tasks', 'run', 'crypto_data_processing_mapreduce', 'run_mapreduce_job', 'manual__2025-02-26T11:08:29.859486+00:00', '--job-id', '16', '--raw', '--subdir', 'DAGS_FOLDER/transform_data.py', '--cfg-path', '/tmp/tmp6yq6ax2g']
[2025-02-26T11:08:33.658+0000] {standard_task_runner.py:85} INFO - Job 16: Subtask run_mapreduce_job
[2025-02-26T11:08:33.786+0000] {task_command.py:415} INFO - Running <TaskInstance: crypto_data_processing_mapreduce.run_mapreduce_job manual__2025-02-26T11:08:29.859486+00:00 [running]> on host c0f81276e31d
[2025-02-26T11:08:33.876+0000] {logging_mixin.py:151} WARNING - /home/***/.local/lib/python3.9/site-packages/***/utils/context.py:206 AirflowContextDeprecationWarning: Accessing 'execution_date' from the template is deprecated and will be removed in a future version. Please use 'data_interval_start' or 'logical_date' instead.
[2025-02-26T11:08:33.932+0000] {taskinstance.py:1660} INFO - Exporting env vars: AIRFLOW_CTX_DAG_OWNER='***' AIRFLOW_CTX_DAG_ID='crypto_data_processing_mapreduce' AIRFLOW_CTX_TASK_ID='run_mapreduce_job' AIRFLOW_CTX_EXECUTION_DATE='2025-02-26T11:08:29.859486+00:00' AIRFLOW_CTX_TRY_NUMBER='1' AIRFLOW_CTX_DAG_RUN_ID='manual__2025-02-26T11:08:29.859486+00:00'
[2025-02-26T11:08:33.934+0000] {subprocess.py:63} INFO - Tmp dir root location: /tmp
[2025-02-26T11:08:33.936+0000] {subprocess.py:75} INFO - Running command: ['/bin/bash', '-c', '\n        docker exec namenode hadoop jar /opt/hadoop-3.2.1/share/hadoop/tools/lib/hadoop-streaming-3.2.1.jar           -input /user/root/crypto/YYYY=2025/MM=02/DD=26/crypto_historical_data.csv           -output /user/root/crypto/processed/YYYY=2025/MM=02/DD=26           -mapper mapper.py           -reducer reducer.py           -file mapper.py           -file reducer.py\n        ']
[2025-02-26T11:08:33.952+0000] {subprocess.py:86} INFO - Output:
[2025-02-26T11:08:34.973+0000] {subprocess.py:93} INFO - 2025-02-26 11:08:34,970 WARN streaming.StreamJob: -file option is deprecated, please use generic option -files instead.
[2025-02-26T11:08:35.437+0000] {subprocess.py:93} INFO - File: file:/mapper.py does not exist.
[2025-02-26T11:08:35.438+0000] {subprocess.py:93} INFO - Try -help for more information
[2025-02-26T11:08:35.439+0000] {subprocess.py:93} INFO - Streaming Command Failed!
[2025-02-26T11:08:35.548+0000] {subprocess.py:97} INFO - Command exited with return code 1
[2025-02-26T11:08:35.573+0000] {taskinstance.py:1943} ERROR - Task failed with exception
Traceback (most recent call last):
  File "/home/airflow/.local/lib/python3.9/site-packages/airflow/operators/bash.py", line 210, in execute
    raise AirflowException(
airflow.exceptions.AirflowException: Bash command failed. The command returned a non-zero exit code 1.
[2025-02-26T11:08:35.579+0000] {taskinstance.py:1400} INFO - Marking task as UP_FOR_RETRY. dag_id=crypto_data_processing_mapreduce, task_id=run_mapreduce_job, execution_date=20250226T110829, start_date=20250226T110833, end_date=20250226T110835
[2025-02-26T11:08:35.598+0000] {standard_task_runner.py:104} ERROR - Failed to execute job 16 for task run_mapreduce_job (Bash command failed. The command returned a non-zero exit code 1.; 66271)
[2025-02-26T11:08:35.636+0000] {local_task_job_runner.py:228} INFO - Task exited with return code 1
[2025-02-26T11:08:35.662+0000] {taskinstance.py:2784} INFO - 0 downstream tasks scheduled from follow-on schedule check
