[2025-02-26T11:13:37.597+0000] {taskinstance.py:1159} INFO - Dependencies all met for dep_context=non-requeueable deps ti=<TaskInstance: crypto_data_processing_mapreduce.run_mapreduce_job manual__2025-02-26T11:08:29.859486+00:00 [queued]>
[2025-02-26T11:13:37.608+0000] {taskinstance.py:1159} INFO - Dependencies all met for dep_context=requeueable deps ti=<TaskInstance: crypto_data_processing_mapreduce.run_mapreduce_job manual__2025-02-26T11:08:29.859486+00:00 [queued]>
[2025-02-26T11:13:37.609+0000] {taskinstance.py:1361} INFO - Starting attempt 2 of 2
[2025-02-26T11:13:37.628+0000] {taskinstance.py:1382} INFO - Executing <Task(BashOperator): run_mapreduce_job> on 2025-02-26 11:08:29.859486+00:00
[2025-02-26T11:13:37.636+0000] {standard_task_runner.py:57} INFO - Started process 71620 to run task
[2025-02-26T11:13:37.640+0000] {standard_task_runner.py:84} INFO - Running: ['***', 'tasks', 'run', 'crypto_data_processing_mapreduce', 'run_mapreduce_job', 'manual__2025-02-26T11:08:29.859486+00:00', '--job-id', '17', '--raw', '--subdir', 'DAGS_FOLDER/transform_data.py', '--cfg-path', '/tmp/tmp9ehe3uv2']
[2025-02-26T11:13:37.642+0000] {standard_task_runner.py:85} INFO - Job 17: Subtask run_mapreduce_job
[2025-02-26T11:13:37.739+0000] {task_command.py:415} INFO - Running <TaskInstance: crypto_data_processing_mapreduce.run_mapreduce_job manual__2025-02-26T11:08:29.859486+00:00 [running]> on host c0f81276e31d
[2025-02-26T11:13:37.873+0000] {logging_mixin.py:151} WARNING - /home/***/.local/lib/python3.9/site-packages/***/utils/context.py:206 AirflowContextDeprecationWarning: Accessing 'execution_date' from the template is deprecated and will be removed in a future version. Please use 'data_interval_start' or 'logical_date' instead.
[2025-02-26T11:13:37.936+0000] {taskinstance.py:1660} INFO - Exporting env vars: AIRFLOW_CTX_DAG_OWNER='***' AIRFLOW_CTX_DAG_ID='crypto_data_processing_mapreduce' AIRFLOW_CTX_TASK_ID='run_mapreduce_job' AIRFLOW_CTX_EXECUTION_DATE='2025-02-26T11:08:29.859486+00:00' AIRFLOW_CTX_TRY_NUMBER='2' AIRFLOW_CTX_DAG_RUN_ID='manual__2025-02-26T11:08:29.859486+00:00'
[2025-02-26T11:13:37.938+0000] {subprocess.py:63} INFO - Tmp dir root location: /tmp
[2025-02-26T11:13:37.941+0000] {subprocess.py:75} INFO - Running command: ['/bin/bash', '-c', '\n        docker exec namenode hadoop jar /opt/hadoop-3.2.1/share/hadoop/tools/lib/hadoop-streaming-3.2.1.jar           -input /user/root/crypto/YYYY=2025/MM=02/DD=26/crypto_historical_data.csv           -output /user/root/crypto/processed/YYYY=2025/MM=02/DD=26           -mapper mapper.py           -reducer reducer.py           -file mapper.py           -file reducer.py\n        ']
[2025-02-26T11:13:37.958+0000] {subprocess.py:86} INFO - Output:
[2025-02-26T11:13:39.761+0000] {subprocess.py:93} INFO - 2025-02-26 11:13:39,758 WARN streaming.StreamJob: -file option is deprecated, please use generic option -files instead.
[2025-02-26T11:13:40.185+0000] {subprocess.py:93} INFO - File: file:/mapper.py does not exist.
[2025-02-26T11:13:40.186+0000] {subprocess.py:93} INFO - Try -help for more information
[2025-02-26T11:13:40.187+0000] {subprocess.py:93} INFO - Streaming Command Failed!
[2025-02-26T11:13:40.252+0000] {subprocess.py:97} INFO - Command exited with return code 1
[2025-02-26T11:13:40.269+0000] {taskinstance.py:1943} ERROR - Task failed with exception
Traceback (most recent call last):
  File "/home/airflow/.local/lib/python3.9/site-packages/airflow/operators/bash.py", line 210, in execute
    raise AirflowException(
airflow.exceptions.AirflowException: Bash command failed. The command returned a non-zero exit code 1.
[2025-02-26T11:13:40.275+0000] {taskinstance.py:1400} INFO - Marking task as FAILED. dag_id=crypto_data_processing_mapreduce, task_id=run_mapreduce_job, execution_date=20250226T110829, start_date=20250226T111337, end_date=20250226T111340
[2025-02-26T11:13:40.288+0000] {standard_task_runner.py:104} ERROR - Failed to execute job 17 for task run_mapreduce_job (Bash command failed. The command returned a non-zero exit code 1.; 71620)
[2025-02-26T11:13:40.321+0000] {local_task_job_runner.py:228} INFO - Task exited with return code 1
[2025-02-26T11:13:40.354+0000] {taskinstance.py:2784} INFO - 0 downstream tasks scheduled from follow-on schedule check
