[2025-02-25T11:07:30.327+0000] {taskinstance.py:1159} INFO - Dependencies all met for dep_context=non-requeueable deps ti=<TaskInstance: crypto_data_processing_mapreduce.run_mapreduce_job scheduled__2025-02-24T00:00:00+00:00 [queued]>
[2025-02-25T11:07:30.337+0000] {taskinstance.py:1159} INFO - Dependencies all met for dep_context=requeueable deps ti=<TaskInstance: crypto_data_processing_mapreduce.run_mapreduce_job scheduled__2025-02-24T00:00:00+00:00 [queued]>
[2025-02-25T11:07:30.338+0000] {taskinstance.py:1361} INFO - Starting attempt 2 of 2
[2025-02-25T11:07:30.353+0000] {taskinstance.py:1382} INFO - Executing <Task(BashOperator): run_mapreduce_job> on 2025-02-24 00:00:00+00:00
[2025-02-25T11:07:30.360+0000] {standard_task_runner.py:57} INFO - Started process 98617 to run task
[2025-02-25T11:07:30.364+0000] {standard_task_runner.py:84} INFO - Running: ['***', 'tasks', 'run', 'crypto_data_processing_mapreduce', 'run_mapreduce_job', 'scheduled__2025-02-24T00:00:00+00:00', '--job-id', '25', '--raw', '--subdir', 'DAGS_FOLDER/load_data.py', '--cfg-path', '/tmp/tmpiudul5qi']
[2025-02-25T11:07:30.369+0000] {standard_task_runner.py:85} INFO - Job 25: Subtask run_mapreduce_job
[2025-02-25T11:07:30.488+0000] {task_command.py:415} INFO - Running <TaskInstance: crypto_data_processing_mapreduce.run_mapreduce_job scheduled__2025-02-24T00:00:00+00:00 [running]> on host a57837beda44
[2025-02-25T11:07:30.576+0000] {logging_mixin.py:151} WARNING - /home/***/.local/lib/python3.9/site-packages/***/utils/context.py:206 AirflowContextDeprecationWarning: Accessing 'execution_date' from the template is deprecated and will be removed in a future version. Please use 'data_interval_start' or 'logical_date' instead.
[2025-02-25T11:07:30.622+0000] {taskinstance.py:1660} INFO - Exporting env vars: AIRFLOW_CTX_DAG_OWNER='***' AIRFLOW_CTX_DAG_ID='crypto_data_processing_mapreduce' AIRFLOW_CTX_TASK_ID='run_mapreduce_job' AIRFLOW_CTX_EXECUTION_DATE='2025-02-24T00:00:00+00:00' AIRFLOW_CTX_TRY_NUMBER='2' AIRFLOW_CTX_DAG_RUN_ID='scheduled__2025-02-24T00:00:00+00:00'
[2025-02-25T11:07:30.630+0000] {subprocess.py:63} INFO - Tmp dir root location: /tmp
[2025-02-25T11:07:30.635+0000] {subprocess.py:75} INFO - Running command: ['/bin/bash', '-c', '\n        docker exec namenode hadoop jar /opt/hadoop/hadoop-streaming.jar           -input /user/root/crypto/YYYY=2025/MM=02/DD=24/coingecko_raw.json           -output /user/root/crypto/processed/YYYY=2025/MM=02/DD=24           -mapper /path/to/mapper.py           -reducer /path/to/reducer.py           -file /path/to/mapper.py           -file /path/to/reducer.py\n        ']
[2025-02-25T11:07:30.662+0000] {subprocess.py:86} INFO - Output:
[2025-02-25T11:07:30.665+0000] {subprocess.py:93} INFO - /bin/bash: line 2: docker: command not found
[2025-02-25T11:07:30.666+0000] {subprocess.py:97} INFO - Command exited with return code 127
[2025-02-25T11:07:30.684+0000] {taskinstance.py:1943} ERROR - Task failed with exception
Traceback (most recent call last):
  File "/home/airflow/.local/lib/python3.9/site-packages/airflow/operators/bash.py", line 210, in execute
    raise AirflowException(
airflow.exceptions.AirflowException: Bash command failed. The command returned a non-zero exit code 127.
[2025-02-25T11:07:30.694+0000] {taskinstance.py:1400} INFO - Marking task as FAILED. dag_id=crypto_data_processing_mapreduce, task_id=run_mapreduce_job, execution_date=20250224T000000, start_date=20250225T110730, end_date=20250225T110730
[2025-02-25T11:07:30.715+0000] {standard_task_runner.py:104} ERROR - Failed to execute job 25 for task run_mapreduce_job (Bash command failed. The command returned a non-zero exit code 127.; 98617)
[2025-02-25T11:07:30.741+0000] {local_task_job_runner.py:228} INFO - Task exited with return code 1
[2025-02-25T11:07:30.768+0000] {taskinstance.py:2784} INFO - 0 downstream tasks scheduled from follow-on schedule check
[2025-02-25T15:31:37.454+0000] {taskinstance.py:1159} INFO - Dependencies all met for dep_context=non-requeueable deps ti=<TaskInstance: crypto_data_processing_mapreduce.run_mapreduce_job scheduled__2025-02-24T00:00:00+00:00 [queued]>
[2025-02-25T15:31:37.465+0000] {taskinstance.py:1159} INFO - Dependencies all met for dep_context=requeueable deps ti=<TaskInstance: crypto_data_processing_mapreduce.run_mapreduce_job scheduled__2025-02-24T00:00:00+00:00 [queued]>
[2025-02-25T15:31:37.466+0000] {taskinstance.py:1361} INFO - Starting attempt 2 of 2
[2025-02-25T15:31:37.486+0000] {taskinstance.py:1382} INFO - Executing <Task(BashOperator): run_mapreduce_job> on 2025-02-24 00:00:00+00:00
[2025-02-25T15:31:37.493+0000] {standard_task_runner.py:57} INFO - Started process 7910 to run task
[2025-02-25T15:31:37.498+0000] {standard_task_runner.py:84} INFO - Running: ['***', 'tasks', 'run', 'crypto_data_processing_mapreduce', 'run_mapreduce_job', 'scheduled__2025-02-24T00:00:00+00:00', '--job-id', '4', '--raw', '--subdir', 'DAGS_FOLDER/transform_data.py', '--cfg-path', '/tmp/tmpdmxmjiej']
[2025-02-25T15:31:37.503+0000] {standard_task_runner.py:85} INFO - Job 4: Subtask run_mapreduce_job
[2025-02-25T15:31:37.584+0000] {task_command.py:415} INFO - Running <TaskInstance: crypto_data_processing_mapreduce.run_mapreduce_job scheduled__2025-02-24T00:00:00+00:00 [running]> on host 53d736af5afa
[2025-02-25T15:31:37.673+0000] {logging_mixin.py:151} WARNING - /home/***/.local/lib/python3.9/site-packages/***/utils/context.py:206 AirflowContextDeprecationWarning: Accessing 'execution_date' from the template is deprecated and will be removed in a future version. Please use 'data_interval_start' or 'logical_date' instead.
[2025-02-25T15:31:37.733+0000] {taskinstance.py:1660} INFO - Exporting env vars: AIRFLOW_CTX_DAG_OWNER='***' AIRFLOW_CTX_DAG_ID='crypto_data_processing_mapreduce' AIRFLOW_CTX_TASK_ID='run_mapreduce_job' AIRFLOW_CTX_EXECUTION_DATE='2025-02-24T00:00:00+00:00' AIRFLOW_CTX_TRY_NUMBER='2' AIRFLOW_CTX_DAG_RUN_ID='scheduled__2025-02-24T00:00:00+00:00'
[2025-02-25T15:31:37.736+0000] {subprocess.py:63} INFO - Tmp dir root location: /tmp
[2025-02-25T15:31:37.742+0000] {subprocess.py:75} INFO - Running command: ['/bin/bash', '-c', '\n        docker exec namenode hadoop jar /opt/hadoop-3.2.1/share/hadoop/tools/lib/hadoop-streaming-3.2.1.jar           -input /user/root/crypto/YYYY=2025/MM=02/DD=24/coingecko_raw.json           -output /user/root/crypto/processed/YYYY=2025/MM=02/DD=24           -mapper /path/to/mapper.py           -reducer /path/to/reducer.py           -file /path/to/mapper.py           -file /path/to/reducer.py\n        ']
[2025-02-25T15:31:37.754+0000] {subprocess.py:86} INFO - Output:
[2025-02-25T15:31:37.756+0000] {subprocess.py:93} INFO - /bin/bash: line 2: docker: command not found
[2025-02-25T15:31:37.757+0000] {subprocess.py:97} INFO - Command exited with return code 127
[2025-02-25T15:31:37.776+0000] {taskinstance.py:1943} ERROR - Task failed with exception
Traceback (most recent call last):
  File "/home/airflow/.local/lib/python3.9/site-packages/airflow/operators/bash.py", line 210, in execute
    raise AirflowException(
airflow.exceptions.AirflowException: Bash command failed. The command returned a non-zero exit code 127.
[2025-02-25T15:31:37.786+0000] {taskinstance.py:1400} INFO - Marking task as FAILED. dag_id=crypto_data_processing_mapreduce, task_id=run_mapreduce_job, execution_date=20250224T000000, start_date=20250225T153137, end_date=20250225T153137
[2025-02-25T15:31:37.804+0000] {standard_task_runner.py:104} ERROR - Failed to execute job 4 for task run_mapreduce_job (Bash command failed. The command returned a non-zero exit code 127.; 7910)
[2025-02-25T15:31:37.831+0000] {local_task_job_runner.py:228} INFO - Task exited with return code 1
[2025-02-25T15:31:37.858+0000] {taskinstance.py:2784} INFO - 0 downstream tasks scheduled from follow-on schedule check
[2025-02-25T17:16:58.035+0000] {taskinstance.py:1159} INFO - Dependencies all met for dep_context=non-requeueable deps ti=<TaskInstance: crypto_data_processing_mapreduce.run_mapreduce_job scheduled__2025-02-24T00:00:00+00:00 [queued]>
[2025-02-25T17:16:58.047+0000] {taskinstance.py:1159} INFO - Dependencies all met for dep_context=requeueable deps ti=<TaskInstance: crypto_data_processing_mapreduce.run_mapreduce_job scheduled__2025-02-24T00:00:00+00:00 [queued]>
[2025-02-25T17:16:58.048+0000] {taskinstance.py:1361} INFO - Starting attempt 2 of 2
[2025-02-25T17:16:58.067+0000] {taskinstance.py:1382} INFO - Executing <Task(BashOperator): run_mapreduce_job> on 2025-02-24 00:00:00+00:00
[2025-02-25T17:16:58.074+0000] {standard_task_runner.py:57} INFO - Started process 6501 to run task
[2025-02-25T17:16:58.080+0000] {standard_task_runner.py:84} INFO - Running: ['***', 'tasks', 'run', 'crypto_data_processing_mapreduce', 'run_mapreduce_job', 'scheduled__2025-02-24T00:00:00+00:00', '--job-id', '5', '--raw', '--subdir', 'DAGS_FOLDER/transform_data.py', '--cfg-path', '/tmp/tmp7pg3t7jr']
[2025-02-25T17:16:58.084+0000] {standard_task_runner.py:85} INFO - Job 5: Subtask run_mapreduce_job
[2025-02-25T17:16:58.184+0000] {task_command.py:415} INFO - Running <TaskInstance: crypto_data_processing_mapreduce.run_mapreduce_job scheduled__2025-02-24T00:00:00+00:00 [running]> on host bd2eedaff2f8
[2025-02-25T17:16:58.273+0000] {logging_mixin.py:151} WARNING - /home/***/.local/lib/python3.9/site-packages/***/utils/context.py:206 AirflowContextDeprecationWarning: Accessing 'execution_date' from the template is deprecated and will be removed in a future version. Please use 'data_interval_start' or 'logical_date' instead.
[2025-02-25T17:16:58.326+0000] {taskinstance.py:1660} INFO - Exporting env vars: AIRFLOW_CTX_DAG_OWNER='***' AIRFLOW_CTX_DAG_ID='crypto_data_processing_mapreduce' AIRFLOW_CTX_TASK_ID='run_mapreduce_job' AIRFLOW_CTX_EXECUTION_DATE='2025-02-24T00:00:00+00:00' AIRFLOW_CTX_TRY_NUMBER='2' AIRFLOW_CTX_DAG_RUN_ID='scheduled__2025-02-24T00:00:00+00:00'
[2025-02-25T17:16:58.328+0000] {subprocess.py:63} INFO - Tmp dir root location: /tmp
[2025-02-25T17:16:58.331+0000] {subprocess.py:75} INFO - Running command: ['/bin/bash', '-c', '\n        docker exec namenode hadoop jar /opt/hadoop-3.2.1/share/hadoop/tools/lib/hadoop-streaming-3.2.1.jar           -input /user/root/crypto/YYYY=2025/MM=02/DD=24/crypto_historical_data.csv           -output /user/root/crypto/processed/YYYY=2025/MM=02/DD=24           -mapper /home/mapper.py           -reducer /home/reducer.py           -file /home/mapper.py           -file /home/reducer.py\n        ']
[2025-02-25T17:16:58.346+0000] {subprocess.py:86} INFO - Output:
[2025-02-25T17:16:58.349+0000] {subprocess.py:93} INFO - /bin/bash: line 2: docker: command not found
[2025-02-25T17:16:58.350+0000] {subprocess.py:97} INFO - Command exited with return code 127
[2025-02-25T17:16:58.367+0000] {taskinstance.py:1943} ERROR - Task failed with exception
Traceback (most recent call last):
  File "/home/airflow/.local/lib/python3.9/site-packages/airflow/operators/bash.py", line 210, in execute
    raise AirflowException(
airflow.exceptions.AirflowException: Bash command failed. The command returned a non-zero exit code 127.
[2025-02-25T17:16:58.372+0000] {taskinstance.py:1400} INFO - Marking task as FAILED. dag_id=crypto_data_processing_mapreduce, task_id=run_mapreduce_job, execution_date=20250224T000000, start_date=20250225T171658, end_date=20250225T171658
[2025-02-25T17:16:58.402+0000] {standard_task_runner.py:104} ERROR - Failed to execute job 5 for task run_mapreduce_job (Bash command failed. The command returned a non-zero exit code 127.; 6501)
[2025-02-25T17:16:58.453+0000] {local_task_job_runner.py:228} INFO - Task exited with return code 1
[2025-02-25T17:16:58.485+0000] {taskinstance.py:2784} INFO - 0 downstream tasks scheduled from follow-on schedule check
