[2025-02-24T10:17:04.577+0000] {taskinstance.py:1159} INFO - Dependencies all met for dep_context=non-requeueable deps ti=<TaskInstance: fetch_crypto_data_and_upload_to_hdfs.upload_to_hdfs manual__2025-02-24T10:16:57.082223+00:00 [queued]>
[2025-02-24T10:17:04.590+0000] {taskinstance.py:1159} INFO - Dependencies all met for dep_context=requeueable deps ti=<TaskInstance: fetch_crypto_data_and_upload_to_hdfs.upload_to_hdfs manual__2025-02-24T10:16:57.082223+00:00 [queued]>
[2025-02-24T10:17:04.592+0000] {taskinstance.py:1361} INFO - Starting attempt 1 of 2
[2025-02-24T10:17:04.615+0000] {taskinstance.py:1382} INFO - Executing <Task(BashOperator): upload_to_hdfs> on 2025-02-24 10:16:57.082223+00:00
[2025-02-24T10:17:04.622+0000] {standard_task_runner.py:57} INFO - Started process 58853 to run task
[2025-02-24T10:17:04.627+0000] {standard_task_runner.py:84} INFO - Running: ['***', 'tasks', 'run', 'fetch_crypto_data_and_upload_to_hdfs', 'upload_to_hdfs', 'manual__2025-02-24T10:16:57.082223+00:00', '--job-id', '16', '--raw', '--subdir', 'DAGS_FOLDER/ingest_data.py', '--cfg-path', '/tmp/tmpbjf64fta']
[2025-02-24T10:17:04.631+0000] {standard_task_runner.py:85} INFO - Job 16: Subtask upload_to_hdfs
[2025-02-24T10:17:04.695+0000] {task_command.py:415} INFO - Running <TaskInstance: fetch_crypto_data_and_upload_to_hdfs.upload_to_hdfs manual__2025-02-24T10:16:57.082223+00:00 [running]> on host 781ad978c51a
[2025-02-24T10:17:04.792+0000] {taskinstance.py:1660} INFO - Exporting env vars: AIRFLOW_CTX_DAG_OWNER='***' AIRFLOW_CTX_DAG_ID='fetch_crypto_data_and_upload_to_hdfs' AIRFLOW_CTX_TASK_ID='upload_to_hdfs' AIRFLOW_CTX_EXECUTION_DATE='2025-02-24T10:16:57.082223+00:00' AIRFLOW_CTX_TRY_NUMBER='1' AIRFLOW_CTX_DAG_RUN_ID='manual__2025-02-24T10:16:57.082223+00:00'
[2025-02-24T10:17:04.795+0000] {subprocess.py:63} INFO - Tmp dir root location: /tmp
[2025-02-24T10:17:04.798+0000] {subprocess.py:75} INFO - Running command: ['/bin/bash', '-c', 'docker exec -t namenode bash']
[2025-02-24T10:17:04.812+0000] {subprocess.py:86} INFO - Output:
[2025-02-24T10:53:59.842+0000] {local_task_job_runner.py:294} WARNING - State of this instance has been externally set to up_for_retry. Terminating instance.
[2025-02-24T10:53:59.850+0000] {process_utils.py:131} INFO - Sending 15 to group 58853. PIDs of all processes in the group: [58856, 58853]
[2025-02-24T10:53:59.851+0000] {process_utils.py:86} INFO - Sending the signal 15 to group 58853
[2025-02-24T10:53:59.852+0000] {taskinstance.py:1632} ERROR - Received SIGTERM. Terminating subprocesses.
[2025-02-24T10:53:59.854+0000] {subprocess.py:104} INFO - Sending SIGTERM signal to process group
[2025-02-24T10:53:59.874+0000] {taskinstance.py:1943} ERROR - Task failed with exception
Traceback (most recent call last):
  File "/home/airflow/.local/lib/python3.9/site-packages/airflow/operators/bash.py", line 201, in execute
    result = self.subprocess_hook.run_command(
  File "/home/airflow/.local/lib/python3.9/site-packages/airflow/hooks/subprocess.py", line 91, in run_command
    for raw_line in iter(self.sub_process.stdout.readline, b""):
  File "/home/airflow/.local/lib/python3.9/site-packages/airflow/models/taskinstance.py", line 1634, in signal_handler
    raise AirflowException("Task received SIGTERM signal")
airflow.exceptions.AirflowException: Task received SIGTERM signal
[2025-02-24T10:53:59.884+0000] {taskinstance.py:1400} INFO - Marking task as FAILED. dag_id=fetch_crypto_data_and_upload_to_hdfs, task_id=upload_to_hdfs, execution_date=20250224T101657, start_date=20250224T101704, end_date=20250224T105359
[2025-02-24T10:53:59.902+0000] {standard_task_runner.py:104} ERROR - Failed to execute job 16 for task upload_to_hdfs (Task received SIGTERM signal; 58853)
[2025-02-24T10:53:59.945+0000] {process_utils.py:79} INFO - Process psutil.Process(pid=58853, status='terminated', exitcode=1, started='10:17:03') (58853) terminated with exit code 1
[2025-02-24T10:53:59.946+0000] {process_utils.py:79} INFO - Process psutil.Process(pid=58856, status='terminated', started='10:17:03') (58856) terminated with exit code None
