[2025-02-26T19:53:43.163+0000] {taskinstance.py:1159} INFO - Dependencies all met for dep_context=non-requeueable deps ti=<TaskInstance: load_to_habase.run_mapreduce_job manual__2025-02-26T19:53:40.087723+00:00 [queued]>
[2025-02-26T19:53:43.197+0000] {taskinstance.py:1159} INFO - Dependencies all met for dep_context=requeueable deps ti=<TaskInstance: load_to_habase.run_mapreduce_job manual__2025-02-26T19:53:40.087723+00:00 [queued]>
[2025-02-26T19:53:43.199+0000] {taskinstance.py:1361} INFO - Starting attempt 1 of 2
[2025-02-26T19:53:43.268+0000] {taskinstance.py:1382} INFO - Executing <Task(BashOperator): run_mapreduce_job> on 2025-02-26 19:53:40.087723+00:00
[2025-02-26T19:53:43.291+0000] {standard_task_runner.py:57} INFO - Started process 12777 to run task
[2025-02-26T19:53:43.300+0000] {standard_task_runner.py:84} INFO - Running: ['***', 'tasks', 'run', 'load_to_habase', 'run_mapreduce_job', 'manual__2025-02-26T19:53:40.087723+00:00', '--job-id', '26', '--raw', '--subdir', 'DAGS_FOLDER/load_data.py', '--cfg-path', '/tmp/tmpk56knxc9']
[2025-02-26T19:53:43.314+0000] {standard_task_runner.py:85} INFO - Job 26: Subtask run_mapreduce_job
[2025-02-26T19:53:43.580+0000] {task_command.py:415} INFO - Running <TaskInstance: load_to_habase.run_mapreduce_job manual__2025-02-26T19:53:40.087723+00:00 [running]> on host 8d9ab8d4ded3
[2025-02-26T19:53:43.738+0000] {logging_mixin.py:151} WARNING - /home/***/.local/lib/python3.9/site-packages/***/utils/context.py:206 AirflowContextDeprecationWarning: Accessing 'execution_date' from the template is deprecated and will be removed in a future version. Please use 'data_interval_start' or 'logical_date' instead.
[2025-02-26T19:53:43.818+0000] {taskinstance.py:1660} INFO - Exporting env vars: AIRFLOW_CTX_DAG_OWNER='***' AIRFLOW_CTX_DAG_ID='load_to_habase' AIRFLOW_CTX_TASK_ID='run_mapreduce_job' AIRFLOW_CTX_EXECUTION_DATE='2025-02-26T19:53:40.087723+00:00' AIRFLOW_CTX_TRY_NUMBER='1' AIRFLOW_CTX_DAG_RUN_ID='manual__2025-02-26T19:53:40.087723+00:00'
[2025-02-26T19:53:43.821+0000] {subprocess.py:63} INFO - Tmp dir root location: /tmp
[2025-02-26T19:53:43.825+0000] {subprocess.py:75} INFO - Running command: ['/bin/bash', '-c', '\n            docker exec namenode bash -c "cd /home &&             hadoop fs -rm -r /user/root/crypto/processed/YYYY=2025/MM=02/DD=26 || true &&             hadoop jar /opt/hadoop-3.2.1/share/hadoop/tools/lib/hadoop-streaming-3.2.1.jar             -input /user/root/crypto/YYYY=2025/MM=02/DD=26/crypto_historical_data.csv             -output /user/root/crypto/processed/YYYY=2025/MM=02/DD=26             -mapper \'/usr/bin/python3 /home/mapper.py\'             -reducer \'/usr/bin/python3 /home/reducer.py\'             -file /home/mapper.py             -file /home/reducer.py"\n        ']
[2025-02-26T19:53:43.863+0000] {subprocess.py:86} INFO - Output:
[2025-02-26T19:53:47.504+0000] {subprocess.py:93} INFO - rm: `/user/root/crypto/processed/YYYY=2025/MM=02/DD=26': No such file or directory
[2025-02-26T19:53:49.272+0000] {subprocess.py:93} INFO - 2025-02-26 19:53:49,270 WARN streaming.StreamJob: -file option is deprecated, please use generic option -files instead.
[2025-02-26T19:53:50.351+0000] {subprocess.py:93} INFO - packageJobJar: [/home/mapper.py, /home/reducer.py] [] /tmp/streamjob4509854948561247970.jar tmpDir=null
[2025-02-26T19:53:50.661+0000] {subprocess.py:93} INFO - 2025-02-26 19:53:50,658 INFO impl.MetricsConfig: Loaded properties from hadoop-metrics2.properties
[2025-02-26T19:53:50.724+0000] {subprocess.py:93} INFO - 2025-02-26 19:53:50,722 INFO impl.MetricsSystemImpl: Scheduled Metric snapshot period at 10 second(s).
[2025-02-26T19:53:50.725+0000] {subprocess.py:93} INFO - 2025-02-26 19:53:50,722 INFO impl.MetricsSystemImpl: JobTracker metrics system started
[2025-02-26T19:53:50.746+0000] {subprocess.py:93} INFO - 2025-02-26 19:53:50,744 WARN impl.MetricsSystemImpl: JobTracker metrics system already initialized!
[2025-02-26T19:53:51.094+0000] {subprocess.py:93} INFO - 2025-02-26 19:53:51,092 INFO mapred.FileInputFormat: Total input files to process : 1
[2025-02-26T19:53:51.163+0000] {subprocess.py:93} INFO - 2025-02-26 19:53:51,162 INFO mapreduce.JobSubmitter: number of splits:1
[2025-02-26T19:53:51.317+0000] {subprocess.py:93} INFO - 2025-02-26 19:53:51,315 INFO mapreduce.JobSubmitter: Submitting tokens for job: job_local1016772179_0001
[2025-02-26T19:53:51.318+0000] {subprocess.py:93} INFO - 2025-02-26 19:53:51,315 INFO mapreduce.JobSubmitter: Executing with tokens: []
[2025-02-26T19:53:51.571+0000] {subprocess.py:93} INFO - 2025-02-26 19:53:51,569 INFO mapred.LocalDistributedCacheManager: Localized file:/home/mapper.py as file:/tmp/hadoop-root/mapred/local/job_local1016772179_0001_393423f1-071e-46ec-8ed1-5b758da2e966/mapper.py
[2025-02-26T19:53:51.609+0000] {subprocess.py:93} INFO - 2025-02-26 19:53:51,607 INFO mapred.LocalDistributedCacheManager: Localized file:/home/reducer.py as file:/tmp/hadoop-root/mapred/local/job_local1016772179_0001_fd24e15e-ab15-4b80-b86c-caebdc998658/reducer.py
[2025-02-26T19:53:51.685+0000] {subprocess.py:93} INFO - 2025-02-26 19:53:51,683 INFO mapreduce.Job: The url to track the job: http://localhost:8080/
[2025-02-26T19:53:51.690+0000] {subprocess.py:93} INFO - 2025-02-26 19:53:51,686 INFO mapred.LocalJobRunner: OutputCommitter set in config null
[2025-02-26T19:53:51.692+0000] {subprocess.py:93} INFO - 2025-02-26 19:53:51,686 INFO mapreduce.Job: Running job: job_local1016772179_0001
[2025-02-26T19:53:51.693+0000] {subprocess.py:93} INFO - 2025-02-26 19:53:51,690 INFO mapred.LocalJobRunner: OutputCommitter is org.apache.hadoop.mapred.FileOutputCommitter
[2025-02-26T19:53:51.698+0000] {subprocess.py:93} INFO - 2025-02-26 19:53:51,696 INFO output.FileOutputCommitter: File Output Committer Algorithm version is 2
[2025-02-26T19:53:51.699+0000] {subprocess.py:93} INFO - 2025-02-26 19:53:51,696 INFO output.FileOutputCommitter: FileOutputCommitter skip cleanup _temporary folders under output directory:false, ignore cleanup failures: false
[2025-02-26T19:53:51.753+0000] {subprocess.py:93} INFO - 2025-02-26 19:53:51,752 INFO mapred.LocalJobRunner: Waiting for map tasks
[2025-02-26T19:53:51.760+0000] {subprocess.py:93} INFO - 2025-02-26 19:53:51,758 INFO mapred.LocalJobRunner: Starting task: attempt_local1016772179_0001_m_000000_0
[2025-02-26T19:53:51.790+0000] {subprocess.py:93} INFO - 2025-02-26 19:53:51,788 INFO output.FileOutputCommitter: File Output Committer Algorithm version is 2
[2025-02-26T19:53:51.791+0000] {subprocess.py:93} INFO - 2025-02-26 19:53:51,788 INFO output.FileOutputCommitter: FileOutputCommitter skip cleanup _temporary folders under output directory:false, ignore cleanup failures: false
[2025-02-26T19:53:51.810+0000] {subprocess.py:93} INFO - 2025-02-26 19:53:51,809 INFO mapred.Task:  Using ResourceCalculatorProcessTree : [ ]
[2025-02-26T19:53:51.818+0000] {subprocess.py:93} INFO - 2025-02-26 19:53:51,817 INFO mapred.MapTask: Processing split: hdfs://namenode:9000/user/root/crypto/YYYY=2025/MM=02/DD=26/crypto_historical_data.csv:0+44080
[2025-02-26T19:53:51.846+0000] {subprocess.py:93} INFO - 2025-02-26 19:53:51,845 INFO mapred.MapTask: numReduceTasks: 1
[2025-02-26T19:53:51.907+0000] {subprocess.py:93} INFO - 2025-02-26 19:53:51,905 INFO mapred.MapTask: (EQUATOR) 0 kvi 26214396(104857584)
[2025-02-26T19:53:51.908+0000] {subprocess.py:93} INFO - 2025-02-26 19:53:51,905 INFO mapred.MapTask: mapreduce.task.io.sort.mb: 100
[2025-02-26T19:53:51.908+0000] {subprocess.py:93} INFO - 2025-02-26 19:53:51,905 INFO mapred.MapTask: soft limit at 83886080
[2025-02-26T19:53:51.909+0000] {subprocess.py:93} INFO - 2025-02-26 19:53:51,905 INFO mapred.MapTask: bufstart = 0; bufvoid = 104857600
[2025-02-26T19:53:51.909+0000] {subprocess.py:93} INFO - 2025-02-26 19:53:51,905 INFO mapred.MapTask: kvstart = 26214396; length = 6553600
[2025-02-26T19:53:51.910+0000] {subprocess.py:93} INFO - 2025-02-26 19:53:51,908 INFO mapred.MapTask: Map output collector class = org.apache.hadoop.mapred.MapTask$MapOutputBuffer
[2025-02-26T19:53:51.914+0000] {subprocess.py:93} INFO - 2025-02-26 19:53:51,913 INFO streaming.PipeMapRed: PipeMapRed exec [/usr/bin/python3, /home/mapper.py]
[2025-02-26T19:53:51.919+0000] {subprocess.py:93} INFO - 2025-02-26 19:53:51,917 INFO Configuration.deprecation: mapred.work.output.dir is deprecated. Instead, use mapreduce.task.output.dir
[2025-02-26T19:53:51.920+0000] {subprocess.py:93} INFO - 2025-02-26 19:53:51,917 INFO Configuration.deprecation: map.input.start is deprecated. Instead, use mapreduce.map.input.start
[2025-02-26T19:53:51.922+0000] {subprocess.py:93} INFO - 2025-02-26 19:53:51,918 INFO Configuration.deprecation: mapred.task.is.map is deprecated. Instead, use mapreduce.task.ismap
[2025-02-26T19:53:51.923+0000] {subprocess.py:93} INFO - 2025-02-26 19:53:51,918 INFO Configuration.deprecation: mapred.task.id is deprecated. Instead, use mapreduce.task.attempt.id
[2025-02-26T19:53:51.923+0000] {subprocess.py:93} INFO - 2025-02-26 19:53:51,919 INFO Configuration.deprecation: mapred.tip.id is deprecated. Instead, use mapreduce.task.id
[2025-02-26T19:53:51.924+0000] {subprocess.py:93} INFO - 2025-02-26 19:53:51,919 INFO Configuration.deprecation: mapred.local.dir is deprecated. Instead, use mapreduce.cluster.local.dir
[2025-02-26T19:53:51.925+0000] {subprocess.py:93} INFO - 2025-02-26 19:53:51,919 INFO Configuration.deprecation: map.input.file is deprecated. Instead, use mapreduce.map.input.file
[2025-02-26T19:53:51.925+0000] {subprocess.py:93} INFO - 2025-02-26 19:53:51,920 INFO Configuration.deprecation: mapred.skip.on is deprecated. Instead, use mapreduce.job.skiprecords
[2025-02-26T19:53:51.926+0000] {subprocess.py:93} INFO - 2025-02-26 19:53:51,920 INFO Configuration.deprecation: map.input.length is deprecated. Instead, use mapreduce.map.input.length
[2025-02-26T19:53:51.926+0000] {subprocess.py:93} INFO - 2025-02-26 19:53:51,921 INFO Configuration.deprecation: mapred.job.id is deprecated. Instead, use mapreduce.job.id
[2025-02-26T19:53:51.927+0000] {subprocess.py:93} INFO - 2025-02-26 19:53:51,921 INFO Configuration.deprecation: user.name is deprecated. Instead, use mapreduce.job.user.name
[2025-02-26T19:53:51.928+0000] {subprocess.py:93} INFO - 2025-02-26 19:53:51,922 INFO Configuration.deprecation: mapred.task.partition is deprecated. Instead, use mapreduce.task.partition
[2025-02-26T19:53:51.957+0000] {subprocess.py:93} INFO - 2025-02-26 19:53:51,956 INFO sasl.SaslDataTransferClient: SASL encryption trust check: localHostTrusted = false, remoteHostTrusted = false
[2025-02-26T19:53:52.085+0000] {subprocess.py:93} INFO - 2025-02-26 19:53:52,081 INFO streaming.PipeMapRed: R/W/S=1/0/0 in:NA [rec/s] out:NA [rec/s]
[2025-02-26T19:53:52.087+0000] {subprocess.py:93} INFO - 2025-02-26 19:53:52,082 INFO streaming.PipeMapRed: R/W/S=10/0/0 in:NA [rec/s] out:NA [rec/s]
[2025-02-26T19:53:52.089+0000] {subprocess.py:93} INFO - 2025-02-26 19:53:52,087 INFO streaming.PipeMapRed: R/W/S=100/0/0 in:NA [rec/s] out:NA [rec/s]
[2025-02-26T19:53:52.101+0000] {subprocess.py:93} INFO - 2025-02-26 19:53:52,097 INFO streaming.PipeMapRed: Records R/W=421/1
[2025-02-26T19:53:52.110+0000] {subprocess.py:93} INFO - 2025-02-26 19:53:52,108 INFO streaming.PipeMapRed: MRErrorThread done
[2025-02-26T19:53:52.111+0000] {subprocess.py:93} INFO - 2025-02-26 19:53:52,108 INFO streaming.PipeMapRed: mapRedFinished
[2025-02-26T19:53:52.114+0000] {subprocess.py:93} INFO - 2025-02-26 19:53:52,112 INFO mapred.LocalJobRunner:
[2025-02-26T19:53:52.115+0000] {subprocess.py:93} INFO - 2025-02-26 19:53:52,112 INFO mapred.MapTask: Starting flush of map output
[2025-02-26T19:53:52.116+0000] {subprocess.py:93} INFO - 2025-02-26 19:53:52,112 INFO mapred.MapTask: Spilling map output
[2025-02-26T19:53:52.117+0000] {subprocess.py:93} INFO - 2025-02-26 19:53:52,112 INFO mapred.MapTask: bufstart = 0; bufend = 24941; bufvoid = 104857600
[2025-02-26T19:53:52.118+0000] {subprocess.py:93} INFO - 2025-02-26 19:53:52,112 INFO mapred.MapTask: kvstart = 26214396(104857584); kvend = 26212720(104850880); length = 1677/6553600
[2025-02-26T19:53:52.129+0000] {subprocess.py:93} INFO - 2025-02-26 19:53:52,128 INFO mapred.MapTask: Finished spill 0
[2025-02-26T19:53:52.143+0000] {subprocess.py:93} INFO - 2025-02-26 19:53:52,141 INFO mapred.Task: Task:attempt_local1016772179_0001_m_000000_0 is done. And is in the process of committing
[2025-02-26T19:53:52.148+0000] {subprocess.py:93} INFO - 2025-02-26 19:53:52,147 INFO mapred.LocalJobRunner: Records R/W=421/1
[2025-02-26T19:53:52.149+0000] {subprocess.py:93} INFO - 2025-02-26 19:53:52,147 INFO mapred.Task: Task 'attempt_local1016772179_0001_m_000000_0' done.
[2025-02-26T19:53:52.159+0000] {subprocess.py:93} INFO - 2025-02-26 19:53:52,157 INFO mapred.Task: Final Counters for attempt_local1016772179_0001_m_000000_0: Counters: 23
[2025-02-26T19:53:52.160+0000] {subprocess.py:93} INFO - 	File System Counters
[2025-02-26T19:53:52.160+0000] {subprocess.py:93} INFO - 		FILE: Number of bytes read=1197
[2025-02-26T19:53:52.161+0000] {subprocess.py:93} INFO - 		FILE: Number of bytes written=557316
[2025-02-26T19:53:52.162+0000] {subprocess.py:93} INFO - 		FILE: Number of read operations=0
[2025-02-26T19:53:52.162+0000] {subprocess.py:93} INFO - 		FILE: Number of large read operations=0
[2025-02-26T19:53:52.163+0000] {subprocess.py:93} INFO - 		FILE: Number of write operations=0
[2025-02-26T19:53:52.164+0000] {subprocess.py:93} INFO - 		HDFS: Number of bytes read=44080
[2025-02-26T19:53:52.165+0000] {subprocess.py:93} INFO - 		HDFS: Number of bytes written=0
[2025-02-26T19:53:52.165+0000] {subprocess.py:93} INFO - 		HDFS: Number of read operations=5
[2025-02-26T19:53:52.166+0000] {subprocess.py:93} INFO - 		HDFS: Number of large read operations=0
[2025-02-26T19:53:52.167+0000] {subprocess.py:93} INFO - 		HDFS: Number of write operations=1
[2025-02-26T19:53:52.168+0000] {subprocess.py:93} INFO - 		HDFS: Number of bytes read erasure-coded=0
[2025-02-26T19:53:52.169+0000] {subprocess.py:93} INFO - 	Map-Reduce Framework
[2025-02-26T19:53:52.170+0000] {subprocess.py:93} INFO - 		Map input records=421
[2025-02-26T19:53:52.170+0000] {subprocess.py:93} INFO - 		Map output records=420
[2025-02-26T19:53:52.171+0000] {subprocess.py:93} INFO - 		Map output bytes=24941
[2025-02-26T19:53:52.171+0000] {subprocess.py:93} INFO - 		Map output materialized bytes=25787
[2025-02-26T19:53:52.172+0000] {subprocess.py:93} INFO - 		Input split bytes=138
[2025-02-26T19:53:52.172+0000] {subprocess.py:93} INFO - 		Combine input records=0
[2025-02-26T19:53:52.173+0000] {subprocess.py:93} INFO - 		Spilled Records=420
[2025-02-26T19:53:52.173+0000] {subprocess.py:93} INFO - 		Failed Shuffles=0
[2025-02-26T19:53:52.174+0000] {subprocess.py:93} INFO - 		Merged Map outputs=0
[2025-02-26T19:53:52.174+0000] {subprocess.py:93} INFO - 		GC time elapsed (ms)=9
[2025-02-26T19:53:52.174+0000] {subprocess.py:93} INFO - 		Total committed heap usage (bytes)=288358400
[2025-02-26T19:53:52.175+0000] {subprocess.py:93} INFO - 	File Input Format Counters
[2025-02-26T19:53:52.175+0000] {subprocess.py:93} INFO - 		Bytes Read=44080
[2025-02-26T19:53:52.176+0000] {subprocess.py:93} INFO - 2025-02-26 19:53:52,157 INFO mapred.LocalJobRunner: Finishing task: attempt_local1016772179_0001_m_000000_0
[2025-02-26T19:53:52.177+0000] {subprocess.py:93} INFO - 2025-02-26 19:53:52,157 INFO mapred.LocalJobRunner: map task executor complete.
[2025-02-26T19:53:52.178+0000] {subprocess.py:93} INFO - 2025-02-26 19:53:52,162 INFO mapred.LocalJobRunner: Waiting for reduce tasks
[2025-02-26T19:53:52.179+0000] {subprocess.py:93} INFO - 2025-02-26 19:53:52,163 INFO mapred.LocalJobRunner: Starting task: attempt_local1016772179_0001_r_000000_0
[2025-02-26T19:53:52.179+0000] {subprocess.py:93} INFO - 2025-02-26 19:53:52,176 INFO output.FileOutputCommitter: File Output Committer Algorithm version is 2
[2025-02-26T19:53:52.180+0000] {subprocess.py:93} INFO - 2025-02-26 19:53:52,176 INFO output.FileOutputCommitter: FileOutputCommitter skip cleanup _temporary folders under output directory:false, ignore cleanup failures: false
[2025-02-26T19:53:52.180+0000] {subprocess.py:93} INFO - 2025-02-26 19:53:52,176 INFO mapred.Task:  Using ResourceCalculatorProcessTree : [ ]
[2025-02-26T19:53:52.184+0000] {subprocess.py:93} INFO - 2025-02-26 19:53:52,182 INFO mapred.ReduceTask: Using ShuffleConsumerPlugin: org.apache.hadoop.mapreduce.task.reduce.Shuffle@5daa3857
[2025-02-26T19:53:52.187+0000] {subprocess.py:93} INFO - 2025-02-26 19:53:52,185 WARN impl.MetricsSystemImpl: JobTracker metrics system already initialized!
[2025-02-26T19:53:52.209+0000] {subprocess.py:93} INFO - 2025-02-26 19:53:52,207 INFO reduce.MergeManagerImpl: MergerManager: memoryLimit=1279000576, maxSingleShuffleLimit=319750144, mergeThreshold=844140416, ioSortFactor=10, memToMemMergeOutputsThreshold=10
[2025-02-26T19:53:52.212+0000] {subprocess.py:93} INFO - 2025-02-26 19:53:52,210 INFO reduce.EventFetcher: attempt_local1016772179_0001_r_000000_0 Thread started: EventFetcher for fetching Map Completion Events
[2025-02-26T19:53:52.242+0000] {subprocess.py:93} INFO - 2025-02-26 19:53:52,240 INFO reduce.LocalFetcher: localfetcher#1 about to shuffle output of map attempt_local1016772179_0001_m_000000_0 decomp: 25783 len: 25787 to MEMORY
[2025-02-26T19:53:52.247+0000] {subprocess.py:93} INFO - 2025-02-26 19:53:52,245 INFO reduce.InMemoryMapOutput: Read 25783 bytes from map-output for attempt_local1016772179_0001_m_000000_0
[2025-02-26T19:53:52.249+0000] {subprocess.py:93} INFO - 2025-02-26 19:53:52,247 INFO reduce.MergeManagerImpl: closeInMemoryFile -> map-output of size: 25783, inMemoryMapOutputs.size() -> 1, commitMemory -> 0, usedMemory ->25783
[2025-02-26T19:53:52.252+0000] {subprocess.py:93} INFO - 2025-02-26 19:53:52,250 INFO reduce.EventFetcher: EventFetcher is interrupted.. Returning
[2025-02-26T19:53:52.255+0000] {subprocess.py:93} INFO - 2025-02-26 19:53:52,252 INFO mapred.LocalJobRunner: 1 / 1 copied.
[2025-02-26T19:53:52.256+0000] {subprocess.py:93} INFO - 2025-02-26 19:53:52,252 INFO reduce.MergeManagerImpl: finalMerge called with 1 in-memory map-outputs and 0 on-disk map-outputs
[2025-02-26T19:53:52.265+0000] {subprocess.py:93} INFO - 2025-02-26 19:53:52,263 INFO mapred.Merger: Merging 1 sorted segments
[2025-02-26T19:53:52.266+0000] {subprocess.py:93} INFO - 2025-02-26 19:53:52,263 INFO mapred.Merger: Down to the last merge-pass, with 1 segments left of total size: 25773 bytes
[2025-02-26T19:53:52.274+0000] {subprocess.py:93} INFO - 2025-02-26 19:53:52,269 INFO reduce.MergeManagerImpl: Merged 1 segments, 25783 bytes to disk to satisfy reduce memory limit
[2025-02-26T19:53:52.275+0000] {subprocess.py:93} INFO - 2025-02-26 19:53:52,270 INFO reduce.MergeManagerImpl: Merging 1 files, 25787 bytes from disk
[2025-02-26T19:53:52.276+0000] {subprocess.py:93} INFO - 2025-02-26 19:53:52,271 INFO reduce.MergeManagerImpl: Merging 0 segments, 0 bytes from memory into reduce
[2025-02-26T19:53:52.277+0000] {subprocess.py:93} INFO - 2025-02-26 19:53:52,271 INFO mapred.Merger: Merging 1 sorted segments
[2025-02-26T19:53:52.278+0000] {subprocess.py:93} INFO - 2025-02-26 19:53:52,273 INFO mapred.Merger: Down to the last merge-pass, with 1 segments left of total size: 25773 bytes
[2025-02-26T19:53:52.279+0000] {subprocess.py:93} INFO - 2025-02-26 19:53:52,275 INFO mapred.LocalJobRunner: 1 / 1 copied.
[2025-02-26T19:53:52.280+0000] {subprocess.py:93} INFO - 2025-02-26 19:53:52,278 INFO streaming.PipeMapRed: PipeMapRed exec [/usr/bin/python3, /home/reducer.py]
[2025-02-26T19:53:52.285+0000] {subprocess.py:93} INFO - 2025-02-26 19:53:52,282 INFO Configuration.deprecation: mapred.job.tracker is deprecated. Instead, use mapreduce.jobtracker.address
[2025-02-26T19:53:52.286+0000] {subprocess.py:93} INFO - 2025-02-26 19:53:52,284 INFO Configuration.deprecation: mapred.map.tasks is deprecated. Instead, use mapreduce.job.maps
[2025-02-26T19:53:52.347+0000] {subprocess.py:93} INFO - 2025-02-26 19:53:52,345 INFO streaming.PipeMapRed: MRErrorThread done
[2025-02-26T19:53:52.348+0000] {subprocess.py:93} INFO - 2025-02-26 19:53:52,345 INFO streaming.PipeMapRed: R/W/S=1/0/0 in:NA [rec/s] out:NA [rec/s]
[2025-02-26T19:53:52.350+0000] {subprocess.py:93} INFO - 2025-02-26 19:53:52,348 INFO streaming.PipeMapRed: R/W/S=10/0/0 in:NA [rec/s] out:NA [rec/s]
[2025-02-26T19:53:52.353+0000] {subprocess.py:93} INFO - 2025-02-26 19:53:52,351 INFO streaming.PipeMapRed: R/W/S=100/0/0 in:NA [rec/s] out:NA [rec/s]
[2025-02-26T19:53:52.363+0000] {subprocess.py:93} INFO - 2025-02-26 19:53:52,360 WARN streaming.PipeMapRed: {}
[2025-02-26T19:53:52.364+0000] {subprocess.py:93} INFO - java.io.IOException: Stream closed
[2025-02-26T19:53:52.365+0000] {subprocess.py:93} INFO - 	at java.lang.ProcessBuilder$NullOutputStream.write(ProcessBuilder.java:433)
[2025-02-26T19:53:52.365+0000] {subprocess.py:93} INFO - 	at java.io.OutputStream.write(OutputStream.java:116)
[2025-02-26T19:53:52.366+0000] {subprocess.py:93} INFO - 	at java.io.BufferedOutputStream.write(BufferedOutputStream.java:122)
[2025-02-26T19:53:52.367+0000] {subprocess.py:93} INFO - 	at java.io.BufferedOutputStream.flushBuffer(BufferedOutputStream.java:82)
[2025-02-26T19:53:52.367+0000] {subprocess.py:93} INFO - 	at java.io.BufferedOutputStream.flush(BufferedOutputStream.java:140)
[2025-02-26T19:53:52.368+0000] {subprocess.py:93} INFO - 	at java.io.DataOutputStream.flush(DataOutputStream.java:123)
[2025-02-26T19:53:52.368+0000] {subprocess.py:93} INFO - 	at org.apache.hadoop.streaming.PipeMapRed.mapRedFinished(PipeMapRed.java:532)
[2025-02-26T19:53:52.369+0000] {subprocess.py:93} INFO - 	at org.apache.hadoop.streaming.PipeReducer.close(PipeReducer.java:134)
[2025-02-26T19:53:52.369+0000] {subprocess.py:93} INFO - 	at org.apache.hadoop.mapred.ReduceTask.runOldReducer(ReduceTask.java:454)
[2025-02-26T19:53:52.370+0000] {subprocess.py:93} INFO - 	at org.apache.hadoop.mapred.ReduceTask.run(ReduceTask.java:393)
[2025-02-26T19:53:52.370+0000] {subprocess.py:93} INFO - 	at org.apache.hadoop.mapred.LocalJobRunner$Job$ReduceTaskRunnable.run(LocalJobRunner.java:347)
[2025-02-26T19:53:52.371+0000] {subprocess.py:93} INFO - 	at java.util.concurrent.Executors$RunnableAdapter.call(Executors.java:511)
[2025-02-26T19:53:52.371+0000] {subprocess.py:93} INFO - 	at java.util.concurrent.FutureTask.run(FutureTask.java:266)
[2025-02-26T19:53:52.372+0000] {subprocess.py:93} INFO - 	at java.util.concurrent.ThreadPoolExecutor.runWorker(ThreadPoolExecutor.java:1149)
[2025-02-26T19:53:52.372+0000] {subprocess.py:93} INFO - 	at java.util.concurrent.ThreadPoolExecutor$Worker.run(ThreadPoolExecutor.java:624)
[2025-02-26T19:53:52.373+0000] {subprocess.py:93} INFO - 	at java.lang.Thread.run(Thread.java:748)
[2025-02-26T19:53:52.374+0000] {subprocess.py:93} INFO - 2025-02-26 19:53:52,361 INFO streaming.PipeMapRed: mapRedFinished
[2025-02-26T19:53:52.377+0000] {subprocess.py:93} INFO - 2025-02-26 19:53:52,375 INFO mapred.Task: Task:attempt_local1016772179_0001_r_000000_0 is done. And is in the process of committing
[2025-02-26T19:53:52.382+0000] {subprocess.py:93} INFO - 2025-02-26 19:53:52,380 INFO mapred.LocalJobRunner: 1 / 1 copied.
[2025-02-26T19:53:52.383+0000] {subprocess.py:93} INFO - 2025-02-26 19:53:52,381 INFO mapred.Task: Task attempt_local1016772179_0001_r_000000_0 is allowed to commit now
[2025-02-26T19:53:52.418+0000] {subprocess.py:93} INFO - 2025-02-26 19:53:52,416 INFO output.FileOutputCommitter: Saved output of task 'attempt_local1016772179_0001_r_000000_0' to hdfs://namenode:9000/user/root/crypto/processed/YYYY=2025/MM=02/DD=26
[2025-02-26T19:53:52.419+0000] {subprocess.py:93} INFO - 2025-02-26 19:53:52,417 INFO mapred.LocalJobRunner: reduce > reduce
[2025-02-26T19:53:52.420+0000] {subprocess.py:93} INFO - 2025-02-26 19:53:52,417 INFO mapred.Task: Task 'attempt_local1016772179_0001_r_000000_0' done.
[2025-02-26T19:53:52.420+0000] {subprocess.py:93} INFO - 2025-02-26 19:53:52,418 INFO mapred.Task: Final Counters for attempt_local1016772179_0001_r_000000_0: Counters: 30
[2025-02-26T19:53:52.421+0000] {subprocess.py:93} INFO - 	File System Counters
[2025-02-26T19:53:52.422+0000] {subprocess.py:93} INFO - 		FILE: Number of bytes read=52803
[2025-02-26T19:53:52.423+0000] {subprocess.py:93} INFO - 		FILE: Number of bytes written=583103
[2025-02-26T19:53:52.423+0000] {subprocess.py:93} INFO - 		FILE: Number of read operations=0
[2025-02-26T19:53:52.424+0000] {subprocess.py:93} INFO - 		FILE: Number of large read operations=0
[2025-02-26T19:53:52.425+0000] {subprocess.py:93} INFO - 		FILE: Number of write operations=0
[2025-02-26T19:53:52.426+0000] {subprocess.py:93} INFO - 		HDFS: Number of bytes read=44080
[2025-02-26T19:53:52.427+0000] {subprocess.py:93} INFO - 		HDFS: Number of bytes written=0
[2025-02-26T19:53:52.428+0000] {subprocess.py:93} INFO - 		HDFS: Number of read operations=10
[2025-02-26T19:53:52.429+0000] {subprocess.py:93} INFO - 		HDFS: Number of large read operations=0
[2025-02-26T19:53:52.429+0000] {subprocess.py:93} INFO - 		HDFS: Number of write operations=3
[2025-02-26T19:53:52.430+0000] {subprocess.py:93} INFO - 		HDFS: Number of bytes read erasure-coded=0
[2025-02-26T19:53:52.430+0000] {subprocess.py:93} INFO - 	Map-Reduce Framework
[2025-02-26T19:53:52.431+0000] {subprocess.py:93} INFO - 		Combine input records=0
[2025-02-26T19:53:52.431+0000] {subprocess.py:93} INFO - 		Combine output records=0
[2025-02-26T19:53:52.432+0000] {subprocess.py:93} INFO - 		Reduce input groups=14
[2025-02-26T19:53:52.432+0000] {subprocess.py:93} INFO - 		Reduce shuffle bytes=25787
[2025-02-26T19:53:52.433+0000] {subprocess.py:93} INFO - 		Reduce input records=420
[2025-02-26T19:53:52.433+0000] {subprocess.py:93} INFO - 		Reduce output records=0
[2025-02-26T19:53:52.434+0000] {subprocess.py:93} INFO - 		Spilled Records=420
[2025-02-26T19:53:52.434+0000] {subprocess.py:93} INFO - 		Shuffled Maps =1
[2025-02-26T19:53:52.435+0000] {subprocess.py:93} INFO - 		Failed Shuffles=0
[2025-02-26T19:53:52.435+0000] {subprocess.py:93} INFO - 		Merged Map outputs=1
[2025-02-26T19:53:52.436+0000] {subprocess.py:93} INFO - 		GC time elapsed (ms)=0
[2025-02-26T19:53:52.436+0000] {subprocess.py:93} INFO - 		Total committed heap usage (bytes)=288358400
[2025-02-26T19:53:52.437+0000] {subprocess.py:93} INFO - 	Shuffle Errors
[2025-02-26T19:53:52.437+0000] {subprocess.py:93} INFO - 		BAD_ID=0
[2025-02-26T19:53:52.438+0000] {subprocess.py:93} INFO - 		CONNECTION=0
[2025-02-26T19:53:52.438+0000] {subprocess.py:93} INFO - 		IO_ERROR=0
[2025-02-26T19:53:52.439+0000] {subprocess.py:93} INFO - 		WRONG_LENGTH=0
[2025-02-26T19:53:52.439+0000] {subprocess.py:93} INFO - 		WRONG_MAP=0
[2025-02-26T19:53:52.440+0000] {subprocess.py:93} INFO - 		WRONG_REDUCE=0
[2025-02-26T19:53:52.440+0000] {subprocess.py:93} INFO - 	File Output Format Counters
[2025-02-26T19:53:52.441+0000] {subprocess.py:93} INFO - 		Bytes Written=0
[2025-02-26T19:53:52.441+0000] {subprocess.py:93} INFO - 2025-02-26 19:53:52,418 INFO mapred.LocalJobRunner: Finishing task: attempt_local1016772179_0001_r_000000_0
[2025-02-26T19:53:52.442+0000] {subprocess.py:93} INFO - 2025-02-26 19:53:52,418 INFO mapred.LocalJobRunner: reduce task executor complete.
[2025-02-26T19:53:52.698+0000] {subprocess.py:93} INFO - 2025-02-26 19:53:52,696 INFO mapreduce.Job: Job job_local1016772179_0001 running in uber mode : false
[2025-02-26T19:53:52.699+0000] {subprocess.py:93} INFO - 2025-02-26 19:53:52,697 INFO mapreduce.Job:  map 100% reduce 100%
[2025-02-26T19:53:52.701+0000] {subprocess.py:93} INFO - 2025-02-26 19:53:52,699 INFO mapreduce.Job: Job job_local1016772179_0001 completed successfully
[2025-02-26T19:53:52.714+0000] {subprocess.py:93} INFO - 2025-02-26 19:53:52,713 INFO mapreduce.Job: Counters: 36
[2025-02-26T19:53:52.715+0000] {subprocess.py:93} INFO - 	File System Counters
[2025-02-26T19:53:52.716+0000] {subprocess.py:93} INFO - 		FILE: Number of bytes read=54000
[2025-02-26T19:53:52.716+0000] {subprocess.py:93} INFO - 		FILE: Number of bytes written=1140419
[2025-02-26T19:53:52.717+0000] {subprocess.py:93} INFO - 		FILE: Number of read operations=0
[2025-02-26T19:53:52.718+0000] {subprocess.py:93} INFO - 		FILE: Number of large read operations=0
[2025-02-26T19:53:52.719+0000] {subprocess.py:93} INFO - 		FILE: Number of write operations=0
[2025-02-26T19:53:52.719+0000] {subprocess.py:93} INFO - 		HDFS: Number of bytes read=88160
[2025-02-26T19:53:52.720+0000] {subprocess.py:93} INFO - 		HDFS: Number of bytes written=0
[2025-02-26T19:53:52.721+0000] {subprocess.py:93} INFO - 		HDFS: Number of read operations=15
[2025-02-26T19:53:52.721+0000] {subprocess.py:93} INFO - 		HDFS: Number of large read operations=0
[2025-02-26T19:53:52.722+0000] {subprocess.py:93} INFO - 		HDFS: Number of write operations=4
[2025-02-26T19:53:52.722+0000] {subprocess.py:93} INFO - 		HDFS: Number of bytes read erasure-coded=0
[2025-02-26T19:53:52.723+0000] {subprocess.py:93} INFO - 	Map-Reduce Framework
[2025-02-26T19:53:52.724+0000] {subprocess.py:93} INFO - 		Map input records=421
[2025-02-26T19:53:52.724+0000] {subprocess.py:93} INFO - 		Map output records=420
[2025-02-26T19:53:52.725+0000] {subprocess.py:93} INFO - 		Map output bytes=24941
[2025-02-26T19:53:52.726+0000] {subprocess.py:93} INFO - 		Map output materialized bytes=25787
[2025-02-26T19:53:52.726+0000] {subprocess.py:93} INFO - 		Input split bytes=138
[2025-02-26T19:53:52.727+0000] {subprocess.py:93} INFO - 		Combine input records=0
[2025-02-26T19:53:52.728+0000] {subprocess.py:93} INFO - 		Combine output records=0
[2025-02-26T19:53:52.728+0000] {subprocess.py:93} INFO - 		Reduce input groups=14
[2025-02-26T19:53:52.729+0000] {subprocess.py:93} INFO - 		Reduce shuffle bytes=25787
[2025-02-26T19:53:52.729+0000] {subprocess.py:93} INFO - 		Reduce input records=420
[2025-02-26T19:53:52.730+0000] {subprocess.py:93} INFO - 		Reduce output records=0
[2025-02-26T19:53:52.730+0000] {subprocess.py:93} INFO - 		Spilled Records=840
[2025-02-26T19:53:52.731+0000] {subprocess.py:93} INFO - 		Shuffled Maps =1
[2025-02-26T19:53:52.731+0000] {subprocess.py:93} INFO - 		Failed Shuffles=0
[2025-02-26T19:53:52.732+0000] {subprocess.py:93} INFO - 		Merged Map outputs=1
[2025-02-26T19:53:52.732+0000] {subprocess.py:93} INFO - 		GC time elapsed (ms)=9
[2025-02-26T19:53:52.733+0000] {subprocess.py:93} INFO - 		Total committed heap usage (bytes)=576716800
[2025-02-26T19:53:52.733+0000] {subprocess.py:93} INFO - 	Shuffle Errors
[2025-02-26T19:53:52.733+0000] {subprocess.py:93} INFO - 		BAD_ID=0
[2025-02-26T19:53:52.734+0000] {subprocess.py:93} INFO - 		CONNECTION=0
[2025-02-26T19:53:52.734+0000] {subprocess.py:93} INFO - 		IO_ERROR=0
[2025-02-26T19:53:52.735+0000] {subprocess.py:93} INFO - 		WRONG_LENGTH=0
[2025-02-26T19:53:52.736+0000] {subprocess.py:93} INFO - 		WRONG_MAP=0
[2025-02-26T19:53:52.737+0000] {subprocess.py:93} INFO - 		WRONG_REDUCE=0
[2025-02-26T19:53:52.737+0000] {subprocess.py:93} INFO - 	File Input Format Counters
[2025-02-26T19:53:52.737+0000] {subprocess.py:93} INFO - 		Bytes Read=44080
[2025-02-26T19:53:52.738+0000] {subprocess.py:93} INFO - 	File Output Format Counters
[2025-02-26T19:53:52.738+0000] {subprocess.py:93} INFO - 		Bytes Written=0
[2025-02-26T19:53:52.739+0000] {subprocess.py:93} INFO - 2025-02-26 19:53:52,713 INFO streaming.StreamJob: Output directory: /user/root/crypto/processed/YYYY=2025/MM=02/DD=26
[2025-02-26T19:53:53.234+0000] {subprocess.py:97} INFO - Command exited with return code 0
[2025-02-26T19:53:53.276+0000] {taskinstance.py:1400} INFO - Marking task as SUCCESS. dag_id=load_to_habase, task_id=run_mapreduce_job, execution_date=20250226T195340, start_date=20250226T195343, end_date=20250226T195353
[2025-02-26T19:53:53.348+0000] {local_task_job_runner.py:228} INFO - Task exited with return code 0
[2025-02-26T19:53:53.365+0000] {taskinstance.py:2784} INFO - 0 downstream tasks scheduled from follow-on schedule check
