[2025-02-23T17:24:37.193+0000] {taskinstance.py:1159} INFO - Dependencies all met for dep_context=non-requeueable deps ti=<TaskInstance: fetch_crypto_data_and_upload_to_hdfs.upload_to_hdfs manual__2025-02-23T17:24:14.404207+00:00 [queued]>
[2025-02-23T17:24:37.205+0000] {taskinstance.py:1159} INFO - Dependencies all met for dep_context=requeueable deps ti=<TaskInstance: fetch_crypto_data_and_upload_to_hdfs.upload_to_hdfs manual__2025-02-23T17:24:14.404207+00:00 [queued]>
[2025-02-23T17:24:37.206+0000] {taskinstance.py:1361} INFO - Starting attempt 1 of 2
[2025-02-23T17:24:37.229+0000] {taskinstance.py:1382} INFO - Executing <Task(BashOperator): upload_to_hdfs> on 2025-02-23 17:24:14.404207+00:00
[2025-02-23T17:24:37.241+0000] {standard_task_runner.py:57} INFO - Started process 26532 to run task
[2025-02-23T17:24:37.246+0000] {standard_task_runner.py:84} INFO - Running: ['***', 'tasks', 'run', 'fetch_crypto_data_and_upload_to_hdfs', 'upload_to_hdfs', 'manual__2025-02-23T17:24:14.404207+00:00', '--job-id', '18', '--raw', '--subdir', 'DAGS_FOLDER/ingest_data.py', '--cfg-path', '/tmp/tmp62v34496']
[2025-02-23T17:24:37.252+0000] {standard_task_runner.py:85} INFO - Job 18: Subtask upload_to_hdfs
[2025-02-23T17:24:37.352+0000] {task_command.py:415} INFO - Running <TaskInstance: fetch_crypto_data_and_upload_to_hdfs.upload_to_hdfs manual__2025-02-23T17:24:14.404207+00:00 [running]> on host 39872518d13d
[2025-02-23T17:24:37.522+0000] {taskinstance.py:1660} INFO - Exporting env vars: AIRFLOW_CTX_DAG_OWNER='***' AIRFLOW_CTX_DAG_ID='fetch_crypto_data_and_upload_to_hdfs' AIRFLOW_CTX_TASK_ID='upload_to_hdfs' AIRFLOW_CTX_EXECUTION_DATE='2025-02-23T17:24:14.404207+00:00' AIRFLOW_CTX_TRY_NUMBER='1' AIRFLOW_CTX_DAG_RUN_ID='manual__2025-02-23T17:24:14.404207+00:00'
[2025-02-23T17:24:37.529+0000] {subprocess.py:63} INFO - Tmp dir root location: /tmp
[2025-02-23T17:24:37.542+0000] {subprocess.py:75} INFO - Running command: ['/bin/bash', '-c', 'docker exec -it -u root namenode bash -c "hdfs dfs -put -f /tmp/crypto_historical_data.csv /user/hadoop/crypto_historical_data.csv"']
[2025-02-23T17:24:37.579+0000] {subprocess.py:86} INFO - Output:
[2025-02-23T17:24:37.675+0000] {subprocess.py:93} INFO - the input device is not a TTY
[2025-02-23T17:24:37.679+0000] {subprocess.py:97} INFO - Command exited with return code 1
[2025-02-23T17:24:37.706+0000] {taskinstance.py:1943} ERROR - Task failed with exception
Traceback (most recent call last):
  File "/home/airflow/.local/lib/python3.9/site-packages/airflow/operators/bash.py", line 210, in execute
    raise AirflowException(
airflow.exceptions.AirflowException: Bash command failed. The command returned a non-zero exit code 1.
[2025-02-23T17:24:37.716+0000] {taskinstance.py:1400} INFO - Marking task as UP_FOR_RETRY. dag_id=fetch_crypto_data_and_upload_to_hdfs, task_id=upload_to_hdfs, execution_date=20250223T172414, start_date=20250223T172437, end_date=20250223T172437
[2025-02-23T17:24:37.733+0000] {standard_task_runner.py:104} ERROR - Failed to execute job 18 for task upload_to_hdfs (Bash command failed. The command returned a non-zero exit code 1.; 26532)
[2025-02-23T17:24:37.755+0000] {local_task_job_runner.py:228} INFO - Task exited with return code 1
[2025-02-23T17:24:37.791+0000] {taskinstance.py:2784} INFO - 0 downstream tasks scheduled from follow-on schedule check
