[2025-02-23T17:29:39.354+0000] {taskinstance.py:1159} INFO - Dependencies all met for dep_context=non-requeueable deps ti=<TaskInstance: fetch_crypto_data_and_upload_to_hdfs.upload_to_hdfs manual__2025-02-23T17:24:14.404207+00:00 [queued]>
[2025-02-23T17:29:39.369+0000] {taskinstance.py:1159} INFO - Dependencies all met for dep_context=requeueable deps ti=<TaskInstance: fetch_crypto_data_and_upload_to_hdfs.upload_to_hdfs manual__2025-02-23T17:24:14.404207+00:00 [queued]>
[2025-02-23T17:29:39.370+0000] {taskinstance.py:1361} INFO - Starting attempt 2 of 2
[2025-02-23T17:29:39.388+0000] {taskinstance.py:1382} INFO - Executing <Task(BashOperator): upload_to_hdfs> on 2025-02-23 17:24:14.404207+00:00
[2025-02-23T17:29:39.396+0000] {standard_task_runner.py:57} INFO - Started process 31988 to run task
[2025-02-23T17:29:39.399+0000] {standard_task_runner.py:84} INFO - Running: ['***', 'tasks', 'run', 'fetch_crypto_data_and_upload_to_hdfs', 'upload_to_hdfs', 'manual__2025-02-23T17:24:14.404207+00:00', '--job-id', '19', '--raw', '--subdir', 'DAGS_FOLDER/ingest_data.py', '--cfg-path', '/tmp/tmp4ok9xgyi']
[2025-02-23T17:29:39.403+0000] {standard_task_runner.py:85} INFO - Job 19: Subtask upload_to_hdfs
[2025-02-23T17:29:39.464+0000] {task_command.py:415} INFO - Running <TaskInstance: fetch_crypto_data_and_upload_to_hdfs.upload_to_hdfs manual__2025-02-23T17:24:14.404207+00:00 [running]> on host 39872518d13d
[2025-02-23T17:29:39.549+0000] {taskinstance.py:1660} INFO - Exporting env vars: AIRFLOW_CTX_DAG_OWNER='***' AIRFLOW_CTX_DAG_ID='fetch_crypto_data_and_upload_to_hdfs' AIRFLOW_CTX_TASK_ID='upload_to_hdfs' AIRFLOW_CTX_EXECUTION_DATE='2025-02-23T17:24:14.404207+00:00' AIRFLOW_CTX_TRY_NUMBER='2' AIRFLOW_CTX_DAG_RUN_ID='manual__2025-02-23T17:24:14.404207+00:00'
[2025-02-23T17:29:39.551+0000] {subprocess.py:63} INFO - Tmp dir root location: /tmp
[2025-02-23T17:29:39.554+0000] {subprocess.py:75} INFO - Running command: ['/bin/bash', '-c', 'docker exec -it -u root namenode bash -c "hdfs dfs -put -f /tmp/crypto_historical_data.csv /user/hadoop/crypto_historical_data.csv"']
[2025-02-23T17:29:39.569+0000] {subprocess.py:86} INFO - Output:
[2025-02-23T17:29:39.607+0000] {subprocess.py:93} INFO - the input device is not a TTY
[2025-02-23T17:29:39.609+0000] {subprocess.py:97} INFO - Command exited with return code 1
[2025-02-23T17:29:39.623+0000] {taskinstance.py:1943} ERROR - Task failed with exception
Traceback (most recent call last):
  File "/home/airflow/.local/lib/python3.9/site-packages/airflow/operators/bash.py", line 210, in execute
    raise AirflowException(
airflow.exceptions.AirflowException: Bash command failed. The command returned a non-zero exit code 1.
[2025-02-23T17:29:39.627+0000] {taskinstance.py:1400} INFO - Marking task as FAILED. dag_id=fetch_crypto_data_and_upload_to_hdfs, task_id=upload_to_hdfs, execution_date=20250223T172414, start_date=20250223T172939, end_date=20250223T172939
[2025-02-23T17:29:39.641+0000] {standard_task_runner.py:104} ERROR - Failed to execute job 19 for task upload_to_hdfs (Bash command failed. The command returned a non-zero exit code 1.; 31988)
[2025-02-23T17:29:39.658+0000] {local_task_job_runner.py:228} INFO - Task exited with return code 1
[2025-02-23T17:29:39.692+0000] {taskinstance.py:2784} INFO - 0 downstream tasks scheduled from follow-on schedule check
