[2025-02-23T17:03:43.355+0000] {taskinstance.py:1159} INFO - Dependencies all met for dep_context=non-requeueable deps ti=<TaskInstance: fetch_crypto_data_and_upload_to_hdfs.upload_to_hdfs manual__2025-02-23T16:43:13.546326+00:00 [queued]>
[2025-02-23T17:03:43.365+0000] {taskinstance.py:1159} INFO - Dependencies all met for dep_context=requeueable deps ti=<TaskInstance: fetch_crypto_data_and_upload_to_hdfs.upload_to_hdfs manual__2025-02-23T16:43:13.546326+00:00 [queued]>
[2025-02-23T17:03:43.366+0000] {taskinstance.py:1361} INFO - Starting attempt 2 of 2
[2025-02-23T17:03:43.385+0000] {taskinstance.py:1382} INFO - Executing <Task(BashOperator): upload_to_hdfs> on 2025-02-23 16:43:13.546326+00:00
[2025-02-23T17:03:43.393+0000] {standard_task_runner.py:57} INFO - Started process 3901 to run task
[2025-02-23T17:03:43.398+0000] {standard_task_runner.py:84} INFO - Running: ['***', 'tasks', 'run', 'fetch_crypto_data_and_upload_to_hdfs', 'upload_to_hdfs', 'manual__2025-02-23T16:43:13.546326+00:00', '--job-id', '16', '--raw', '--subdir', 'DAGS_FOLDER/ingest_data.py', '--cfg-path', '/tmp/tmpg83r8yzg']
[2025-02-23T17:03:43.403+0000] {standard_task_runner.py:85} INFO - Job 16: Subtask upload_to_hdfs
[2025-02-23T17:03:43.487+0000] {task_command.py:415} INFO - Running <TaskInstance: fetch_crypto_data_and_upload_to_hdfs.upload_to_hdfs manual__2025-02-23T16:43:13.546326+00:00 [running]> on host 39872518d13d
[2025-02-23T17:03:43.614+0000] {taskinstance.py:1660} INFO - Exporting env vars: AIRFLOW_CTX_DAG_OWNER='***' AIRFLOW_CTX_DAG_ID='fetch_crypto_data_and_upload_to_hdfs' AIRFLOW_CTX_TASK_ID='upload_to_hdfs' AIRFLOW_CTX_EXECUTION_DATE='2025-02-23T16:43:13.546326+00:00' AIRFLOW_CTX_TRY_NUMBER='2' AIRFLOW_CTX_DAG_RUN_ID='manual__2025-02-23T16:43:13.546326+00:00'
[2025-02-23T17:03:43.616+0000] {subprocess.py:63} INFO - Tmp dir root location: /tmp
[2025-02-23T17:03:43.619+0000] {subprocess.py:75} INFO - Running command: ['/bin/bash', '-c', 'docker exec -it -u root namenode bash -c "hdfs dfs -put -f /tmp/crypto_historical_data.csv /user/hadoop/crypto_historical_data.csv"']
[2025-02-23T17:03:43.634+0000] {subprocess.py:86} INFO - Output:
[2025-02-23T17:03:43.716+0000] {subprocess.py:93} INFO - the input device is not a TTY
[2025-02-23T17:03:43.719+0000] {subprocess.py:97} INFO - Command exited with return code 1
[2025-02-23T17:03:43.743+0000] {taskinstance.py:1943} ERROR - Task failed with exception
Traceback (most recent call last):
  File "/home/airflow/.local/lib/python3.9/site-packages/airflow/operators/bash.py", line 210, in execute
    raise AirflowException(
airflow.exceptions.AirflowException: Bash command failed. The command returned a non-zero exit code 1.
[2025-02-23T17:03:43.749+0000] {taskinstance.py:1400} INFO - Marking task as FAILED. dag_id=fetch_crypto_data_and_upload_to_hdfs, task_id=upload_to_hdfs, execution_date=20250223T164313, start_date=20250223T170343, end_date=20250223T170343
[2025-02-23T17:03:43.770+0000] {standard_task_runner.py:104} ERROR - Failed to execute job 16 for task upload_to_hdfs (Bash command failed. The command returned a non-zero exit code 1.; 3901)
[2025-02-23T17:03:43.811+0000] {local_task_job_runner.py:228} INFO - Task exited with return code 1
[2025-02-23T17:03:43.856+0000] {taskinstance.py:2784} INFO - 0 downstream tasks scheduled from follow-on schedule check
