[2025-02-22T19:27:45.299+0000] {taskinstance.py:1157} INFO - Dependencies all met for dep_context=non-requeueable deps ti=<TaskInstance: coingecko_ingestion_dag.store_raw_data_in_hdfs scheduled__2025-02-12T00:00:00+00:00 [queued]>
[2025-02-22T19:27:45.336+0000] {taskinstance.py:1157} INFO - Dependencies all met for dep_context=requeueable deps ti=<TaskInstance: coingecko_ingestion_dag.store_raw_data_in_hdfs scheduled__2025-02-12T00:00:00+00:00 [queued]>
[2025-02-22T19:27:45.338+0000] {taskinstance.py:1359} INFO - Starting attempt 1 of 2
[2025-02-22T19:27:45.379+0000] {taskinstance.py:1380} INFO - Executing <Task(PythonOperator): store_raw_data_in_hdfs> on 2025-02-12 00:00:00+00:00
[2025-02-22T19:27:45.388+0000] {standard_task_runner.py:57} INFO - Started process 1419 to run task
[2025-02-22T19:27:45.395+0000] {standard_task_runner.py:84} INFO - Running: ['***', 'tasks', 'run', 'coingecko_ingestion_dag', 'store_raw_data_in_hdfs', 'scheduled__2025-02-12T00:00:00+00:00', '--job-id', '149', '--raw', '--subdir', 'DAGS_FOLDER/ingest_data.py', '--cfg-path', '/tmp/tmp2b5eslgx']
[2025-02-22T19:27:45.400+0000] {standard_task_runner.py:85} INFO - Job 149: Subtask store_raw_data_in_hdfs
[2025-02-22T19:27:45.487+0000] {task_command.py:415} INFO - Running <TaskInstance: coingecko_ingestion_dag.store_raw_data_in_hdfs scheduled__2025-02-12T00:00:00+00:00 [running]> on host 972836975d47
[2025-02-22T19:27:45.658+0000] {taskinstance.py:1660} INFO - Exporting env vars: AIRFLOW_CTX_DAG_OWNER='etudiant' AIRFLOW_CTX_DAG_ID='coingecko_ingestion_dag' AIRFLOW_CTX_TASK_ID='store_raw_data_in_hdfs' AIRFLOW_CTX_EXECUTION_DATE='2025-02-12T00:00:00+00:00' AIRFLOW_CTX_TRY_NUMBER='1' AIRFLOW_CTX_DAG_RUN_ID='scheduled__2025-02-12T00:00:00+00:00'
[2025-02-22T19:27:45.713+0000] {taskinstance.py:1935} ERROR - Task failed with exception
Traceback (most recent call last):
  File "/home/airflow/.local/lib/python3.8/site-packages/airflow/operators/python.py", line 192, in execute
    return_value = self.execute_callable()
  File "/home/airflow/.local/lib/python3.8/site-packages/airflow/operators/python.py", line 209, in execute_callable
    return self.python_callable(*self.op_args, **self.op_kwargs)
  File "/opt/airflow/dags/ingest_data.py", line 48, in store_raw_data_in_hdfs
    subprocess.run(["hdfs", "dfs", "-mkdir", "-p", hdfs_dir])
  File "/usr/local/lib/python3.8/subprocess.py", line 493, in run
    with Popen(*popenargs, **kwargs) as process:
  File "/usr/local/lib/python3.8/subprocess.py", line 858, in __init__
    self._execute_child(args, executable, preexec_fn, close_fds,
  File "/usr/local/lib/python3.8/subprocess.py", line 1720, in _execute_child
    raise child_exception_type(errno_num, err_msg, err_filename)
PermissionError: [Errno 13] Permission denied: 'hdfs'
[2025-02-22T19:27:45.734+0000] {taskinstance.py:1398} INFO - Marking task as UP_FOR_RETRY. dag_id=coingecko_ingestion_dag, task_id=store_raw_data_in_hdfs, execution_date=20250212T000000, start_date=20250222T192745, end_date=20250222T192745
[2025-02-22T19:27:45.759+0000] {standard_task_runner.py:104} ERROR - Failed to execute job 149 for task store_raw_data_in_hdfs ([Errno 13] Permission denied: 'hdfs'; 1419)
[2025-02-22T19:27:45.810+0000] {local_task_job_runner.py:228} INFO - Task exited with return code 1
[2025-02-22T19:27:45.946+0000] {taskinstance.py:2776} INFO - 0 downstream tasks scheduled from follow-on schedule check
[2025-02-23T13:37:36.934+0000] {taskinstance.py:1157} INFO - Dependencies all met for dep_context=non-requeueable deps ti=<TaskInstance: coingecko_ingestion_dag.store_raw_data_in_hdfs scheduled__2025-02-12T00:00:00+00:00 [queued]>
[2025-02-23T13:37:36.984+0000] {taskinstance.py:1157} INFO - Dependencies all met for dep_context=requeueable deps ti=<TaskInstance: coingecko_ingestion_dag.store_raw_data_in_hdfs scheduled__2025-02-12T00:00:00+00:00 [queued]>
[2025-02-23T13:37:36.986+0000] {taskinstance.py:1359} INFO - Starting attempt 1 of 2
[2025-02-23T13:37:37.060+0000] {taskinstance.py:1380} INFO - Executing <Task(PythonOperator): store_raw_data_in_hdfs> on 2025-02-12 00:00:00+00:00
[2025-02-23T13:37:37.107+0000] {standard_task_runner.py:57} INFO - Started process 1514 to run task
[2025-02-23T13:37:37.149+0000] {standard_task_runner.py:84} INFO - Running: ['***', 'tasks', 'run', 'coingecko_ingestion_dag', 'store_raw_data_in_hdfs', 'scheduled__2025-02-12T00:00:00+00:00', '--job-id', '100', '--raw', '--subdir', 'DAGS_FOLDER/ingest_data.py', '--cfg-path', '/tmp/tmpc6_k5_67']
[2025-02-23T13:37:37.201+0000] {standard_task_runner.py:85} INFO - Job 100: Subtask store_raw_data_in_hdfs
[2025-02-23T13:37:37.622+0000] {task_command.py:415} INFO - Running <TaskInstance: coingecko_ingestion_dag.store_raw_data_in_hdfs scheduled__2025-02-12T00:00:00+00:00 [running]> on host 49036eb7676e
[2025-02-23T13:37:38.351+0000] {taskinstance.py:1660} INFO - Exporting env vars: AIRFLOW_CTX_DAG_OWNER='etudiant' AIRFLOW_CTX_DAG_ID='coingecko_ingestion_dag' AIRFLOW_CTX_TASK_ID='store_raw_data_in_hdfs' AIRFLOW_CTX_EXECUTION_DATE='2025-02-12T00:00:00+00:00' AIRFLOW_CTX_TRY_NUMBER='1' AIRFLOW_CTX_DAG_RUN_ID='scheduled__2025-02-12T00:00:00+00:00'
[2025-02-23T13:37:38.528+0000] {taskinstance.py:1935} ERROR - Task failed with exception
Traceback (most recent call last):
  File "/home/airflow/.local/lib/python3.8/site-packages/airflow/operators/python.py", line 192, in execute
    return_value = self.execute_callable()
  File "/home/airflow/.local/lib/python3.8/site-packages/airflow/operators/python.py", line 209, in execute_callable
    return self.python_callable(*self.op_args, **self.op_kwargs)
  File "/opt/airflow/dags/ingest_data.py", line 48, in store_raw_data_in_hdfs
    subprocess.run(["hdfs", "dfs", "-mkdir", "-p", hdfs_dir])
  File "/usr/local/lib/python3.8/subprocess.py", line 493, in run
    with Popen(*popenargs, **kwargs) as process:
  File "/usr/local/lib/python3.8/subprocess.py", line 858, in __init__
    self._execute_child(args, executable, preexec_fn, close_fds,
  File "/usr/local/lib/python3.8/subprocess.py", line 1720, in _execute_child
    raise child_exception_type(errno_num, err_msg, err_filename)
PermissionError: [Errno 13] Permission denied: 'hdfs'
[2025-02-23T13:37:38.574+0000] {taskinstance.py:1398} INFO - Marking task as UP_FOR_RETRY. dag_id=coingecko_ingestion_dag, task_id=store_raw_data_in_hdfs, execution_date=20250212T000000, start_date=20250223T133736, end_date=20250223T133738
[2025-02-23T13:37:38.696+0000] {standard_task_runner.py:104} ERROR - Failed to execute job 100 for task store_raw_data_in_hdfs ([Errno 13] Permission denied: 'hdfs'; 1514)
[2025-02-23T13:37:38.733+0000] {local_task_job_runner.py:228} INFO - Task exited with return code 1
[2025-02-23T13:37:38.833+0000] {taskinstance.py:2776} INFO - 0 downstream tasks scheduled from follow-on schedule check
