[2025-02-26T20:06:12.081+0000] {taskinstance.py:1159} INFO - Dependencies all met for dep_context=non-requeueable deps ti=<TaskInstance: load_to_hbase.load_into_hbase manual__2025-02-26T20:06:10.147459+00:00 [queued]>
[2025-02-26T20:06:12.097+0000] {taskinstance.py:1159} INFO - Dependencies all met for dep_context=requeueable deps ti=<TaskInstance: load_to_hbase.load_into_hbase manual__2025-02-26T20:06:10.147459+00:00 [queued]>
[2025-02-26T20:06:12.098+0000] {taskinstance.py:1361} INFO - Starting attempt 1 of 2
[2025-02-26T20:06:12.124+0000] {taskinstance.py:1382} INFO - Executing <Task(PythonOperator): load_into_hbase> on 2025-02-26 20:06:10.147459+00:00
[2025-02-26T20:06:12.133+0000] {standard_task_runner.py:57} INFO - Started process 25771 to run task
[2025-02-26T20:06:12.141+0000] {standard_task_runner.py:84} INFO - Running: ['***', 'tasks', 'run', 'load_to_hbase', 'load_into_hbase', 'manual__2025-02-26T20:06:10.147459+00:00', '--job-id', '32', '--raw', '--subdir', 'DAGS_FOLDER/load_data.py', '--cfg-path', '/tmp/tmp_ssnwadj']
[2025-02-26T20:06:12.146+0000] {standard_task_runner.py:85} INFO - Job 32: Subtask load_into_hbase
[2025-02-26T20:06:12.243+0000] {task_command.py:415} INFO - Running <TaskInstance: load_to_hbase.load_into_hbase manual__2025-02-26T20:06:10.147459+00:00 [running]> on host 8d9ab8d4ded3
[2025-02-26T20:06:12.396+0000] {taskinstance.py:1660} INFO - Exporting env vars: AIRFLOW_CTX_DAG_OWNER='***' AIRFLOW_CTX_DAG_ID='load_to_hbase' AIRFLOW_CTX_TASK_ID='load_into_hbase' AIRFLOW_CTX_EXECUTION_DATE='2025-02-26T20:06:10.147459+00:00' AIRFLOW_CTX_TRY_NUMBER='1' AIRFLOW_CTX_DAG_RUN_ID='manual__2025-02-26T20:06:10.147459+00:00'
[2025-02-26T20:06:15.810+0000] {taskinstance.py:1943} ERROR - Task failed with exception
Traceback (most recent call last):
  File "/home/airflow/.local/lib/python3.9/site-packages/thriftpy2/transport/socket.py", line 98, in open
    self.sock.connect(addr)
ConnectionRefusedError: [Errno 111] Connection refused

During handling of the above exception, another exception occurred:

Traceback (most recent call last):
  File "/home/airflow/.local/lib/python3.9/site-packages/airflow/operators/python.py", line 192, in execute
    return_value = self.execute_callable()
  File "/home/airflow/.local/lib/python3.9/site-packages/airflow/operators/python.py", line 209, in execute_callable
    return self.python_callable(*self.op_args, **self.op_kwargs)
  File "/opt/airflow/dags/load_data.py", line 63, in load_processed_data
    connection = happybase.Connection('localhost')  # Adjust to your HBase host if needed
  File "/home/airflow/.local/lib/python3.9/site-packages/happybase/connection.py", line 148, in __init__
    self.open()
  File "/home/airflow/.local/lib/python3.9/site-packages/happybase/connection.py", line 176, in open
    self.transport.open()
  File "thriftpy2/transport/buffered/cybuffered.pyx", line 34, in thriftpy2.transport.buffered.cybuffered.TCyBufferedTransport.open
  File "/home/airflow/.local/lib/python3.9/site-packages/thriftpy2/transport/socket.py", line 105, in open
    raise TTransportException(
thriftpy2.transport.base.TTransportException: TTransportException(type=1, message="Could not connect to ('localhost', 9090)")
[2025-02-26T20:06:15.831+0000] {taskinstance.py:1400} INFO - Marking task as UP_FOR_RETRY. dag_id=load_to_hbase, task_id=load_into_hbase, execution_date=20250226T200610, start_date=20250226T200612, end_date=20250226T200615
[2025-02-26T20:06:15.857+0000] {standard_task_runner.py:104} ERROR - Failed to execute job 32 for task load_into_hbase (TTransportException(type=1, message="Could not connect to ('localhost', 9090)"); 25771)
[2025-02-26T20:06:15.878+0000] {local_task_job_runner.py:228} INFO - Task exited with return code 1
[2025-02-26T20:06:15.904+0000] {taskinstance.py:2784} INFO - 0 downstream tasks scheduled from follow-on schedule check
