[2025-02-23T18:23:06.118+0000] {taskinstance.py:1159} INFO - Dependencies all met for dep_context=non-requeueable deps ti=<TaskInstance: fetch_crypto_data_and_upload_to_hdfs.upload_to_hdfs manual__2025-02-23T18:17:52.406706+00:00 [queued]>
[2025-02-23T18:23:06.131+0000] {taskinstance.py:1159} INFO - Dependencies all met for dep_context=requeueable deps ti=<TaskInstance: fetch_crypto_data_and_upload_to_hdfs.upload_to_hdfs manual__2025-02-23T18:17:52.406706+00:00 [queued]>
[2025-02-23T18:23:06.132+0000] {taskinstance.py:1361} INFO - Starting attempt 2 of 2
[2025-02-23T18:23:06.151+0000] {taskinstance.py:1382} INFO - Executing <Task(BashOperator): upload_to_hdfs> on 2025-02-23 18:17:52.406706+00:00
[2025-02-23T18:23:06.158+0000] {standard_task_runner.py:57} INFO - Started process 23030 to run task
[2025-02-23T18:23:06.165+0000] {standard_task_runner.py:84} INFO - Running: ['***', 'tasks', 'run', 'fetch_crypto_data_and_upload_to_hdfs', 'upload_to_hdfs', 'manual__2025-02-23T18:17:52.406706+00:00', '--job-id', '13', '--raw', '--subdir', 'DAGS_FOLDER/ingest_data.py', '--cfg-path', '/tmp/tmpeateuzxg']
[2025-02-23T18:23:06.169+0000] {standard_task_runner.py:85} INFO - Job 13: Subtask upload_to_hdfs
[2025-02-23T18:23:06.260+0000] {task_command.py:415} INFO - Running <TaskInstance: fetch_crypto_data_and_upload_to_hdfs.upload_to_hdfs manual__2025-02-23T18:17:52.406706+00:00 [running]> on host 95f034191b67
[2025-02-23T18:23:06.362+0000] {taskinstance.py:1660} INFO - Exporting env vars: AIRFLOW_CTX_DAG_OWNER='***' AIRFLOW_CTX_DAG_ID='fetch_crypto_data_and_upload_to_hdfs' AIRFLOW_CTX_TASK_ID='upload_to_hdfs' AIRFLOW_CTX_EXECUTION_DATE='2025-02-23T18:17:52.406706+00:00' AIRFLOW_CTX_TRY_NUMBER='2' AIRFLOW_CTX_DAG_RUN_ID='manual__2025-02-23T18:17:52.406706+00:00'
[2025-02-23T18:23:06.365+0000] {subprocess.py:63} INFO - Tmp dir root location: /tmp
[2025-02-23T18:23:06.367+0000] {subprocess.py:75} INFO - Running command: ['/bin/bash', '-c', 'cd /tmp && docker cp crypto_historical_data.csv namenode:/tmp/crypto_historical_data.csv && docker exec namenode bash -c "cd /tmp && hdfs dfs -put crypto_historical_data.csv"']
[2025-02-23T18:23:06.381+0000] {subprocess.py:86} INFO - Output:
[2025-02-23T18:23:08.376+0000] {subprocess.py:93} INFO - put: `crypto_historical_data.csv': File exists
[2025-02-23T18:23:08.858+0000] {subprocess.py:97} INFO - Command exited with return code 1
[2025-02-23T18:23:08.887+0000] {taskinstance.py:1943} ERROR - Task failed with exception
Traceback (most recent call last):
  File "/home/airflow/.local/lib/python3.9/site-packages/airflow/operators/bash.py", line 210, in execute
    raise AirflowException(
airflow.exceptions.AirflowException: Bash command failed. The command returned a non-zero exit code 1.
[2025-02-23T18:23:08.899+0000] {taskinstance.py:1400} INFO - Marking task as FAILED. dag_id=fetch_crypto_data_and_upload_to_hdfs, task_id=upload_to_hdfs, execution_date=20250223T181752, start_date=20250223T182306, end_date=20250223T182308
[2025-02-23T18:23:08.921+0000] {standard_task_runner.py:104} ERROR - Failed to execute job 13 for task upload_to_hdfs (Bash command failed. The command returned a non-zero exit code 1.; 23030)
[2025-02-23T18:23:08.933+0000] {local_task_job_runner.py:228} INFO - Task exited with return code 1
[2025-02-23T18:23:08.968+0000] {taskinstance.py:2784} INFO - 0 downstream tasks scheduled from follow-on schedule check
