[2025-02-23T18:18:00.525+0000] {taskinstance.py:1159} INFO - Dependencies all met for dep_context=non-requeueable deps ti=<TaskInstance: fetch_crypto_data_and_upload_to_hdfs.upload_to_hdfs manual__2025-02-23T18:17:52.406706+00:00 [queued]>
[2025-02-23T18:18:00.542+0000] {taskinstance.py:1159} INFO - Dependencies all met for dep_context=requeueable deps ti=<TaskInstance: fetch_crypto_data_and_upload_to_hdfs.upload_to_hdfs manual__2025-02-23T18:17:52.406706+00:00 [queued]>
[2025-02-23T18:18:00.543+0000] {taskinstance.py:1361} INFO - Starting attempt 1 of 2
[2025-02-23T18:18:00.581+0000] {taskinstance.py:1382} INFO - Executing <Task(BashOperator): upload_to_hdfs> on 2025-02-23 18:17:52.406706+00:00
[2025-02-23T18:18:00.596+0000] {standard_task_runner.py:57} INFO - Started process 17422 to run task
[2025-02-23T18:18:00.607+0000] {standard_task_runner.py:84} INFO - Running: ['***', 'tasks', 'run', 'fetch_crypto_data_and_upload_to_hdfs', 'upload_to_hdfs', 'manual__2025-02-23T18:17:52.406706+00:00', '--job-id', '12', '--raw', '--subdir', 'DAGS_FOLDER/ingest_data.py', '--cfg-path', '/tmp/tmps47z9843']
[2025-02-23T18:18:00.616+0000] {standard_task_runner.py:85} INFO - Job 12: Subtask upload_to_hdfs
[2025-02-23T18:18:00.714+0000] {task_command.py:415} INFO - Running <TaskInstance: fetch_crypto_data_and_upload_to_hdfs.upload_to_hdfs manual__2025-02-23T18:17:52.406706+00:00 [running]> on host 95f034191b67
[2025-02-23T18:18:00.863+0000] {taskinstance.py:1660} INFO - Exporting env vars: AIRFLOW_CTX_DAG_OWNER='***' AIRFLOW_CTX_DAG_ID='fetch_crypto_data_and_upload_to_hdfs' AIRFLOW_CTX_TASK_ID='upload_to_hdfs' AIRFLOW_CTX_EXECUTION_DATE='2025-02-23T18:17:52.406706+00:00' AIRFLOW_CTX_TRY_NUMBER='1' AIRFLOW_CTX_DAG_RUN_ID='manual__2025-02-23T18:17:52.406706+00:00'
[2025-02-23T18:18:00.866+0000] {subprocess.py:63} INFO - Tmp dir root location: /tmp
[2025-02-23T18:18:00.869+0000] {subprocess.py:75} INFO - Running command: ['/bin/bash', '-c', 'cd /tmp && docker cp crypto_historical_data.csv namenode:/tmp/crypto_historical_data.csv && docker exec namenode bash -c "cd /tmp && hdfs dfs -put crypto_historical_data.csv"']
[2025-02-23T18:18:00.887+0000] {subprocess.py:86} INFO - Output:
[2025-02-23T18:18:03.229+0000] {subprocess.py:93} INFO - put: `crypto_historical_data.csv': File exists
[2025-02-23T18:18:03.740+0000] {subprocess.py:97} INFO - Command exited with return code 1
[2025-02-23T18:18:03.767+0000] {taskinstance.py:1943} ERROR - Task failed with exception
Traceback (most recent call last):
  File "/home/airflow/.local/lib/python3.9/site-packages/airflow/operators/bash.py", line 210, in execute
    raise AirflowException(
airflow.exceptions.AirflowException: Bash command failed. The command returned a non-zero exit code 1.
[2025-02-23T18:18:03.774+0000] {taskinstance.py:1400} INFO - Marking task as UP_FOR_RETRY. dag_id=fetch_crypto_data_and_upload_to_hdfs, task_id=upload_to_hdfs, execution_date=20250223T181752, start_date=20250223T181800, end_date=20250223T181803
[2025-02-23T18:18:03.796+0000] {standard_task_runner.py:104} ERROR - Failed to execute job 12 for task upload_to_hdfs (Bash command failed. The command returned a non-zero exit code 1.; 17422)
[2025-02-23T18:18:03.817+0000] {local_task_job_runner.py:228} INFO - Task exited with return code 1
[2025-02-23T18:18:03.849+0000] {taskinstance.py:2784} INFO - 0 downstream tasks scheduled from follow-on schedule check
