[2025-02-22T19:43:07.510+0000] {taskinstance.py:1157} INFO - Dependencies all met for dep_context=non-requeueable deps ti=<TaskInstance: coingecko_ingestion_dag.store_raw_data_in_hdfs scheduled__2025-02-19T00:00:00+00:00 [queued]>
[2025-02-22T19:43:07.529+0000] {taskinstance.py:1157} INFO - Dependencies all met for dep_context=requeueable deps ti=<TaskInstance: coingecko_ingestion_dag.store_raw_data_in_hdfs scheduled__2025-02-19T00:00:00+00:00 [queued]>
[2025-02-22T19:43:07.530+0000] {taskinstance.py:1359} INFO - Starting attempt 2 of 2
[2025-02-22T19:43:07.561+0000] {taskinstance.py:1380} INFO - Executing <Task(PythonOperator): store_raw_data_in_hdfs> on 2025-02-19 00:00:00+00:00
[2025-02-22T19:43:07.571+0000] {standard_task_runner.py:57} INFO - Started process 1591 to run task
[2025-02-22T19:43:07.580+0000] {standard_task_runner.py:84} INFO - Running: ['***', 'tasks', 'run', 'coingecko_ingestion_dag', 'store_raw_data_in_hdfs', 'scheduled__2025-02-19T00:00:00+00:00', '--job-id', '182', '--raw', '--subdir', 'DAGS_FOLDER/ingest_data.py', '--cfg-path', '/tmp/tmpsdyl2ynh']
[2025-02-22T19:43:07.590+0000] {standard_task_runner.py:85} INFO - Job 182: Subtask store_raw_data_in_hdfs
[2025-02-22T19:43:07.745+0000] {task_command.py:415} INFO - Running <TaskInstance: coingecko_ingestion_dag.store_raw_data_in_hdfs scheduled__2025-02-19T00:00:00+00:00 [running]> on host 972836975d47
[2025-02-22T19:43:07.919+0000] {taskinstance.py:1660} INFO - Exporting env vars: AIRFLOW_CTX_DAG_OWNER='etudiant' AIRFLOW_CTX_DAG_ID='coingecko_ingestion_dag' AIRFLOW_CTX_TASK_ID='store_raw_data_in_hdfs' AIRFLOW_CTX_EXECUTION_DATE='2025-02-19T00:00:00+00:00' AIRFLOW_CTX_TRY_NUMBER='2' AIRFLOW_CTX_DAG_RUN_ID='scheduled__2025-02-19T00:00:00+00:00'
[2025-02-22T19:43:07.973+0000] {taskinstance.py:1935} ERROR - Task failed with exception
Traceback (most recent call last):
  File "/home/airflow/.local/lib/python3.8/site-packages/airflow/operators/python.py", line 192, in execute
    return_value = self.execute_callable()
  File "/home/airflow/.local/lib/python3.8/site-packages/airflow/operators/python.py", line 209, in execute_callable
    return self.python_callable(*self.op_args, **self.op_kwargs)
  File "/opt/airflow/dags/ingest_data.py", line 48, in store_raw_data_in_hdfs
    subprocess.run(["hdfs", "dfs", "-mkdir", "-p", hdfs_dir])
  File "/usr/local/lib/python3.8/subprocess.py", line 493, in run
    with Popen(*popenargs, **kwargs) as process:
  File "/usr/local/lib/python3.8/subprocess.py", line 858, in __init__
    self._execute_child(args, executable, preexec_fn, close_fds,
  File "/usr/local/lib/python3.8/subprocess.py", line 1720, in _execute_child
    raise child_exception_type(errno_num, err_msg, err_filename)
PermissionError: [Errno 13] Permission denied: 'hdfs'
[2025-02-22T19:43:07.997+0000] {taskinstance.py:1398} INFO - Marking task as FAILED. dag_id=coingecko_ingestion_dag, task_id=store_raw_data_in_hdfs, execution_date=20250219T000000, start_date=20250222T194307, end_date=20250222T194307
[2025-02-22T19:43:08.023+0000] {standard_task_runner.py:104} ERROR - Failed to execute job 182 for task store_raw_data_in_hdfs ([Errno 13] Permission denied: 'hdfs'; 1591)
[2025-02-22T19:43:08.080+0000] {local_task_job_runner.py:228} INFO - Task exited with return code 1
[2025-02-22T19:43:08.118+0000] {taskinstance.py:2776} INFO - 0 downstream tasks scheduled from follow-on schedule check
[2025-02-23T13:42:45.057+0000] {taskinstance.py:1157} INFO - Dependencies all met for dep_context=non-requeueable deps ti=<TaskInstance: coingecko_ingestion_dag.store_raw_data_in_hdfs scheduled__2025-02-19T00:00:00+00:00 [queued]>
[2025-02-23T13:42:45.073+0000] {taskinstance.py:1157} INFO - Dependencies all met for dep_context=requeueable deps ti=<TaskInstance: coingecko_ingestion_dag.store_raw_data_in_hdfs scheduled__2025-02-19T00:00:00+00:00 [queued]>
[2025-02-23T13:42:45.073+0000] {taskinstance.py:1359} INFO - Starting attempt 2 of 2
[2025-02-23T13:42:45.094+0000] {taskinstance.py:1380} INFO - Executing <Task(PythonOperator): store_raw_data_in_hdfs> on 2025-02-19 00:00:00+00:00
[2025-02-23T13:42:45.103+0000] {standard_task_runner.py:57} INFO - Started process 1629 to run task
[2025-02-23T13:42:45.110+0000] {standard_task_runner.py:84} INFO - Running: ['***', 'tasks', 'run', 'coingecko_ingestion_dag', 'store_raw_data_in_hdfs', 'scheduled__2025-02-19T00:00:00+00:00', '--job-id', '126', '--raw', '--subdir', 'DAGS_FOLDER/ingest_data.py', '--cfg-path', '/tmp/tmp1m4t00fu']
[2025-02-23T13:42:45.120+0000] {standard_task_runner.py:85} INFO - Job 126: Subtask store_raw_data_in_hdfs
[2025-02-23T13:42:45.222+0000] {task_command.py:415} INFO - Running <TaskInstance: coingecko_ingestion_dag.store_raw_data_in_hdfs scheduled__2025-02-19T00:00:00+00:00 [running]> on host 49036eb7676e
[2025-02-23T13:42:45.343+0000] {taskinstance.py:1660} INFO - Exporting env vars: AIRFLOW_CTX_DAG_OWNER='etudiant' AIRFLOW_CTX_DAG_ID='coingecko_ingestion_dag' AIRFLOW_CTX_TASK_ID='store_raw_data_in_hdfs' AIRFLOW_CTX_EXECUTION_DATE='2025-02-19T00:00:00+00:00' AIRFLOW_CTX_TRY_NUMBER='2' AIRFLOW_CTX_DAG_RUN_ID='scheduled__2025-02-19T00:00:00+00:00'
[2025-02-23T13:42:45.378+0000] {taskinstance.py:1935} ERROR - Task failed with exception
Traceback (most recent call last):
  File "/home/airflow/.local/lib/python3.8/site-packages/airflow/operators/python.py", line 192, in execute
    return_value = self.execute_callable()
  File "/home/airflow/.local/lib/python3.8/site-packages/airflow/operators/python.py", line 209, in execute_callable
    return self.python_callable(*self.op_args, **self.op_kwargs)
  File "/opt/airflow/dags/ingest_data.py", line 48, in store_raw_data_in_hdfs
    subprocess.run(["hdfs", "dfs", "-mkdir", "-p", hdfs_dir])
  File "/usr/local/lib/python3.8/subprocess.py", line 493, in run
    with Popen(*popenargs, **kwargs) as process:
  File "/usr/local/lib/python3.8/subprocess.py", line 858, in __init__
    self._execute_child(args, executable, preexec_fn, close_fds,
  File "/usr/local/lib/python3.8/subprocess.py", line 1720, in _execute_child
    raise child_exception_type(errno_num, err_msg, err_filename)
PermissionError: [Errno 13] Permission denied: 'hdfs'
[2025-02-23T13:42:45.400+0000] {taskinstance.py:1398} INFO - Marking task as FAILED. dag_id=coingecko_ingestion_dag, task_id=store_raw_data_in_hdfs, execution_date=20250219T000000, start_date=20250223T134245, end_date=20250223T134245
[2025-02-23T13:42:45.426+0000] {standard_task_runner.py:104} ERROR - Failed to execute job 126 for task store_raw_data_in_hdfs ([Errno 13] Permission denied: 'hdfs'; 1629)
[2025-02-23T13:42:45.448+0000] {local_task_job_runner.py:228} INFO - Task exited with return code 1
[2025-02-23T13:42:45.485+0000] {taskinstance.py:2776} INFO - 0 downstream tasks scheduled from follow-on schedule check
