[2025-02-25T17:05:46.276+0000] {taskinstance.py:1159} INFO - Dependencies all met for dep_context=non-requeueable deps ti=<TaskInstance: load_me_if_you_can.upload_to_hdfs manual__2025-02-25T17:05:43.965178+00:00 [queued]>
[2025-02-25T17:05:46.285+0000] {taskinstance.py:1159} INFO - Dependencies all met for dep_context=requeueable deps ti=<TaskInstance: load_me_if_you_can.upload_to_hdfs manual__2025-02-25T17:05:43.965178+00:00 [queued]>
[2025-02-25T17:05:46.286+0000] {taskinstance.py:1361} INFO - Starting attempt 1 of 2
[2025-02-25T17:05:46.308+0000] {taskinstance.py:1382} INFO - Executing <Task(BashOperator): upload_to_hdfs> on 2025-02-25 17:05:43.965178+00:00
[2025-02-25T17:05:46.316+0000] {standard_task_runner.py:57} INFO - Started process 98766 to run task
[2025-02-25T17:05:46.319+0000] {standard_task_runner.py:84} INFO - Running: ['***', 'tasks', 'run', 'load_me_if_you_can', 'upload_to_hdfs', 'manual__2025-02-25T17:05:43.965178+00:00', '--job-id', '18', '--raw', '--subdir', 'DAGS_FOLDER/load_data.py', '--cfg-path', '/tmp/tmpa641cu3o']
[2025-02-25T17:05:46.322+0000] {standard_task_runner.py:85} INFO - Job 18: Subtask upload_to_hdfs
[2025-02-25T17:05:46.391+0000] {task_command.py:415} INFO - Running <TaskInstance: load_me_if_you_can.upload_to_hdfs manual__2025-02-25T17:05:43.965178+00:00 [running]> on host 53d736af5afa
[2025-02-25T17:05:46.889+0000] {taskinstance.py:1660} INFO - Exporting env vars: AIRFLOW_CTX_DAG_OWNER='***' AIRFLOW_CTX_DAG_ID='load_me_if_you_can' AIRFLOW_CTX_TASK_ID='upload_to_hdfs' AIRFLOW_CTX_EXECUTION_DATE='2025-02-25T17:05:43.965178+00:00' AIRFLOW_CTX_TRY_NUMBER='1' AIRFLOW_CTX_DAG_RUN_ID='manual__2025-02-25T17:05:43.965178+00:00'
[2025-02-25T17:05:46.891+0000] {subprocess.py:63} INFO - Tmp dir root location: /tmp
[2025-02-25T17:05:46.894+0000] {subprocess.py:75} INFO - Running command: ['/bin/bash', '-c', 'docker exec hdfs dfs -ls /ls']
[2025-02-25T17:05:46.908+0000] {subprocess.py:86} INFO - Output:
[2025-02-25T17:05:47.030+0000] {subprocess.py:93} INFO - Error: No such container: hdfs
[2025-02-25T17:05:47.035+0000] {subprocess.py:97} INFO - Command exited with return code 1
[2025-02-25T17:05:47.056+0000] {taskinstance.py:1943} ERROR - Task failed with exception
Traceback (most recent call last):
  File "/home/airflow/.local/lib/python3.9/site-packages/airflow/operators/bash.py", line 210, in execute
    raise AirflowException(
airflow.exceptions.AirflowException: Bash command failed. The command returned a non-zero exit code 1.
[2025-02-25T17:05:47.064+0000] {taskinstance.py:1400} INFO - Marking task as UP_FOR_RETRY. dag_id=load_me_if_you_can, task_id=upload_to_hdfs, execution_date=20250225T170543, start_date=20250225T170546, end_date=20250225T170547
[2025-02-25T17:05:47.081+0000] {standard_task_runner.py:104} ERROR - Failed to execute job 18 for task upload_to_hdfs (Bash command failed. The command returned a non-zero exit code 1.; 98766)
[2025-02-25T17:05:47.095+0000] {local_task_job_runner.py:228} INFO - Task exited with return code 1
[2025-02-25T17:05:47.121+0000] {taskinstance.py:2784} INFO - 0 downstream tasks scheduled from follow-on schedule check
