[2025-02-28T09:37:15.953+0000] {taskinstance.py:1159} INFO - Dependencies all met for dep_context=non-requeueable deps ti=<TaskInstance: crypto_data_processing_mapreduce.run_mapreduce_job scheduled__2025-02-27T00:00:00+00:00 [queued]>
[2025-02-28T09:37:15.964+0000] {taskinstance.py:1159} INFO - Dependencies all met for dep_context=requeueable deps ti=<TaskInstance: crypto_data_processing_mapreduce.run_mapreduce_job scheduled__2025-02-27T00:00:00+00:00 [queued]>
[2025-02-28T09:37:15.965+0000] {taskinstance.py:1361} INFO - Starting attempt 2 of 2
[2025-02-28T09:37:15.985+0000] {taskinstance.py:1382} INFO - Executing <Task(BashOperator): run_mapreduce_job> on 2025-02-27 00:00:00+00:00
[2025-02-28T09:37:15.995+0000] {standard_task_runner.py:57} INFO - Started process 595 to run task
[2025-02-28T09:37:16.000+0000] {standard_task_runner.py:84} INFO - Running: ['***', 'tasks', 'run', 'crypto_data_processing_mapreduce', 'run_mapreduce_job', 'scheduled__2025-02-27T00:00:00+00:00', '--job-id', '8', '--raw', '--subdir', 'DAGS_FOLDER/transform_data.py', '--cfg-path', '/tmp/tmppzdw41kn']
[2025-02-28T09:37:16.007+0000] {standard_task_runner.py:85} INFO - Job 8: Subtask run_mapreduce_job
[2025-02-28T09:37:16.070+0000] {task_command.py:415} INFO - Running <TaskInstance: crypto_data_processing_mapreduce.run_mapreduce_job scheduled__2025-02-27T00:00:00+00:00 [running]> on host bfe91925d4dd
[2025-02-28T09:37:16.139+0000] {logging_mixin.py:151} WARNING - /home/***/.local/lib/python3.9/site-packages/***/utils/context.py:206 AirflowContextDeprecationWarning: Accessing 'execution_date' from the template is deprecated and will be removed in a future version. Please use 'data_interval_start' or 'logical_date' instead.
[2025-02-28T09:37:16.189+0000] {taskinstance.py:1660} INFO - Exporting env vars: AIRFLOW_CTX_DAG_OWNER='***' AIRFLOW_CTX_DAG_ID='crypto_data_processing_mapreduce' AIRFLOW_CTX_TASK_ID='run_mapreduce_job' AIRFLOW_CTX_EXECUTION_DATE='2025-02-27T00:00:00+00:00' AIRFLOW_CTX_TRY_NUMBER='2' AIRFLOW_CTX_DAG_RUN_ID='scheduled__2025-02-27T00:00:00+00:00'
[2025-02-28T09:37:16.191+0000] {subprocess.py:63} INFO - Tmp dir root location: /tmp
[2025-02-28T09:37:16.193+0000] {subprocess.py:75} INFO - Running command: ['/bin/bash', '-c', '\n                docker exec namenode bash -c "cd /home &&                 hadoop fs -rm -r /user/root/crypto/processed/YYYY=2025/MM=02/DD=27 || true &&                 hadoop jar /opt/hadoop-3.2.1/share/hadoop/tools/lib/hadoop-streaming-3.2.1.jar                 -input /user/root/crypto/YYYY=2025/MM=02/DD=27/crypto_historical_data.csv                 -output /user/root/crypto/processed/YYYY=2025/MM=02/DD=27                 -mapper \'/usr/bin/python3 /home/mapper.py\'                 -reducer \'/usr/bin/python3 /home/reducer.py\'                 -file /home/mapper.py                 -file /home/reducer.py"\n            ']
[2025-02-28T09:37:16.206+0000] {subprocess.py:86} INFO - Output:
[2025-02-28T09:37:18.282+0000] {subprocess.py:93} INFO - Deleted /user/root/crypto/processed/YYYY=2025/MM=02/DD=27
[2025-02-28T09:37:19.639+0000] {subprocess.py:93} INFO - 2025-02-28 09:37:19,637 WARN streaming.StreamJob: -file option is deprecated, please use generic option -files instead.
[2025-02-28T09:37:20.661+0000] {subprocess.py:93} INFO - packageJobJar: [/home/mapper.py, /home/reducer.py] [] /tmp/streamjob1132226893628226388.jar tmpDir=null
[2025-02-28T09:37:20.795+0000] {subprocess.py:93} INFO - 2025-02-28 09:37:20,793 INFO impl.MetricsConfig: Loaded properties from hadoop-metrics2.properties
[2025-02-28T09:37:20.875+0000] {subprocess.py:93} INFO - 2025-02-28 09:37:20,873 INFO impl.MetricsSystemImpl: Scheduled Metric snapshot period at 10 second(s).
[2025-02-28T09:37:20.876+0000] {subprocess.py:93} INFO - 2025-02-28 09:37:20,874 INFO impl.MetricsSystemImpl: JobTracker metrics system started
[2025-02-28T09:37:20.899+0000] {subprocess.py:93} INFO - 2025-02-28 09:37:20,897 WARN impl.MetricsSystemImpl: JobTracker metrics system already initialized!
[2025-02-28T09:37:21.323+0000] {subprocess.py:93} INFO - 2025-02-28 09:37:21,321 INFO mapred.FileInputFormat: Total input files to process : 1
[2025-02-28T09:37:21.370+0000] {subprocess.py:93} INFO - 2025-02-28 09:37:21,368 INFO mapreduce.JobSubmitter: number of splits:1
[2025-02-28T09:37:21.669+0000] {subprocess.py:93} INFO - 2025-02-28 09:37:21,667 INFO mapreduce.JobSubmitter: Submitting tokens for job: job_local765395910_0001
[2025-02-28T09:37:21.671+0000] {subprocess.py:93} INFO - 2025-02-28 09:37:21,667 INFO mapreduce.JobSubmitter: Executing with tokens: []
[2025-02-28T09:37:21.977+0000] {subprocess.py:93} INFO - 2025-02-28 09:37:21,974 INFO mapred.LocalDistributedCacheManager: Localized file:/home/mapper.py as file:/tmp/hadoop-root/mapred/local/job_local765395910_0001_0b6f0135-635c-4712-813f-30ace3654a9c/mapper.py
[2025-02-28T09:37:22.028+0000] {subprocess.py:93} INFO - 2025-02-28 09:37:22,025 INFO mapred.LocalDistributedCacheManager: Localized file:/home/reducer.py as file:/tmp/hadoop-root/mapred/local/job_local765395910_0001_189294cd-6a46-4442-ab76-2a8f0f234837/reducer.py
[2025-02-28T09:37:22.149+0000] {subprocess.py:93} INFO - 2025-02-28 09:37:22,147 INFO mapreduce.Job: The url to track the job: http://localhost:8080/
[2025-02-28T09:37:22.153+0000] {subprocess.py:93} INFO - 2025-02-28 09:37:22,152 INFO mapreduce.Job: Running job: job_local765395910_0001
[2025-02-28T09:37:22.155+0000] {subprocess.py:93} INFO - 2025-02-28 09:37:22,154 INFO mapred.LocalJobRunner: OutputCommitter set in config null
[2025-02-28T09:37:22.158+0000] {subprocess.py:93} INFO - 2025-02-28 09:37:22,157 INFO mapred.LocalJobRunner: OutputCommitter is org.apache.hadoop.mapred.FileOutputCommitter
[2025-02-28T09:37:22.166+0000] {subprocess.py:93} INFO - 2025-02-28 09:37:22,164 INFO output.FileOutputCommitter: File Output Committer Algorithm version is 2
[2025-02-28T09:37:22.167+0000] {subprocess.py:93} INFO - 2025-02-28 09:37:22,164 INFO output.FileOutputCommitter: FileOutputCommitter skip cleanup _temporary folders under output directory:false, ignore cleanup failures: false
[2025-02-28T09:37:22.220+0000] {subprocess.py:93} INFO - 2025-02-28 09:37:22,218 INFO mapred.LocalJobRunner: Waiting for map tasks
[2025-02-28T09:37:22.225+0000] {subprocess.py:93} INFO - 2025-02-28 09:37:22,223 INFO mapred.LocalJobRunner: Starting task: attempt_local765395910_0001_m_000000_0
[2025-02-28T09:37:22.257+0000] {subprocess.py:93} INFO - 2025-02-28 09:37:22,255 INFO output.FileOutputCommitter: File Output Committer Algorithm version is 2
[2025-02-28T09:37:22.257+0000] {subprocess.py:93} INFO - 2025-02-28 09:37:22,255 INFO output.FileOutputCommitter: FileOutputCommitter skip cleanup _temporary folders under output directory:false, ignore cleanup failures: false
[2025-02-28T09:37:22.272+0000] {subprocess.py:93} INFO - 2025-02-28 09:37:22,270 INFO mapred.Task:  Using ResourceCalculatorProcessTree : [ ]
[2025-02-28T09:37:22.279+0000] {subprocess.py:93} INFO - 2025-02-28 09:37:22,278 INFO mapred.MapTask: Processing split: hdfs://namenode:9000/user/root/crypto/YYYY=2025/MM=02/DD=27/crypto_historical_data.csv:0+44077
[2025-02-28T09:37:22.298+0000] {subprocess.py:93} INFO - 2025-02-28 09:37:22,297 INFO mapred.MapTask: numReduceTasks: 1
[2025-02-28T09:37:22.564+0000] {subprocess.py:93} INFO - 2025-02-28 09:37:22,562 INFO mapred.MapTask: (EQUATOR) 0 kvi 26214396(104857584)
[2025-02-28T09:37:22.566+0000] {subprocess.py:93} INFO - 2025-02-28 09:37:22,563 INFO mapred.MapTask: mapreduce.task.io.sort.mb: 100
[2025-02-28T09:37:22.566+0000] {subprocess.py:93} INFO - 2025-02-28 09:37:22,563 INFO mapred.MapTask: soft limit at 83886080
[2025-02-28T09:37:22.567+0000] {subprocess.py:93} INFO - 2025-02-28 09:37:22,563 INFO mapred.MapTask: bufstart = 0; bufvoid = 104857600
[2025-02-28T09:37:22.568+0000] {subprocess.py:93} INFO - 2025-02-28 09:37:22,563 INFO mapred.MapTask: kvstart = 26214396; length = 6553600
[2025-02-28T09:37:22.575+0000] {subprocess.py:93} INFO - 2025-02-28 09:37:22,573 INFO mapred.MapTask: Map output collector class = org.apache.hadoop.mapred.MapTask$MapOutputBuffer
[2025-02-28T09:37:22.581+0000] {subprocess.py:93} INFO - 2025-02-28 09:37:22,579 INFO streaming.PipeMapRed: PipeMapRed exec [/usr/bin/python3, /home/mapper.py]
[2025-02-28T09:37:22.591+0000] {subprocess.py:93} INFO - 2025-02-28 09:37:22,589 INFO Configuration.deprecation: mapred.work.output.dir is deprecated. Instead, use mapreduce.task.output.dir
[2025-02-28T09:37:22.592+0000] {subprocess.py:93} INFO - 2025-02-28 09:37:22,590 INFO Configuration.deprecation: map.input.start is deprecated. Instead, use mapreduce.map.input.start
[2025-02-28T09:37:22.593+0000] {subprocess.py:93} INFO - 2025-02-28 09:37:22,591 INFO Configuration.deprecation: mapred.task.is.map is deprecated. Instead, use mapreduce.task.ismap
[2025-02-28T09:37:22.594+0000] {subprocess.py:93} INFO - 2025-02-28 09:37:22,591 INFO Configuration.deprecation: mapred.task.id is deprecated. Instead, use mapreduce.task.attempt.id
[2025-02-28T09:37:22.595+0000] {subprocess.py:93} INFO - 2025-02-28 09:37:22,593 INFO Configuration.deprecation: mapred.tip.id is deprecated. Instead, use mapreduce.task.id
[2025-02-28T09:37:22.596+0000] {subprocess.py:93} INFO - 2025-02-28 09:37:22,593 INFO Configuration.deprecation: mapred.local.dir is deprecated. Instead, use mapreduce.cluster.local.dir
[2025-02-28T09:37:22.597+0000] {subprocess.py:93} INFO - 2025-02-28 09:37:22,593 INFO Configuration.deprecation: map.input.file is deprecated. Instead, use mapreduce.map.input.file
[2025-02-28T09:37:22.597+0000] {subprocess.py:93} INFO - 2025-02-28 09:37:22,594 INFO Configuration.deprecation: mapred.skip.on is deprecated. Instead, use mapreduce.job.skiprecords
[2025-02-28T09:37:22.598+0000] {subprocess.py:93} INFO - 2025-02-28 09:37:22,595 INFO Configuration.deprecation: map.input.length is deprecated. Instead, use mapreduce.map.input.length
[2025-02-28T09:37:22.600+0000] {subprocess.py:93} INFO - 2025-02-28 09:37:22,598 INFO Configuration.deprecation: mapred.job.id is deprecated. Instead, use mapreduce.job.id
[2025-02-28T09:37:22.601+0000] {subprocess.py:93} INFO - 2025-02-28 09:37:22,599 INFO Configuration.deprecation: user.name is deprecated. Instead, use mapreduce.job.user.name
[2025-02-28T09:37:22.603+0000] {subprocess.py:93} INFO - 2025-02-28 09:37:22,601 INFO Configuration.deprecation: mapred.task.partition is deprecated. Instead, use mapreduce.task.partition
[2025-02-28T09:37:22.632+0000] {subprocess.py:93} INFO - 2025-02-28 09:37:22,619 ERROR streaming.PipeMapRed: configuration exception
[2025-02-28T09:37:22.633+0000] {subprocess.py:93} INFO - java.io.IOException: Cannot run program "/usr/bin/python3": error=2, No such file or directory
[2025-02-28T09:37:22.634+0000] {subprocess.py:93} INFO - 	at java.lang.ProcessBuilder.start(ProcessBuilder.java:1048)
[2025-02-28T09:37:22.635+0000] {subprocess.py:93} INFO - 	at org.apache.hadoop.streaming.PipeMapRed.configure(PipeMapRed.java:209)
[2025-02-28T09:37:22.637+0000] {subprocess.py:93} INFO - 	at org.apache.hadoop.streaming.PipeMapper.configure(PipeMapper.java:66)
[2025-02-28T09:37:22.637+0000] {subprocess.py:93} INFO - 	at sun.reflect.NativeMethodAccessorImpl.invoke0(Native Method)
[2025-02-28T09:37:22.638+0000] {subprocess.py:93} INFO - 	at sun.reflect.NativeMethodAccessorImpl.invoke(NativeMethodAccessorImpl.java:62)
[2025-02-28T09:37:22.639+0000] {subprocess.py:93} INFO - 	at sun.reflect.DelegatingMethodAccessorImpl.invoke(DelegatingMethodAccessorImpl.java:43)
[2025-02-28T09:37:22.640+0000] {subprocess.py:93} INFO - 	at java.lang.reflect.Method.invoke(Method.java:498)
[2025-02-28T09:37:22.641+0000] {subprocess.py:93} INFO - 	at org.apache.hadoop.util.ReflectionUtils.setJobConf(ReflectionUtils.java:110)
[2025-02-28T09:37:22.641+0000] {subprocess.py:93} INFO - 	at org.apache.hadoop.util.ReflectionUtils.setConf(ReflectionUtils.java:79)
[2025-02-28T09:37:22.642+0000] {subprocess.py:93} INFO - 	at org.apache.hadoop.util.ReflectionUtils.newInstance(ReflectionUtils.java:137)
[2025-02-28T09:37:22.643+0000] {subprocess.py:93} INFO - 	at org.apache.hadoop.mapred.MapRunner.configure(MapRunner.java:38)
[2025-02-28T09:37:22.645+0000] {subprocess.py:93} INFO - 	at sun.reflect.NativeMethodAccessorImpl.invoke0(Native Method)
[2025-02-28T09:37:22.646+0000] {subprocess.py:93} INFO - 	at sun.reflect.NativeMethodAccessorImpl.invoke(NativeMethodAccessorImpl.java:62)
[2025-02-28T09:37:22.647+0000] {subprocess.py:93} INFO - 	at sun.reflect.DelegatingMethodAccessorImpl.invoke(DelegatingMethodAccessorImpl.java:43)
[2025-02-28T09:37:22.649+0000] {subprocess.py:93} INFO - 	at java.lang.reflect.Method.invoke(Method.java:498)
[2025-02-28T09:37:22.650+0000] {subprocess.py:93} INFO - 	at org.apache.hadoop.util.ReflectionUtils.setJobConf(ReflectionUtils.java:110)
[2025-02-28T09:37:22.651+0000] {subprocess.py:93} INFO - 	at org.apache.hadoop.util.ReflectionUtils.setConf(ReflectionUtils.java:79)
[2025-02-28T09:37:22.651+0000] {subprocess.py:93} INFO - 	at org.apache.hadoop.util.ReflectionUtils.newInstance(ReflectionUtils.java:137)
[2025-02-28T09:37:22.652+0000] {subprocess.py:93} INFO - 	at org.apache.hadoop.mapred.MapTask.runOldMapper(MapTask.java:462)
[2025-02-28T09:37:22.653+0000] {subprocess.py:93} INFO - 	at org.apache.hadoop.mapred.MapTask.run(MapTask.java:349)
[2025-02-28T09:37:22.653+0000] {subprocess.py:93} INFO - 	at org.apache.hadoop.mapred.LocalJobRunner$Job$MapTaskRunnable.run(LocalJobRunner.java:271)
[2025-02-28T09:37:22.654+0000] {subprocess.py:93} INFO - 	at java.util.concurrent.Executors$RunnableAdapter.call(Executors.java:511)
[2025-02-28T09:37:22.655+0000] {subprocess.py:93} INFO - 	at java.util.concurrent.FutureTask.run(FutureTask.java:266)
[2025-02-28T09:37:22.655+0000] {subprocess.py:93} INFO - 	at java.util.concurrent.ThreadPoolExecutor.runWorker(ThreadPoolExecutor.java:1149)
[2025-02-28T09:37:22.656+0000] {subprocess.py:93} INFO - 	at java.util.concurrent.ThreadPoolExecutor$Worker.run(ThreadPoolExecutor.java:624)
[2025-02-28T09:37:22.657+0000] {subprocess.py:93} INFO - 	at java.lang.Thread.run(Thread.java:748)
[2025-02-28T09:37:22.659+0000] {subprocess.py:93} INFO - Caused by: java.io.IOException: error=2, No such file or directory
[2025-02-28T09:37:22.660+0000] {subprocess.py:93} INFO - 	at java.lang.UNIXProcess.forkAndExec(Native Method)
[2025-02-28T09:37:22.660+0000] {subprocess.py:93} INFO - 	at java.lang.UNIXProcess.<init>(UNIXProcess.java:247)
[2025-02-28T09:37:22.661+0000] {subprocess.py:93} INFO - 	at java.lang.ProcessImpl.start(ProcessImpl.java:134)
[2025-02-28T09:37:22.662+0000] {subprocess.py:93} INFO - 	at java.lang.ProcessBuilder.start(ProcessBuilder.java:1029)
[2025-02-28T09:37:22.662+0000] {subprocess.py:93} INFO - 	... 25 more
[2025-02-28T09:37:22.663+0000] {subprocess.py:93} INFO - 2025-02-28 09:37:22,630 INFO mapred.LocalJobRunner: map task executor complete.
[2025-02-28T09:37:22.663+0000] {subprocess.py:93} INFO - 2025-02-28 09:37:22,655 WARN mapred.LocalJobRunner: job_local765395910_0001
[2025-02-28T09:37:22.664+0000] {subprocess.py:93} INFO - java.lang.Exception: java.lang.RuntimeException: Error in configuring object
[2025-02-28T09:37:22.665+0000] {subprocess.py:93} INFO - 	at org.apache.hadoop.mapred.LocalJobRunner$Job.runTasks(LocalJobRunner.java:492)
[2025-02-28T09:37:22.665+0000] {subprocess.py:93} INFO - 	at org.apache.hadoop.mapred.LocalJobRunner$Job.run(LocalJobRunner.java:552)
[2025-02-28T09:37:22.665+0000] {subprocess.py:93} INFO - Caused by: java.lang.RuntimeException: Error in configuring object
[2025-02-28T09:37:22.666+0000] {subprocess.py:93} INFO - 	at org.apache.hadoop.util.ReflectionUtils.setJobConf(ReflectionUtils.java:113)
[2025-02-28T09:37:22.666+0000] {subprocess.py:93} INFO - 	at org.apache.hadoop.util.ReflectionUtils.setConf(ReflectionUtils.java:79)
[2025-02-28T09:37:22.667+0000] {subprocess.py:93} INFO - 	at org.apache.hadoop.util.ReflectionUtils.newInstance(ReflectionUtils.java:137)
[2025-02-28T09:37:22.667+0000] {subprocess.py:93} INFO - 	at org.apache.hadoop.mapred.MapTask.runOldMapper(MapTask.java:462)
[2025-02-28T09:37:22.668+0000] {subprocess.py:93} INFO - 	at org.apache.hadoop.mapred.MapTask.run(MapTask.java:349)
[2025-02-28T09:37:22.668+0000] {subprocess.py:93} INFO - 	at org.apache.hadoop.mapred.LocalJobRunner$Job$MapTaskRunnable.run(LocalJobRunner.java:271)
[2025-02-28T09:37:22.669+0000] {subprocess.py:93} INFO - 	at java.util.concurrent.Executors$RunnableAdapter.call(Executors.java:511)
[2025-02-28T09:37:22.669+0000] {subprocess.py:93} INFO - 	at java.util.concurrent.FutureTask.run(FutureTask.java:266)
[2025-02-28T09:37:22.670+0000] {subprocess.py:93} INFO - 	at java.util.concurrent.ThreadPoolExecutor.runWorker(ThreadPoolExecutor.java:1149)
[2025-02-28T09:37:22.671+0000] {subprocess.py:93} INFO - 	at java.util.concurrent.ThreadPoolExecutor$Worker.run(ThreadPoolExecutor.java:624)
[2025-02-28T09:37:22.671+0000] {subprocess.py:93} INFO - 	at java.lang.Thread.run(Thread.java:748)
[2025-02-28T09:37:22.671+0000] {subprocess.py:93} INFO - Caused by: java.lang.reflect.InvocationTargetException
[2025-02-28T09:37:22.672+0000] {subprocess.py:93} INFO - 	at sun.reflect.NativeMethodAccessorImpl.invoke0(Native Method)
[2025-02-28T09:37:22.673+0000] {subprocess.py:93} INFO - 	at sun.reflect.NativeMethodAccessorImpl.invoke(NativeMethodAccessorImpl.java:62)
[2025-02-28T09:37:22.673+0000] {subprocess.py:93} INFO - 	at sun.reflect.DelegatingMethodAccessorImpl.invoke(DelegatingMethodAccessorImpl.java:43)
[2025-02-28T09:37:22.674+0000] {subprocess.py:93} INFO - 	at java.lang.reflect.Method.invoke(Method.java:498)
[2025-02-28T09:37:22.674+0000] {subprocess.py:93} INFO - 	at org.apache.hadoop.util.ReflectionUtils.setJobConf(ReflectionUtils.java:110)
[2025-02-28T09:37:22.675+0000] {subprocess.py:93} INFO - 	... 10 more
[2025-02-28T09:37:22.675+0000] {subprocess.py:93} INFO - Caused by: java.lang.RuntimeException: Error in configuring object
[2025-02-28T09:37:22.675+0000] {subprocess.py:93} INFO - 	at org.apache.hadoop.util.ReflectionUtils.setJobConf(ReflectionUtils.java:113)
[2025-02-28T09:37:22.676+0000] {subprocess.py:93} INFO - 	at org.apache.hadoop.util.ReflectionUtils.setConf(ReflectionUtils.java:79)
[2025-02-28T09:37:22.676+0000] {subprocess.py:93} INFO - 	at org.apache.hadoop.util.ReflectionUtils.newInstance(ReflectionUtils.java:137)
[2025-02-28T09:37:22.677+0000] {subprocess.py:93} INFO - 	at org.apache.hadoop.mapred.MapRunner.configure(MapRunner.java:38)
[2025-02-28T09:37:22.677+0000] {subprocess.py:93} INFO - 	... 15 more
[2025-02-28T09:37:22.678+0000] {subprocess.py:93} INFO - Caused by: java.lang.reflect.InvocationTargetException
[2025-02-28T09:37:22.680+0000] {subprocess.py:93} INFO - 	at sun.reflect.NativeMethodAccessorImpl.invoke0(Native Method)
[2025-02-28T09:37:22.681+0000] {subprocess.py:93} INFO - 	at sun.reflect.NativeMethodAccessorImpl.invoke(NativeMethodAccessorImpl.java:62)
[2025-02-28T09:37:22.681+0000] {subprocess.py:93} INFO - 	at sun.reflect.DelegatingMethodAccessorImpl.invoke(DelegatingMethodAccessorImpl.java:43)
[2025-02-28T09:37:22.682+0000] {subprocess.py:93} INFO - 	at java.lang.reflect.Method.invoke(Method.java:498)
[2025-02-28T09:37:22.683+0000] {subprocess.py:93} INFO - 	at org.apache.hadoop.util.ReflectionUtils.setJobConf(ReflectionUtils.java:110)
[2025-02-28T09:37:22.683+0000] {subprocess.py:93} INFO - 	... 18 more
[2025-02-28T09:37:22.684+0000] {subprocess.py:93} INFO - Caused by: java.lang.RuntimeException: configuration exception
[2025-02-28T09:37:22.684+0000] {subprocess.py:93} INFO - 	at org.apache.hadoop.streaming.PipeMapRed.configure(PipeMapRed.java:222)
[2025-02-28T09:37:22.686+0000] {subprocess.py:93} INFO - 	at org.apache.hadoop.streaming.PipeMapper.configure(PipeMapper.java:66)
[2025-02-28T09:37:22.687+0000] {subprocess.py:93} INFO - 	... 23 more
[2025-02-28T09:37:22.688+0000] {subprocess.py:93} INFO - Caused by: java.io.IOException: Cannot run program "/usr/bin/python3": error=2, No such file or directory
[2025-02-28T09:37:22.689+0000] {subprocess.py:93} INFO - 	at java.lang.ProcessBuilder.start(ProcessBuilder.java:1048)
[2025-02-28T09:37:22.690+0000] {subprocess.py:93} INFO - 	at org.apache.hadoop.streaming.PipeMapRed.configure(PipeMapRed.java:209)
[2025-02-28T09:37:22.691+0000] {subprocess.py:93} INFO - 	... 24 more
[2025-02-28T09:37:22.691+0000] {subprocess.py:93} INFO - Caused by: java.io.IOException: error=2, No such file or directory
[2025-02-28T09:37:22.692+0000] {subprocess.py:93} INFO - 	at java.lang.UNIXProcess.forkAndExec(Native Method)
[2025-02-28T09:37:22.692+0000] {subprocess.py:93} INFO - 	at java.lang.UNIXProcess.<init>(UNIXProcess.java:247)
[2025-02-28T09:37:22.693+0000] {subprocess.py:93} INFO - 	at java.lang.ProcessImpl.start(ProcessImpl.java:134)
[2025-02-28T09:37:22.694+0000] {subprocess.py:93} INFO - 	at java.lang.ProcessBuilder.start(ProcessBuilder.java:1029)
[2025-02-28T09:37:22.695+0000] {subprocess.py:93} INFO - 	... 25 more
[2025-02-28T09:37:23.166+0000] {subprocess.py:93} INFO - 2025-02-28 09:37:23,163 INFO mapreduce.Job: Job job_local765395910_0001 running in uber mode : false
[2025-02-28T09:37:23.167+0000] {subprocess.py:93} INFO - 2025-02-28 09:37:23,164 INFO mapreduce.Job:  map 0% reduce 0%
[2025-02-28T09:37:23.170+0000] {subprocess.py:93} INFO - 2025-02-28 09:37:23,168 INFO mapreduce.Job: Job job_local765395910_0001 failed with state FAILED due to: NA
[2025-02-28T09:37:23.179+0000] {subprocess.py:93} INFO - 2025-02-28 09:37:23,177 INFO mapreduce.Job: Counters: 0
[2025-02-28T09:37:23.180+0000] {subprocess.py:93} INFO - 2025-02-28 09:37:23,177 ERROR streaming.StreamJob: Job not successful!
[2025-02-28T09:37:23.180+0000] {subprocess.py:93} INFO - Streaming Command Failed!
[2025-02-28T09:37:23.659+0000] {subprocess.py:97} INFO - Command exited with return code 1
[2025-02-28T09:37:23.693+0000] {taskinstance.py:1943} ERROR - Task failed with exception
Traceback (most recent call last):
  File "/home/airflow/.local/lib/python3.9/site-packages/airflow/operators/bash.py", line 210, in execute
    raise AirflowException(
airflow.exceptions.AirflowException: Bash command failed. The command returned a non-zero exit code 1.
[2025-02-28T09:37:23.702+0000] {taskinstance.py:1400} INFO - Marking task as FAILED. dag_id=crypto_data_processing_mapreduce, task_id=run_mapreduce_job, execution_date=20250227T000000, start_date=20250228T093715, end_date=20250228T093723
[2025-02-28T09:37:23.732+0000] {standard_task_runner.py:104} ERROR - Failed to execute job 8 for task run_mapreduce_job (Bash command failed. The command returned a non-zero exit code 1.; 595)
[2025-02-28T09:37:23.758+0000] {local_task_job_runner.py:228} INFO - Task exited with return code 1
[2025-02-28T09:37:23.778+0000] {taskinstance.py:2784} INFO - 0 downstream tasks scheduled from follow-on schedule check
