[2025-02-24T09:39:42.204+0000] {taskinstance.py:1159} INFO - Dependencies all met for dep_context=non-requeueable deps ti=<TaskInstance: fetch_crypto_data_and_upload_to_hdfs.fetch_historical_data scheduled__2025-02-23T00:00:00+00:00 [queued]>
[2025-02-24T09:39:42.219+0000] {taskinstance.py:1159} INFO - Dependencies all met for dep_context=requeueable deps ti=<TaskInstance: fetch_crypto_data_and_upload_to_hdfs.fetch_historical_data scheduled__2025-02-23T00:00:00+00:00 [queued]>
[2025-02-24T09:39:42.220+0000] {taskinstance.py:1361} INFO - Starting attempt 1 of 2
[2025-02-24T09:39:42.239+0000] {taskinstance.py:1382} INFO - Executing <Task(PythonOperator): fetch_historical_data> on 2025-02-23 00:00:00+00:00
[2025-02-24T09:39:42.250+0000] {standard_task_runner.py:57} INFO - Started process 20097 to run task
[2025-02-24T09:39:42.268+0000] {standard_task_runner.py:84} INFO - Running: ['***', 'tasks', 'run', 'fetch_crypto_data_and_upload_to_hdfs', 'fetch_historical_data', 'scheduled__2025-02-23T00:00:00+00:00', '--job-id', '3', '--raw', '--subdir', 'DAGS_FOLDER/ingest_data.py', '--cfg-path', '/tmp/tmpjdrdbsf_']
[2025-02-24T09:39:42.274+0000] {standard_task_runner.py:85} INFO - Job 3: Subtask fetch_historical_data
[2025-02-24T09:39:42.405+0000] {task_command.py:415} INFO - Running <TaskInstance: fetch_crypto_data_and_upload_to_hdfs.fetch_historical_data scheduled__2025-02-23T00:00:00+00:00 [running]> on host 781ad978c51a
[2025-02-24T09:39:42.575+0000] {taskinstance.py:1660} INFO - Exporting env vars: AIRFLOW_CTX_DAG_OWNER='***' AIRFLOW_CTX_DAG_ID='fetch_crypto_data_and_upload_to_hdfs' AIRFLOW_CTX_TASK_ID='fetch_historical_data' AIRFLOW_CTX_EXECUTION_DATE='2025-02-23T00:00:00+00:00' AIRFLOW_CTX_TRY_NUMBER='1' AIRFLOW_CTX_DAG_RUN_ID='scheduled__2025-02-23T00:00:00+00:00'
[2025-02-24T09:39:47.554+0000] {python.py:194} INFO - Done. Returned value was: /tmp/crypto_historical_data.csv
[2025-02-24T09:39:47.585+0000] {taskinstance.py:1400} INFO - Marking task as SUCCESS. dag_id=fetch_crypto_data_and_upload_to_hdfs, task_id=fetch_historical_data, execution_date=20250223T000000, start_date=20250224T093942, end_date=20250224T093947
[2025-02-24T09:39:47.618+0000] {local_task_job_runner.py:228} INFO - Task exited with return code 0
[2025-02-24T09:39:47.657+0000] {taskinstance.py:2784} INFO - 1 downstream tasks scheduled from follow-on schedule check
[2025-02-24T11:33:43.441+0000] {taskinstance.py:1159} INFO - Dependencies all met for dep_context=non-requeueable deps ti=<TaskInstance: fetch_crypto_data_and_upload_to_hdfs.fetch_historical_data scheduled__2025-02-23T00:00:00+00:00 [queued]>
[2025-02-24T11:33:43.459+0000] {taskinstance.py:1159} INFO - Dependencies all met for dep_context=requeueable deps ti=<TaskInstance: fetch_crypto_data_and_upload_to_hdfs.fetch_historical_data scheduled__2025-02-23T00:00:00+00:00 [queued]>
[2025-02-24T11:33:43.460+0000] {taskinstance.py:1361} INFO - Starting attempt 1 of 2
[2025-02-24T11:33:43.483+0000] {taskinstance.py:1382} INFO - Executing <Task(PythonOperator): fetch_historical_data> on 2025-02-23 00:00:00+00:00
[2025-02-24T11:33:43.495+0000] {standard_task_runner.py:57} INFO - Started process 7702 to run task
[2025-02-24T11:33:43.499+0000] {standard_task_runner.py:84} INFO - Running: ['***', 'tasks', 'run', 'fetch_crypto_data_and_upload_to_hdfs', 'fetch_historical_data', 'scheduled__2025-02-23T00:00:00+00:00', '--job-id', '2', '--raw', '--subdir', 'DAGS_FOLDER/ingest_data.py', '--cfg-path', '/tmp/tmpq0yl8p2_']
[2025-02-24T11:33:43.503+0000] {standard_task_runner.py:85} INFO - Job 2: Subtask fetch_historical_data
[2025-02-24T11:33:43.590+0000] {task_command.py:415} INFO - Running <TaskInstance: fetch_crypto_data_and_upload_to_hdfs.fetch_historical_data scheduled__2025-02-23T00:00:00+00:00 [running]> on host a57837beda44
[2025-02-24T11:33:43.738+0000] {taskinstance.py:1660} INFO - Exporting env vars: AIRFLOW_CTX_DAG_OWNER='***' AIRFLOW_CTX_DAG_ID='fetch_crypto_data_and_upload_to_hdfs' AIRFLOW_CTX_TASK_ID='fetch_historical_data' AIRFLOW_CTX_EXECUTION_DATE='2025-02-23T00:00:00+00:00' AIRFLOW_CTX_TRY_NUMBER='1' AIRFLOW_CTX_DAG_RUN_ID='scheduled__2025-02-23T00:00:00+00:00'
[2025-02-24T11:33:49.377+0000] {python.py:194} INFO - Done. Returned value was: /tmp/crypto_historical_data.csv
[2025-02-24T11:33:49.413+0000] {taskinstance.py:1400} INFO - Marking task as SUCCESS. dag_id=fetch_crypto_data_and_upload_to_hdfs, task_id=fetch_historical_data, execution_date=20250223T000000, start_date=20250224T113343, end_date=20250224T113349
[2025-02-24T11:33:49.468+0000] {local_task_job_runner.py:228} INFO - Task exited with return code 0
[2025-02-24T11:33:49.504+0000] {taskinstance.py:2784} INFO - 1 downstream tasks scheduled from follow-on schedule check
