[2025-02-22T18:53:19.158+0000] {taskinstance.py:1157} INFO - Dependencies all met for dep_context=non-requeueable deps ti=<TaskInstance: new_dag_1.check_file manual__2025-02-22T18:43:04.119246+00:00 [queued]>
[2025-02-22T18:53:19.167+0000] {taskinstance.py:1157} INFO - Dependencies all met for dep_context=requeueable deps ti=<TaskInstance: new_dag_1.check_file manual__2025-02-22T18:43:04.119246+00:00 [queued]>
[2025-02-22T18:53:19.168+0000] {taskinstance.py:1359} INFO - Starting attempt 6 of 6
[2025-02-22T18:53:19.184+0000] {taskinstance.py:1380} INFO - Executing <Task(BashOperator): check_file> on 2025-02-22 18:43:04.119246+00:00
[2025-02-22T18:53:19.191+0000] {standard_task_runner.py:57} INFO - Started process 467 to run task
[2025-02-22T18:53:19.195+0000] {standard_task_runner.py:84} INFO - Running: ['***', 'tasks', 'run', 'new_dag_1', 'check_file', 'manual__2025-02-22T18:43:04.119246+00:00', '--job-id', '19', '--raw', '--subdir', 'DAGS_FOLDER/ingest_data.py', '--cfg-path', '/tmp/tmpsj8pqyr6']
[2025-02-22T18:53:19.199+0000] {standard_task_runner.py:85} INFO - Job 19: Subtask check_file
[2025-02-22T18:53:19.284+0000] {task_command.py:415} INFO - Running <TaskInstance: new_dag_1.check_file manual__2025-02-22T18:43:04.119246+00:00 [running]> on host 972836975d47
[2025-02-22T18:53:19.387+0000] {taskinstance.py:1660} INFO - Exporting env vars: AIRFLOW_CTX_DAG_OWNER='***' AIRFLOW_CTX_DAG_ID='new_dag_1' AIRFLOW_CTX_TASK_ID='check_file' AIRFLOW_CTX_EXECUTION_DATE='2025-02-22T18:43:04.119246+00:00' AIRFLOW_CTX_TRY_NUMBER='6' AIRFLOW_CTX_DAG_RUN_ID='manual__2025-02-22T18:43:04.119246+00:00'
[2025-02-22T18:53:19.390+0000] {subprocess.py:63} INFO - Tmp dir root location: /tmp
[2025-02-22T18:53:19.392+0000] {subprocess.py:75} INFO - Running command: ['/bin/bash', '-c', 'ls -l /mnt/d/projets/***/input/persons.csv']
[2025-02-22T18:53:19.402+0000] {subprocess.py:86} INFO - Output:
[2025-02-22T18:53:19.406+0000] {subprocess.py:93} INFO - ls: cannot access '/mnt/d/projets/***/input/persons.csv': No such file or directory
[2025-02-22T18:53:19.408+0000] {subprocess.py:97} INFO - Command exited with return code 2
[2025-02-22T18:53:19.420+0000] {taskinstance.py:1935} ERROR - Task failed with exception
Traceback (most recent call last):
  File "/home/airflow/.local/lib/python3.8/site-packages/airflow/operators/bash.py", line 210, in execute
    raise AirflowException(
airflow.exceptions.AirflowException: Bash command failed. The command returned a non-zero exit code 2.
[2025-02-22T18:53:19.425+0000] {taskinstance.py:1398} INFO - Marking task as FAILED. dag_id=new_dag_1, task_id=check_file, execution_date=20250222T184304, start_date=20250222T185319, end_date=20250222T185319
[2025-02-22T18:53:19.453+0000] {standard_task_runner.py:104} ERROR - Failed to execute job 19 for task check_file (Bash command failed. The command returned a non-zero exit code 2.; 467)
[2025-02-22T18:53:19.490+0000] {local_task_job_runner.py:228} INFO - Task exited with return code 1
[2025-02-22T18:53:19.516+0000] {taskinstance.py:2776} INFO - 0 downstream tasks scheduled from follow-on schedule check
