[2025-02-22T18:43:12.725+0000] {taskinstance.py:1157} INFO - Dependencies all met for dep_context=non-requeueable deps ti=<TaskInstance: new_dag_1.check_file manual__2025-02-22T18:43:04.119246+00:00 [queued]>
[2025-02-22T18:43:12.740+0000] {taskinstance.py:1157} INFO - Dependencies all met for dep_context=requeueable deps ti=<TaskInstance: new_dag_1.check_file manual__2025-02-22T18:43:04.119246+00:00 [queued]>
[2025-02-22T18:43:12.741+0000] {taskinstance.py:1359} INFO - Starting attempt 1 of 6
[2025-02-22T18:43:12.765+0000] {taskinstance.py:1380} INFO - Executing <Task(BashOperator): check_file> on 2025-02-22 18:43:04.119246+00:00
[2025-02-22T18:43:12.773+0000] {standard_task_runner.py:57} INFO - Started process 338 to run task
[2025-02-22T18:43:12.778+0000] {standard_task_runner.py:84} INFO - Running: ['***', 'tasks', 'run', 'new_dag_1', 'check_file', 'manual__2025-02-22T18:43:04.119246+00:00', '--job-id', '9', '--raw', '--subdir', 'DAGS_FOLDER/ingest_data.py', '--cfg-path', '/tmp/tmp5tl28gqd']
[2025-02-22T18:43:12.784+0000] {standard_task_runner.py:85} INFO - Job 9: Subtask check_file
[2025-02-22T18:43:12.881+0000] {task_command.py:415} INFO - Running <TaskInstance: new_dag_1.check_file manual__2025-02-22T18:43:04.119246+00:00 [running]> on host 972836975d47
[2025-02-22T18:43:13.008+0000] {taskinstance.py:1660} INFO - Exporting env vars: AIRFLOW_CTX_DAG_OWNER='***' AIRFLOW_CTX_DAG_ID='new_dag_1' AIRFLOW_CTX_TASK_ID='check_file' AIRFLOW_CTX_EXECUTION_DATE='2025-02-22T18:43:04.119246+00:00' AIRFLOW_CTX_TRY_NUMBER='1' AIRFLOW_CTX_DAG_RUN_ID='manual__2025-02-22T18:43:04.119246+00:00'
[2025-02-22T18:43:13.016+0000] {subprocess.py:63} INFO - Tmp dir root location: /tmp
[2025-02-22T18:43:13.018+0000] {subprocess.py:75} INFO - Running command: ['/bin/bash', '-c', 'ls -l /mnt/d/projets/***/input/persons.csv']
[2025-02-22T18:43:13.036+0000] {subprocess.py:86} INFO - Output:
[2025-02-22T18:43:13.041+0000] {subprocess.py:93} INFO - ls: cannot access '/mnt/d/projets/***/input/persons.csv': No such file or directory
[2025-02-22T18:43:13.042+0000] {subprocess.py:97} INFO - Command exited with return code 2
[2025-02-22T18:43:13.059+0000] {taskinstance.py:1935} ERROR - Task failed with exception
Traceback (most recent call last):
  File "/home/airflow/.local/lib/python3.8/site-packages/airflow/operators/bash.py", line 210, in execute
    raise AirflowException(
airflow.exceptions.AirflowException: Bash command failed. The command returned a non-zero exit code 2.
[2025-02-22T18:43:13.069+0000] {taskinstance.py:1398} INFO - Marking task as UP_FOR_RETRY. dag_id=new_dag_1, task_id=check_file, execution_date=20250222T184304, start_date=20250222T184312, end_date=20250222T184313
[2025-02-22T18:43:13.092+0000] {standard_task_runner.py:104} ERROR - Failed to execute job 9 for task check_file (Bash command failed. The command returned a non-zero exit code 2.; 338)
[2025-02-22T18:43:13.113+0000] {local_task_job_runner.py:228} INFO - Task exited with return code 1
[2025-02-22T18:43:13.156+0000] {taskinstance.py:2776} INFO - 0 downstream tasks scheduled from follow-on schedule check
