[2025-02-23T16:40:45.831+0000] {taskinstance.py:1159} INFO - Dependencies all met for dep_context=non-requeueable deps ti=<TaskInstance: fetch_crypto_data_and_upload_to_hdfs.upload_to_hdfs scheduled__2025-02-22T00:00:00+00:00 [queued]>
[2025-02-23T16:40:45.840+0000] {taskinstance.py:1159} INFO - Dependencies all met for dep_context=requeueable deps ti=<TaskInstance: fetch_crypto_data_and_upload_to_hdfs.upload_to_hdfs scheduled__2025-02-22T00:00:00+00:00 [queued]>
[2025-02-23T16:40:45.840+0000] {taskinstance.py:1361} INFO - Starting attempt 1 of 2
[2025-02-23T16:40:45.854+0000] {taskinstance.py:1382} INFO - Executing <Task(BashOperator): upload_to_hdfs> on 2025-02-22 00:00:00+00:00
[2025-02-23T16:40:45.860+0000] {standard_task_runner.py:57} INFO - Started process 658 to run task
[2025-02-23T16:40:45.864+0000] {standard_task_runner.py:84} INFO - Running: ['***', 'tasks', 'run', 'fetch_crypto_data_and_upload_to_hdfs', 'upload_to_hdfs', 'scheduled__2025-02-22T00:00:00+00:00', '--job-id', '11', '--raw', '--subdir', 'DAGS_FOLDER/ingest_data.py', '--cfg-path', '/tmp/tmp_6xpnb03']
[2025-02-23T16:40:45.868+0000] {standard_task_runner.py:85} INFO - Job 11: Subtask upload_to_hdfs
[2025-02-23T16:40:45.923+0000] {task_command.py:415} INFO - Running <TaskInstance: fetch_crypto_data_and_upload_to_hdfs.upload_to_hdfs scheduled__2025-02-22T00:00:00+00:00 [running]> on host 12ef345898d3
[2025-02-23T16:40:46.001+0000] {taskinstance.py:1660} INFO - Exporting env vars: AIRFLOW_CTX_DAG_OWNER='***' AIRFLOW_CTX_DAG_ID='fetch_crypto_data_and_upload_to_hdfs' AIRFLOW_CTX_TASK_ID='upload_to_hdfs' AIRFLOW_CTX_EXECUTION_DATE='2025-02-22T00:00:00+00:00' AIRFLOW_CTX_TRY_NUMBER='1' AIRFLOW_CTX_DAG_RUN_ID='scheduled__2025-02-22T00:00:00+00:00'
[2025-02-23T16:40:46.004+0000] {subprocess.py:63} INFO - Tmp dir root location: /tmp
[2025-02-23T16:40:46.007+0000] {subprocess.py:75} INFO - Running command: ['/bin/bash', '-c', 'docker exec -it -u root namenode bash -c "hdfs dfs -put -f /tmp/crypto_historical_data.csv /user/hadoop/crypto_historical_data.csv"']
[2025-02-23T16:40:46.027+0000] {subprocess.py:86} INFO - Output:
[2025-02-23T16:40:46.077+0000] {subprocess.py:93} INFO - the input device is not a TTY
[2025-02-23T16:40:46.079+0000] {subprocess.py:97} INFO - Command exited with return code 1
[2025-02-23T16:40:46.092+0000] {taskinstance.py:1943} ERROR - Task failed with exception
Traceback (most recent call last):
  File "/home/airflow/.local/lib/python3.9/site-packages/airflow/operators/bash.py", line 210, in execute
    raise AirflowException(
airflow.exceptions.AirflowException: Bash command failed. The command returned a non-zero exit code 1.
[2025-02-23T16:40:46.096+0000] {taskinstance.py:1400} INFO - Marking task as UP_FOR_RETRY. dag_id=fetch_crypto_data_and_upload_to_hdfs, task_id=upload_to_hdfs, execution_date=20250222T000000, start_date=20250223T164045, end_date=20250223T164046
[2025-02-23T16:40:46.114+0000] {standard_task_runner.py:104} ERROR - Failed to execute job 11 for task upload_to_hdfs (Bash command failed. The command returned a non-zero exit code 1.; 658)
[2025-02-23T16:40:46.163+0000] {local_task_job_runner.py:228} INFO - Task exited with return code 1
[2025-02-23T16:40:46.187+0000] {taskinstance.py:2784} INFO - 0 downstream tasks scheduled from follow-on schedule check
[2025-02-23T18:04:23.564+0000] {taskinstance.py:1159} INFO - Dependencies all met for dep_context=non-requeueable deps ti=<TaskInstance: fetch_crypto_data_and_upload_to_hdfs.upload_to_hdfs scheduled__2025-02-22T00:00:00+00:00 [queued]>
[2025-02-23T18:04:23.579+0000] {taskinstance.py:1159} INFO - Dependencies all met for dep_context=requeueable deps ti=<TaskInstance: fetch_crypto_data_and_upload_to_hdfs.upload_to_hdfs scheduled__2025-02-22T00:00:00+00:00 [queued]>
[2025-02-23T18:04:23.580+0000] {taskinstance.py:1361} INFO - Starting attempt 1 of 2
[2025-02-23T18:04:23.604+0000] {taskinstance.py:1382} INFO - Executing <Task(BashOperator): upload_to_hdfs> on 2025-02-22 00:00:00+00:00
[2025-02-23T18:04:23.614+0000] {standard_task_runner.py:57} INFO - Started process 2218 to run task
[2025-02-23T18:04:23.618+0000] {standard_task_runner.py:84} INFO - Running: ['***', 'tasks', 'run', 'fetch_crypto_data_and_upload_to_hdfs', 'upload_to_hdfs', 'scheduled__2025-02-22T00:00:00+00:00', '--job-id', '4', '--raw', '--subdir', 'DAGS_FOLDER/ingest_data.py', '--cfg-path', '/tmp/tmpocxjrj9a']
[2025-02-23T18:04:23.622+0000] {standard_task_runner.py:85} INFO - Job 4: Subtask upload_to_hdfs
[2025-02-23T18:04:23.696+0000] {task_command.py:415} INFO - Running <TaskInstance: fetch_crypto_data_and_upload_to_hdfs.upload_to_hdfs scheduled__2025-02-22T00:00:00+00:00 [running]> on host 95f034191b67
[2025-02-23T18:04:23.852+0000] {taskinstance.py:1660} INFO - Exporting env vars: AIRFLOW_CTX_DAG_OWNER='***' AIRFLOW_CTX_DAG_ID='fetch_crypto_data_and_upload_to_hdfs' AIRFLOW_CTX_TASK_ID='upload_to_hdfs' AIRFLOW_CTX_EXECUTION_DATE='2025-02-22T00:00:00+00:00' AIRFLOW_CTX_TRY_NUMBER='1' AIRFLOW_CTX_DAG_RUN_ID='scheduled__2025-02-22T00:00:00+00:00'
[2025-02-23T18:04:23.855+0000] {subprocess.py:63} INFO - Tmp dir root location: /tmp
[2025-02-23T18:04:23.858+0000] {subprocess.py:75} INFO - Running command: ['/bin/bash', '-c', 'cd /tmp && docker cp crypto_historical_data.csv namenode:/tmp/crypto_historical_data.csv && docker exec -it namenode bash -c "cd /tmp && hdfs dfs -put crypto_historical_data.csv"']
[2025-02-23T18:04:23.879+0000] {subprocess.py:86} INFO - Output:
[2025-02-23T18:04:24.146+0000] {subprocess.py:93} INFO - the input device is not a TTY
[2025-02-23T18:04:24.148+0000] {subprocess.py:97} INFO - Command exited with return code 1
[2025-02-23T18:04:24.174+0000] {taskinstance.py:1943} ERROR - Task failed with exception
Traceback (most recent call last):
  File "/home/airflow/.local/lib/python3.9/site-packages/airflow/operators/bash.py", line 210, in execute
    raise AirflowException(
airflow.exceptions.AirflowException: Bash command failed. The command returned a non-zero exit code 1.
[2025-02-23T18:04:24.181+0000] {taskinstance.py:1400} INFO - Marking task as UP_FOR_RETRY. dag_id=fetch_crypto_data_and_upload_to_hdfs, task_id=upload_to_hdfs, execution_date=20250222T000000, start_date=20250223T180423, end_date=20250223T180424
[2025-02-23T18:04:24.202+0000] {standard_task_runner.py:104} ERROR - Failed to execute job 4 for task upload_to_hdfs (Bash command failed. The command returned a non-zero exit code 1.; 2218)
[2025-02-23T18:04:24.235+0000] {local_task_job_runner.py:228} INFO - Task exited with return code 1
[2025-02-23T18:04:24.277+0000] {taskinstance.py:2784} INFO - 0 downstream tasks scheduled from follow-on schedule check
