[2025-02-22T19:38:02.207+0000] {taskinstance.py:1157} INFO - Dependencies all met for dep_context=non-requeueable deps ti=<TaskInstance: coingecko_ingestion_dag.fetch_data scheduled__2025-02-17T00:00:00+00:00 [queued]>
[2025-02-22T19:38:02.226+0000] {taskinstance.py:1157} INFO - Dependencies all met for dep_context=requeueable deps ti=<TaskInstance: coingecko_ingestion_dag.fetch_data scheduled__2025-02-17T00:00:00+00:00 [queued]>
[2025-02-22T19:38:02.227+0000] {taskinstance.py:1359} INFO - Starting attempt 1 of 2
[2025-02-22T19:38:02.263+0000] {taskinstance.py:1380} INFO - Executing <Task(PythonOperator): fetch_data> on 2025-02-17 00:00:00+00:00
[2025-02-22T19:38:02.275+0000] {standard_task_runner.py:57} INFO - Started process 1515 to run task
[2025-02-22T19:38:02.286+0000] {standard_task_runner.py:84} INFO - Running: ['***', 'tasks', 'run', 'coingecko_ingestion_dag', 'fetch_data', 'scheduled__2025-02-17T00:00:00+00:00', '--job-id', '171', '--raw', '--subdir', 'DAGS_FOLDER/ingest_data.py', '--cfg-path', '/tmp/tmp_en4fxh0']
[2025-02-22T19:38:02.294+0000] {standard_task_runner.py:85} INFO - Job 171: Subtask fetch_data
[2025-02-22T19:38:02.413+0000] {task_command.py:415} INFO - Running <TaskInstance: coingecko_ingestion_dag.fetch_data scheduled__2025-02-17T00:00:00+00:00 [running]> on host 972836975d47
[2025-02-22T19:38:02.611+0000] {taskinstance.py:1660} INFO - Exporting env vars: AIRFLOW_CTX_DAG_OWNER='etudiant' AIRFLOW_CTX_DAG_ID='coingecko_ingestion_dag' AIRFLOW_CTX_TASK_ID='fetch_data' AIRFLOW_CTX_EXECUTION_DATE='2025-02-17T00:00:00+00:00' AIRFLOW_CTX_TRY_NUMBER='1' AIRFLOW_CTX_DAG_RUN_ID='scheduled__2025-02-17T00:00:00+00:00'
[2025-02-22T19:38:03.517+0000] {python.py:194} INFO - Done. Returned value was: None
[2025-02-22T19:38:03.545+0000] {taskinstance.py:1398} INFO - Marking task as SUCCESS. dag_id=coingecko_ingestion_dag, task_id=fetch_data, execution_date=20250217T000000, start_date=20250222T193802, end_date=20250222T193803
[2025-02-22T19:38:03.635+0000] {local_task_job_runner.py:228} INFO - Task exited with return code 0
[2025-02-22T19:38:03.711+0000] {taskinstance.py:2776} INFO - 1 downstream tasks scheduled from follow-on schedule check
[2025-02-23T13:37:38.451+0000] {taskinstance.py:1157} INFO - Dependencies all met for dep_context=non-requeueable deps ti=<TaskInstance: coingecko_ingestion_dag.fetch_data scheduled__2025-02-17T00:00:00+00:00 [queued]>
[2025-02-23T13:37:38.531+0000] {taskinstance.py:1157} INFO - Dependencies all met for dep_context=requeueable deps ti=<TaskInstance: coingecko_ingestion_dag.fetch_data scheduled__2025-02-17T00:00:00+00:00 [queued]>
[2025-02-23T13:37:38.532+0000] {taskinstance.py:1359} INFO - Starting attempt 1 of 2
[2025-02-23T13:37:38.615+0000] {taskinstance.py:1380} INFO - Executing <Task(PythonOperator): fetch_data> on 2025-02-17 00:00:00+00:00
[2025-02-23T13:37:38.642+0000] {standard_task_runner.py:57} INFO - Started process 1525 to run task
[2025-02-23T13:37:38.683+0000] {standard_task_runner.py:84} INFO - Running: ['***', 'tasks', 'run', 'coingecko_ingestion_dag', 'fetch_data', 'scheduled__2025-02-17T00:00:00+00:00', '--job-id', '106', '--raw', '--subdir', 'DAGS_FOLDER/ingest_data.py', '--cfg-path', '/tmp/tmptzq_96qt']
[2025-02-23T13:37:38.697+0000] {standard_task_runner.py:85} INFO - Job 106: Subtask fetch_data
[2025-02-23T13:37:39.130+0000] {task_command.py:415} INFO - Running <TaskInstance: coingecko_ingestion_dag.fetch_data scheduled__2025-02-17T00:00:00+00:00 [running]> on host 49036eb7676e
[2025-02-23T13:37:39.777+0000] {taskinstance.py:1660} INFO - Exporting env vars: AIRFLOW_CTX_DAG_OWNER='etudiant' AIRFLOW_CTX_DAG_ID='coingecko_ingestion_dag' AIRFLOW_CTX_TASK_ID='fetch_data' AIRFLOW_CTX_EXECUTION_DATE='2025-02-17T00:00:00+00:00' AIRFLOW_CTX_TRY_NUMBER='1' AIRFLOW_CTX_DAG_RUN_ID='scheduled__2025-02-17T00:00:00+00:00'
[2025-02-23T13:37:40.203+0000] {python.py:194} INFO - Done. Returned value was: None
[2025-02-23T13:37:40.233+0000] {taskinstance.py:1398} INFO - Marking task as SUCCESS. dag_id=coingecko_ingestion_dag, task_id=fetch_data, execution_date=20250217T000000, start_date=20250223T133738, end_date=20250223T133740
[2025-02-23T13:37:40.294+0000] {local_task_job_runner.py:228} INFO - Task exited with return code 0
[2025-02-23T13:37:40.660+0000] {taskinstance.py:2776} INFO - 0 downstream tasks scheduled from follow-on schedule check
