[2025-02-26T16:50:26.615+0000] {taskinstance.py:1159} INFO - Dependencies all met for dep_context=non-requeueable deps ti=<TaskInstance: crypto_data_processing_mapreduce.run_mapreduce_job manual__2025-02-26T16:50:22.090375+00:00 [queued]>
[2025-02-26T16:50:26.630+0000] {taskinstance.py:1159} INFO - Dependencies all met for dep_context=requeueable deps ti=<TaskInstance: crypto_data_processing_mapreduce.run_mapreduce_job manual__2025-02-26T16:50:22.090375+00:00 [queued]>
[2025-02-26T16:50:26.631+0000] {taskinstance.py:1361} INFO - Starting attempt 1 of 2
[2025-02-26T16:50:26.658+0000] {taskinstance.py:1382} INFO - Executing <Task(BashOperator): run_mapreduce_job> on 2025-02-26 16:50:22.090375+00:00
[2025-02-26T16:50:26.665+0000] {standard_task_runner.py:57} INFO - Started process 66129 to run task
[2025-02-26T16:50:26.670+0000] {standard_task_runner.py:84} INFO - Running: ['***', 'tasks', 'run', 'crypto_data_processing_mapreduce', 'run_mapreduce_job', 'manual__2025-02-26T16:50:22.090375+00:00', '--job-id', '17', '--raw', '--subdir', 'DAGS_FOLDER/transform_data.py', '--cfg-path', '/tmp/tmpg_z0rksk']
[2025-02-26T16:50:26.675+0000] {standard_task_runner.py:85} INFO - Job 17: Subtask run_mapreduce_job
[2025-02-26T16:50:26.747+0000] {task_command.py:415} INFO - Running <TaskInstance: crypto_data_processing_mapreduce.run_mapreduce_job manual__2025-02-26T16:50:22.090375+00:00 [running]> on host 8f39f5b11fbf
[2025-02-26T16:50:26.848+0000] {logging_mixin.py:151} WARNING - /home/***/.local/lib/python3.9/site-packages/***/utils/context.py:206 AirflowContextDeprecationWarning: Accessing 'execution_date' from the template is deprecated and will be removed in a future version. Please use 'data_interval_start' or 'logical_date' instead.
[2025-02-26T16:50:26.888+0000] {taskinstance.py:1660} INFO - Exporting env vars: AIRFLOW_CTX_DAG_OWNER='***' AIRFLOW_CTX_DAG_ID='crypto_data_processing_mapreduce' AIRFLOW_CTX_TASK_ID='run_mapreduce_job' AIRFLOW_CTX_EXECUTION_DATE='2025-02-26T16:50:22.090375+00:00' AIRFLOW_CTX_TRY_NUMBER='1' AIRFLOW_CTX_DAG_RUN_ID='manual__2025-02-26T16:50:22.090375+00:00'
[2025-02-26T16:50:26.891+0000] {subprocess.py:63} INFO - Tmp dir root location: /tmp
[2025-02-26T16:50:26.893+0000] {subprocess.py:75} INFO - Running command: ['/bin/bash', '-c', '\n                docker exec namenode bash -c "cd /home &&                 hadoop jar /opt/hadoop-3.2.1/share/hadoop/tools/lib/hadoop-streaming-3.2.1.jar                 -input /user/root/crypto/YYYY=2025/MM=02/DD=26/crypto_historical_data.csv                 -output /user/root/crypto/processed/YYYY=2025/MM=02/DD=26                 -mapper mapper.py                 -reducer reducer.py                 -file /home/mapper.py                 -file /home/reducer.py"\n            ']
[2025-02-26T16:50:26.909+0000] {subprocess.py:86} INFO - Output:
[2025-02-26T16:50:28.029+0000] {subprocess.py:93} INFO - 2025-02-26 16:50:28,025 WARN streaming.StreamJob: -file option is deprecated, please use generic option -files instead.
[2025-02-26T16:50:28.899+0000] {subprocess.py:93} INFO - packageJobJar: [/home/mapper.py, /home/reducer.py] [] /tmp/streamjob2972483449771418821.jar tmpDir=null
[2025-02-26T16:50:29.009+0000] {subprocess.py:93} INFO - 2025-02-26 16:50:29,006 INFO impl.MetricsConfig: Loaded properties from hadoop-metrics2.properties
[2025-02-26T16:50:29.063+0000] {subprocess.py:93} INFO - 2025-02-26 16:50:29,061 INFO impl.MetricsSystemImpl: Scheduled Metric snapshot period at 10 second(s).
[2025-02-26T16:50:29.064+0000] {subprocess.py:93} INFO - 2025-02-26 16:50:29,062 INFO impl.MetricsSystemImpl: JobTracker metrics system started
[2025-02-26T16:50:29.075+0000] {subprocess.py:93} INFO - 2025-02-26 16:50:29,073 WARN impl.MetricsSystemImpl: JobTracker metrics system already initialized!
[2025-02-26T16:50:29.206+0000] {subprocess.py:93} INFO - 2025-02-26 16:50:29,204 ERROR streaming.StreamJob: Error Launching job : Output directory hdfs://namenode:9000/user/root/crypto/processed/YYYY=2025/MM=02/DD=26 already exists
[2025-02-26T16:50:29.206+0000] {subprocess.py:93} INFO - Streaming Command Failed!
[2025-02-26T16:50:29.686+0000] {subprocess.py:97} INFO - Command exited with return code 5
[2025-02-26T16:50:29.712+0000] {taskinstance.py:1943} ERROR - Task failed with exception
Traceback (most recent call last):
  File "/home/airflow/.local/lib/python3.9/site-packages/airflow/operators/bash.py", line 210, in execute
    raise AirflowException(
airflow.exceptions.AirflowException: Bash command failed. The command returned a non-zero exit code 5.
[2025-02-26T16:50:29.720+0000] {taskinstance.py:1400} INFO - Marking task as UP_FOR_RETRY. dag_id=crypto_data_processing_mapreduce, task_id=run_mapreduce_job, execution_date=20250226T165022, start_date=20250226T165026, end_date=20250226T165029
[2025-02-26T16:50:29.741+0000] {standard_task_runner.py:104} ERROR - Failed to execute job 17 for task run_mapreduce_job (Bash command failed. The command returned a non-zero exit code 5.; 66129)
[2025-02-26T16:50:29.778+0000] {local_task_job_runner.py:228} INFO - Task exited with return code 1
[2025-02-26T16:50:29.808+0000] {taskinstance.py:2784} INFO - 0 downstream tasks scheduled from follow-on schedule check
