[2025-02-22T19:37:55.643+0000] {taskinstance.py:1157} INFO - Dependencies all met for dep_context=non-requeueable deps ti=<TaskInstance: coingecko_ingestion_dag.store_raw_data_in_hdfs scheduled__2025-02-06T00:00:00+00:00 [queued]>
[2025-02-22T19:37:55.762+0000] {taskinstance.py:1157} INFO - Dependencies all met for dep_context=requeueable deps ti=<TaskInstance: coingecko_ingestion_dag.store_raw_data_in_hdfs scheduled__2025-02-06T00:00:00+00:00 [queued]>
[2025-02-22T19:37:55.765+0000] {taskinstance.py:1359} INFO - Starting attempt 2 of 2
[2025-02-22T19:37:56.454+0000] {taskinstance.py:1380} INFO - Executing <Task(PythonOperator): store_raw_data_in_hdfs> on 2025-02-06 00:00:00+00:00
[2025-02-22T19:37:56.508+0000] {standard_task_runner.py:57} INFO - Started process 1493 to run task
[2025-02-22T19:37:56.537+0000] {standard_task_runner.py:84} INFO - Running: ['***', 'tasks', 'run', 'coingecko_ingestion_dag', 'store_raw_data_in_hdfs', 'scheduled__2025-02-06T00:00:00+00:00', '--job-id', '166', '--raw', '--subdir', 'DAGS_FOLDER/ingest_data.py', '--cfg-path', '/tmp/tmp64xtbz6b']
[2025-02-22T19:37:56.588+0000] {standard_task_runner.py:85} INFO - Job 166: Subtask store_raw_data_in_hdfs
[2025-02-22T19:37:57.006+0000] {task_command.py:415} INFO - Running <TaskInstance: coingecko_ingestion_dag.store_raw_data_in_hdfs scheduled__2025-02-06T00:00:00+00:00 [running]> on host 972836975d47
[2025-02-22T19:37:57.320+0000] {taskinstance.py:1660} INFO - Exporting env vars: AIRFLOW_CTX_DAG_OWNER='etudiant' AIRFLOW_CTX_DAG_ID='coingecko_ingestion_dag' AIRFLOW_CTX_TASK_ID='store_raw_data_in_hdfs' AIRFLOW_CTX_EXECUTION_DATE='2025-02-06T00:00:00+00:00' AIRFLOW_CTX_TRY_NUMBER='2' AIRFLOW_CTX_DAG_RUN_ID='scheduled__2025-02-06T00:00:00+00:00'
[2025-02-22T19:37:57.413+0000] {taskinstance.py:1935} ERROR - Task failed with exception
Traceback (most recent call last):
  File "/home/airflow/.local/lib/python3.8/site-packages/airflow/operators/python.py", line 192, in execute
    return_value = self.execute_callable()
  File "/home/airflow/.local/lib/python3.8/site-packages/airflow/operators/python.py", line 209, in execute_callable
    return self.python_callable(*self.op_args, **self.op_kwargs)
  File "/opt/airflow/dags/ingest_data.py", line 48, in store_raw_data_in_hdfs
    subprocess.run(["hdfs", "dfs", "-mkdir", "-p", hdfs_dir])
  File "/usr/local/lib/python3.8/subprocess.py", line 493, in run
    with Popen(*popenargs, **kwargs) as process:
  File "/usr/local/lib/python3.8/subprocess.py", line 858, in __init__
    self._execute_child(args, executable, preexec_fn, close_fds,
  File "/usr/local/lib/python3.8/subprocess.py", line 1720, in _execute_child
    raise child_exception_type(errno_num, err_msg, err_filename)
PermissionError: [Errno 13] Permission denied: 'hdfs'
[2025-02-22T19:37:57.469+0000] {taskinstance.py:1398} INFO - Marking task as FAILED. dag_id=coingecko_ingestion_dag, task_id=store_raw_data_in_hdfs, execution_date=20250206T000000, start_date=20250222T193755, end_date=20250222T193757
[2025-02-22T19:37:57.512+0000] {standard_task_runner.py:104} ERROR - Failed to execute job 166 for task store_raw_data_in_hdfs ([Errno 13] Permission denied: 'hdfs'; 1493)
[2025-02-22T19:37:57.559+0000] {local_task_job_runner.py:228} INFO - Task exited with return code 1
[2025-02-22T19:37:57.920+0000] {taskinstance.py:2776} INFO - 0 downstream tasks scheduled from follow-on schedule check
[2025-02-23T13:42:41.483+0000] {taskinstance.py:1157} INFO - Dependencies all met for dep_context=non-requeueable deps ti=<TaskInstance: coingecko_ingestion_dag.store_raw_data_in_hdfs scheduled__2025-02-06T00:00:00+00:00 [queued]>
[2025-02-23T13:42:41.504+0000] {taskinstance.py:1157} INFO - Dependencies all met for dep_context=requeueable deps ti=<TaskInstance: coingecko_ingestion_dag.store_raw_data_in_hdfs scheduled__2025-02-06T00:00:00+00:00 [queued]>
[2025-02-23T13:42:41.505+0000] {taskinstance.py:1359} INFO - Starting attempt 2 of 2
[2025-02-23T13:42:41.525+0000] {taskinstance.py:1380} INFO - Executing <Task(PythonOperator): store_raw_data_in_hdfs> on 2025-02-06 00:00:00+00:00
[2025-02-23T13:42:41.533+0000] {standard_task_runner.py:57} INFO - Started process 1615 to run task
[2025-02-23T13:42:41.537+0000] {standard_task_runner.py:84} INFO - Running: ['***', 'tasks', 'run', 'coingecko_ingestion_dag', 'store_raw_data_in_hdfs', 'scheduled__2025-02-06T00:00:00+00:00', '--job-id', '122', '--raw', '--subdir', 'DAGS_FOLDER/ingest_data.py', '--cfg-path', '/tmp/tmpt3kc45hr']
[2025-02-23T13:42:41.541+0000] {standard_task_runner.py:85} INFO - Job 122: Subtask store_raw_data_in_hdfs
[2025-02-23T13:42:41.631+0000] {task_command.py:415} INFO - Running <TaskInstance: coingecko_ingestion_dag.store_raw_data_in_hdfs scheduled__2025-02-06T00:00:00+00:00 [running]> on host 49036eb7676e
[2025-02-23T13:42:41.750+0000] {taskinstance.py:1660} INFO - Exporting env vars: AIRFLOW_CTX_DAG_OWNER='etudiant' AIRFLOW_CTX_DAG_ID='coingecko_ingestion_dag' AIRFLOW_CTX_TASK_ID='store_raw_data_in_hdfs' AIRFLOW_CTX_EXECUTION_DATE='2025-02-06T00:00:00+00:00' AIRFLOW_CTX_TRY_NUMBER='2' AIRFLOW_CTX_DAG_RUN_ID='scheduled__2025-02-06T00:00:00+00:00'
[2025-02-23T13:42:41.790+0000] {taskinstance.py:1935} ERROR - Task failed with exception
Traceback (most recent call last):
  File "/home/airflow/.local/lib/python3.8/site-packages/airflow/operators/python.py", line 192, in execute
    return_value = self.execute_callable()
  File "/home/airflow/.local/lib/python3.8/site-packages/airflow/operators/python.py", line 209, in execute_callable
    return self.python_callable(*self.op_args, **self.op_kwargs)
  File "/opt/airflow/dags/ingest_data.py", line 48, in store_raw_data_in_hdfs
    subprocess.run(["hdfs", "dfs", "-mkdir", "-p", hdfs_dir])
  File "/usr/local/lib/python3.8/subprocess.py", line 493, in run
    with Popen(*popenargs, **kwargs) as process:
  File "/usr/local/lib/python3.8/subprocess.py", line 858, in __init__
    self._execute_child(args, executable, preexec_fn, close_fds,
  File "/usr/local/lib/python3.8/subprocess.py", line 1720, in _execute_child
    raise child_exception_type(errno_num, err_msg, err_filename)
PermissionError: [Errno 13] Permission denied: 'hdfs'
[2025-02-23T13:42:41.808+0000] {taskinstance.py:1398} INFO - Marking task as FAILED. dag_id=coingecko_ingestion_dag, task_id=store_raw_data_in_hdfs, execution_date=20250206T000000, start_date=20250223T134241, end_date=20250223T134241
[2025-02-23T13:42:41.829+0000] {standard_task_runner.py:104} ERROR - Failed to execute job 122 for task store_raw_data_in_hdfs ([Errno 13] Permission denied: 'hdfs'; 1615)
[2025-02-23T13:42:41.877+0000] {local_task_job_runner.py:228} INFO - Task exited with return code 1
[2025-02-23T13:42:41.932+0000] {taskinstance.py:2776} INFO - 0 downstream tasks scheduled from follow-on schedule check
