[2025-02-28T09:48:49.918+0000] {taskinstance.py:1159} INFO - Dependencies all met for dep_context=non-requeueable deps ti=<TaskInstance: crypto_data_processing_mapreduce.run_mapreduce_job manual__2025-02-28T09:43:40.767801+00:00 [queued]>
[2025-02-28T09:48:49.934+0000] {taskinstance.py:1159} INFO - Dependencies all met for dep_context=requeueable deps ti=<TaskInstance: crypto_data_processing_mapreduce.run_mapreduce_job manual__2025-02-28T09:43:40.767801+00:00 [queued]>
[2025-02-28T09:48:49.935+0000] {taskinstance.py:1361} INFO - Starting attempt 2 of 2
[2025-02-28T09:48:49.951+0000] {taskinstance.py:1382} INFO - Executing <Task(BashOperator): run_mapreduce_job> on 2025-02-28 09:43:40.767801+00:00
[2025-02-28T09:48:49.957+0000] {standard_task_runner.py:57} INFO - Started process 1025 to run task
[2025-02-28T09:48:49.963+0000] {standard_task_runner.py:84} INFO - Running: ['***', 'tasks', 'run', 'crypto_data_processing_mapreduce', 'run_mapreduce_job', 'manual__2025-02-28T09:43:40.767801+00:00', '--job-id', '13', '--raw', '--subdir', 'DAGS_FOLDER/transform_data.py', '--cfg-path', '/tmp/tmpq1k_469t']
[2025-02-28T09:48:49.967+0000] {standard_task_runner.py:85} INFO - Job 13: Subtask run_mapreduce_job
[2025-02-28T09:48:50.033+0000] {task_command.py:415} INFO - Running <TaskInstance: crypto_data_processing_mapreduce.run_mapreduce_job manual__2025-02-28T09:43:40.767801+00:00 [running]> on host bfe91925d4dd
[2025-02-28T09:48:50.094+0000] {logging_mixin.py:151} WARNING - /home/***/.local/lib/python3.9/site-packages/***/utils/context.py:206 AirflowContextDeprecationWarning: Accessing 'execution_date' from the template is deprecated and will be removed in a future version. Please use 'data_interval_start' or 'logical_date' instead.
[2025-02-28T09:48:50.132+0000] {taskinstance.py:1660} INFO - Exporting env vars: AIRFLOW_CTX_DAG_OWNER='***' AIRFLOW_CTX_DAG_ID='crypto_data_processing_mapreduce' AIRFLOW_CTX_TASK_ID='run_mapreduce_job' AIRFLOW_CTX_EXECUTION_DATE='2025-02-28T09:43:40.767801+00:00' AIRFLOW_CTX_TRY_NUMBER='2' AIRFLOW_CTX_DAG_RUN_ID='manual__2025-02-28T09:43:40.767801+00:00'
[2025-02-28T09:48:50.135+0000] {subprocess.py:63} INFO - Tmp dir root location: /tmp
[2025-02-28T09:48:50.137+0000] {subprocess.py:75} INFO - Running command: ['/bin/bash', '-c', '\n                docker exec namenode bash -c "cd /home &&                 hadoop jar /opt/hadoop-3.2.1/share/hadoop/tools/lib/hadoop-streaming-3.2.1.jar                 -input /user/root/crypto/YYYY=2025/MM=02/DD=28/crypto_historical_data.csv                 -output /user/root/crypto/processed/YYYY=2025/MM=02/DD=28                 -mapper \'/usr/bin/python3 /home/mapper.py\'                 -reducer \'/usr/bin/python3 /home/reducer.py\'                 -file /home/mapper.py                 -file /home/reducer.py"\n            ']
[2025-02-28T09:48:50.151+0000] {subprocess.py:86} INFO - Output:
[2025-02-28T09:48:50.906+0000] {subprocess.py:93} INFO - 2025-02-28 09:48:50,903 WARN streaming.StreamJob: -file option is deprecated, please use generic option -files instead.
[2025-02-28T09:48:51.791+0000] {subprocess.py:93} INFO - packageJobJar: [/home/mapper.py, /home/reducer.py] [] /tmp/streamjob2442596278543431358.jar tmpDir=null
[2025-02-28T09:48:51.898+0000] {subprocess.py:93} INFO - 2025-02-28 09:48:51,896 INFO impl.MetricsConfig: Loaded properties from hadoop-metrics2.properties
[2025-02-28T09:48:51.964+0000] {subprocess.py:93} INFO - 2025-02-28 09:48:51,962 INFO impl.MetricsSystemImpl: Scheduled Metric snapshot period at 10 second(s).
[2025-02-28T09:48:51.965+0000] {subprocess.py:93} INFO - 2025-02-28 09:48:51,963 INFO impl.MetricsSystemImpl: JobTracker metrics system started
[2025-02-28T09:48:51.980+0000] {subprocess.py:93} INFO - 2025-02-28 09:48:51,978 WARN impl.MetricsSystemImpl: JobTracker metrics system already initialized!
[2025-02-28T09:48:52.210+0000] {subprocess.py:93} INFO - 2025-02-28 09:48:52,207 ERROR streaming.StreamJob: Error Launching job : Output directory hdfs://namenode:9000/user/root/crypto/processed/YYYY=2025/MM=02/DD=28 already exists
[2025-02-28T09:48:52.211+0000] {subprocess.py:93} INFO - Streaming Command Failed!
[2025-02-28T09:48:52.675+0000] {subprocess.py:97} INFO - Command exited with return code 5
[2025-02-28T09:48:52.690+0000] {taskinstance.py:1943} ERROR - Task failed with exception
Traceback (most recent call last):
  File "/home/airflow/.local/lib/python3.9/site-packages/airflow/operators/bash.py", line 210, in execute
    raise AirflowException(
airflow.exceptions.AirflowException: Bash command failed. The command returned a non-zero exit code 5.
[2025-02-28T09:48:52.695+0000] {taskinstance.py:1400} INFO - Marking task as FAILED. dag_id=crypto_data_processing_mapreduce, task_id=run_mapreduce_job, execution_date=20250228T094340, start_date=20250228T094849, end_date=20250228T094852
[2025-02-28T09:48:52.713+0000] {standard_task_runner.py:104} ERROR - Failed to execute job 13 for task run_mapreduce_job (Bash command failed. The command returned a non-zero exit code 5.; 1025)
[2025-02-28T09:48:52.762+0000] {local_task_job_runner.py:228} INFO - Task exited with return code 1
[2025-02-28T09:48:52.785+0000] {taskinstance.py:2784} INFO - 0 downstream tasks scheduled from follow-on schedule check
