[2025-02-28T09:43:43.993+0000] {taskinstance.py:1159} INFO - Dependencies all met for dep_context=non-requeueable deps ti=<TaskInstance: crypto_data_processing_mapreduce.run_mapreduce_job manual__2025-02-28T09:43:40.767801+00:00 [queued]>
[2025-02-28T09:43:44.005+0000] {taskinstance.py:1159} INFO - Dependencies all met for dep_context=requeueable deps ti=<TaskInstance: crypto_data_processing_mapreduce.run_mapreduce_job manual__2025-02-28T09:43:40.767801+00:00 [queued]>
[2025-02-28T09:43:44.005+0000] {taskinstance.py:1361} INFO - Starting attempt 1 of 2
[2025-02-28T09:43:44.023+0000] {taskinstance.py:1382} INFO - Executing <Task(BashOperator): run_mapreduce_job> on 2025-02-28 09:43:40.767801+00:00
[2025-02-28T09:43:44.031+0000] {standard_task_runner.py:57} INFO - Started process 843 to run task
[2025-02-28T09:43:44.034+0000] {standard_task_runner.py:84} INFO - Running: ['***', 'tasks', 'run', 'crypto_data_processing_mapreduce', 'run_mapreduce_job', 'manual__2025-02-28T09:43:40.767801+00:00', '--job-id', '11', '--raw', '--subdir', 'DAGS_FOLDER/transform_data.py', '--cfg-path', '/tmp/tmpshhtdv74']
[2025-02-28T09:43:44.037+0000] {standard_task_runner.py:85} INFO - Job 11: Subtask run_mapreduce_job
[2025-02-28T09:43:44.114+0000] {task_command.py:415} INFO - Running <TaskInstance: crypto_data_processing_mapreduce.run_mapreduce_job manual__2025-02-28T09:43:40.767801+00:00 [running]> on host bfe91925d4dd
[2025-02-28T09:43:44.188+0000] {logging_mixin.py:151} WARNING - /home/***/.local/lib/python3.9/site-packages/***/utils/context.py:206 AirflowContextDeprecationWarning: Accessing 'execution_date' from the template is deprecated and will be removed in a future version. Please use 'data_interval_start' or 'logical_date' instead.
[2025-02-28T09:43:44.226+0000] {taskinstance.py:1660} INFO - Exporting env vars: AIRFLOW_CTX_DAG_OWNER='***' AIRFLOW_CTX_DAG_ID='crypto_data_processing_mapreduce' AIRFLOW_CTX_TASK_ID='run_mapreduce_job' AIRFLOW_CTX_EXECUTION_DATE='2025-02-28T09:43:40.767801+00:00' AIRFLOW_CTX_TRY_NUMBER='1' AIRFLOW_CTX_DAG_RUN_ID='manual__2025-02-28T09:43:40.767801+00:00'
[2025-02-28T09:43:44.230+0000] {subprocess.py:63} INFO - Tmp dir root location: /tmp
[2025-02-28T09:43:44.232+0000] {subprocess.py:75} INFO - Running command: ['/bin/bash', '-c', '\n                docker exec namenode bash -c "cd /home &&                 hadoop jar /opt/hadoop-3.2.1/share/hadoop/tools/lib/hadoop-streaming-3.2.1.jar                 -input /user/root/crypto/YYYY=2025/MM=02/DD=28/crypto_historical_data.csv                 -output /user/root/crypto/processed/YYYY=2025/MM=02/DD=28                 -mapper \'/usr/bin/python3 /home/mapper.py\'                 -reducer \'/usr/bin/python3 /home/reducer.py\'                 -file /home/mapper.py                 -file /home/reducer.py"\n            ']
[2025-02-28T09:43:44.244+0000] {subprocess.py:86} INFO - Output:
[2025-02-28T09:43:45.153+0000] {subprocess.py:93} INFO - 2025-02-28 09:43:45,149 WARN streaming.StreamJob: -file option is deprecated, please use generic option -files instead.
[2025-02-28T09:43:45.995+0000] {subprocess.py:93} INFO - packageJobJar: [/home/mapper.py, /home/reducer.py] [] /tmp/streamjob8520279705510984176.jar tmpDir=null
[2025-02-28T09:43:46.132+0000] {subprocess.py:93} INFO - 2025-02-28 09:43:46,130 INFO impl.MetricsConfig: Loaded properties from hadoop-metrics2.properties
[2025-02-28T09:43:46.190+0000] {subprocess.py:93} INFO - 2025-02-28 09:43:46,189 INFO impl.MetricsSystemImpl: Scheduled Metric snapshot period at 10 second(s).
[2025-02-28T09:43:46.191+0000] {subprocess.py:93} INFO - 2025-02-28 09:43:46,189 INFO impl.MetricsSystemImpl: JobTracker metrics system started
[2025-02-28T09:43:46.206+0000] {subprocess.py:93} INFO - 2025-02-28 09:43:46,204 WARN impl.MetricsSystemImpl: JobTracker metrics system already initialized!
[2025-02-28T09:43:46.469+0000] {subprocess.py:93} INFO - 2025-02-28 09:43:46,468 INFO mapred.FileInputFormat: Total input files to process : 1
[2025-02-28T09:43:46.506+0000] {subprocess.py:93} INFO - 2025-02-28 09:43:46,504 INFO mapreduce.JobSubmitter: number of splits:1
[2025-02-28T09:43:46.652+0000] {subprocess.py:93} INFO - 2025-02-28 09:43:46,649 INFO mapreduce.JobSubmitter: Submitting tokens for job: job_local1562396041_0001
[2025-02-28T09:43:46.653+0000] {subprocess.py:93} INFO - 2025-02-28 09:43:46,649 INFO mapreduce.JobSubmitter: Executing with tokens: []
[2025-02-28T09:43:46.878+0000] {subprocess.py:93} INFO - 2025-02-28 09:43:46,876 INFO mapred.LocalDistributedCacheManager: Localized file:/home/mapper.py as file:/tmp/hadoop-root/mapred/local/job_local1562396041_0001_cf81cbed-3dfc-4657-af65-91d53c645e3d/mapper.py
[2025-02-28T09:43:46.927+0000] {subprocess.py:93} INFO - 2025-02-28 09:43:46,925 INFO mapred.LocalDistributedCacheManager: Localized file:/home/reducer.py as file:/tmp/hadoop-root/mapred/local/job_local1562396041_0001_1befefbf-e0b0-419e-8622-d98a58170805/reducer.py
[2025-02-28T09:43:47.025+0000] {subprocess.py:93} INFO - 2025-02-28 09:43:47,023 INFO mapreduce.Job: The url to track the job: http://localhost:8080/
[2025-02-28T09:43:47.027+0000] {subprocess.py:93} INFO - 2025-02-28 09:43:47,026 INFO mapred.LocalJobRunner: OutputCommitter set in config null
[2025-02-28T09:43:47.028+0000] {subprocess.py:93} INFO - 2025-02-28 09:43:47,026 INFO mapreduce.Job: Running job: job_local1562396041_0001
[2025-02-28T09:43:47.030+0000] {subprocess.py:93} INFO - 2025-02-28 09:43:47,028 INFO mapred.LocalJobRunner: OutputCommitter is org.apache.hadoop.mapred.FileOutputCommitter
[2025-02-28T09:43:47.037+0000] {subprocess.py:93} INFO - 2025-02-28 09:43:47,034 INFO output.FileOutputCommitter: File Output Committer Algorithm version is 2
[2025-02-28T09:43:47.038+0000] {subprocess.py:93} INFO - 2025-02-28 09:43:47,035 INFO output.FileOutputCommitter: FileOutputCommitter skip cleanup _temporary folders under output directory:false, ignore cleanup failures: false
[2025-02-28T09:43:47.078+0000] {subprocess.py:93} INFO - 2025-02-28 09:43:47,077 INFO mapred.LocalJobRunner: Waiting for map tasks
[2025-02-28T09:43:47.082+0000] {subprocess.py:93} INFO - 2025-02-28 09:43:47,080 INFO mapred.LocalJobRunner: Starting task: attempt_local1562396041_0001_m_000000_0
[2025-02-28T09:43:47.113+0000] {subprocess.py:93} INFO - 2025-02-28 09:43:47,111 INFO output.FileOutputCommitter: File Output Committer Algorithm version is 2
[2025-02-28T09:43:47.114+0000] {subprocess.py:93} INFO - 2025-02-28 09:43:47,111 INFO output.FileOutputCommitter: FileOutputCommitter skip cleanup _temporary folders under output directory:false, ignore cleanup failures: false
[2025-02-28T09:43:47.137+0000] {subprocess.py:93} INFO - 2025-02-28 09:43:47,135 INFO mapred.Task:  Using ResourceCalculatorProcessTree : [ ]
[2025-02-28T09:43:47.145+0000] {subprocess.py:93} INFO - 2025-02-28 09:43:47,143 INFO mapred.MapTask: Processing split: hdfs://namenode:9000/user/root/crypto/YYYY=2025/MM=02/DD=28/crypto_historical_data.csv:0+44077
[2025-02-28T09:43:47.161+0000] {subprocess.py:93} INFO - 2025-02-28 09:43:47,160 INFO mapred.MapTask: numReduceTasks: 1
[2025-02-28T09:43:47.293+0000] {subprocess.py:93} INFO - 2025-02-28 09:43:47,291 INFO mapred.MapTask: (EQUATOR) 0 kvi 26214396(104857584)
[2025-02-28T09:43:47.294+0000] {subprocess.py:93} INFO - 2025-02-28 09:43:47,291 INFO mapred.MapTask: mapreduce.task.io.sort.mb: 100
[2025-02-28T09:43:47.294+0000] {subprocess.py:93} INFO - 2025-02-28 09:43:47,291 INFO mapred.MapTask: soft limit at 83886080
[2025-02-28T09:43:47.295+0000] {subprocess.py:93} INFO - 2025-02-28 09:43:47,291 INFO mapred.MapTask: bufstart = 0; bufvoid = 104857600
[2025-02-28T09:43:47.295+0000] {subprocess.py:93} INFO - 2025-02-28 09:43:47,291 INFO mapred.MapTask: kvstart = 26214396; length = 6553600
[2025-02-28T09:43:47.296+0000] {subprocess.py:93} INFO - 2025-02-28 09:43:47,294 INFO mapred.MapTask: Map output collector class = org.apache.hadoop.mapred.MapTask$MapOutputBuffer
[2025-02-28T09:43:47.298+0000] {subprocess.py:93} INFO - 2025-02-28 09:43:47,296 INFO streaming.PipeMapRed: PipeMapRed exec [/usr/bin/python3, /home/mapper.py]
[2025-02-28T09:43:47.303+0000] {subprocess.py:93} INFO - 2025-02-28 09:43:47,301 INFO Configuration.deprecation: mapred.work.output.dir is deprecated. Instead, use mapreduce.task.output.dir
[2025-02-28T09:43:47.305+0000] {subprocess.py:93} INFO - 2025-02-28 09:43:47,302 INFO Configuration.deprecation: map.input.start is deprecated. Instead, use mapreduce.map.input.start
[2025-02-28T09:43:47.307+0000] {subprocess.py:93} INFO - 2025-02-28 09:43:47,303 INFO Configuration.deprecation: mapred.task.is.map is deprecated. Instead, use mapreduce.task.ismap
[2025-02-28T09:43:47.308+0000] {subprocess.py:93} INFO - 2025-02-28 09:43:47,303 INFO Configuration.deprecation: mapred.task.id is deprecated. Instead, use mapreduce.task.attempt.id
[2025-02-28T09:43:47.309+0000] {subprocess.py:93} INFO - 2025-02-28 09:43:47,305 INFO Configuration.deprecation: mapred.tip.id is deprecated. Instead, use mapreduce.task.id
[2025-02-28T09:43:47.310+0000] {subprocess.py:93} INFO - 2025-02-28 09:43:47,305 INFO Configuration.deprecation: mapred.local.dir is deprecated. Instead, use mapreduce.cluster.local.dir
[2025-02-28T09:43:47.310+0000] {subprocess.py:93} INFO - 2025-02-28 09:43:47,305 INFO Configuration.deprecation: map.input.file is deprecated. Instead, use mapreduce.map.input.file
[2025-02-28T09:43:47.311+0000] {subprocess.py:93} INFO - 2025-02-28 09:43:47,307 INFO Configuration.deprecation: mapred.skip.on is deprecated. Instead, use mapreduce.job.skiprecords
[2025-02-28T09:43:47.312+0000] {subprocess.py:93} INFO - 2025-02-28 09:43:47,307 INFO Configuration.deprecation: map.input.length is deprecated. Instead, use mapreduce.map.input.length
[2025-02-28T09:43:47.312+0000] {subprocess.py:93} INFO - 2025-02-28 09:43:47,308 INFO Configuration.deprecation: mapred.job.id is deprecated. Instead, use mapreduce.job.id
[2025-02-28T09:43:47.313+0000] {subprocess.py:93} INFO - 2025-02-28 09:43:47,308 INFO Configuration.deprecation: user.name is deprecated. Instead, use mapreduce.job.user.name
[2025-02-28T09:43:47.313+0000] {subprocess.py:93} INFO - 2025-02-28 09:43:47,309 INFO Configuration.deprecation: mapred.task.partition is deprecated. Instead, use mapreduce.task.partition
[2025-02-28T09:43:47.326+0000] {subprocess.py:93} INFO - 2025-02-28 09:43:47,321 ERROR streaming.PipeMapRed: configuration exception
[2025-02-28T09:43:47.327+0000] {subprocess.py:93} INFO - java.io.IOException: Cannot run program "/usr/bin/python3": error=2, No such file or directory
[2025-02-28T09:43:47.328+0000] {subprocess.py:93} INFO - 	at java.lang.ProcessBuilder.start(ProcessBuilder.java:1048)
[2025-02-28T09:43:47.329+0000] {subprocess.py:93} INFO - 	at org.apache.hadoop.streaming.PipeMapRed.configure(PipeMapRed.java:209)
[2025-02-28T09:43:47.329+0000] {subprocess.py:93} INFO - 	at org.apache.hadoop.streaming.PipeMapper.configure(PipeMapper.java:66)
[2025-02-28T09:43:47.330+0000] {subprocess.py:93} INFO - 	at sun.reflect.NativeMethodAccessorImpl.invoke0(Native Method)
[2025-02-28T09:43:47.331+0000] {subprocess.py:93} INFO - 	at sun.reflect.NativeMethodAccessorImpl.invoke(NativeMethodAccessorImpl.java:62)
[2025-02-28T09:43:47.331+0000] {subprocess.py:93} INFO - 	at sun.reflect.DelegatingMethodAccessorImpl.invoke(DelegatingMethodAccessorImpl.java:43)
[2025-02-28T09:43:47.332+0000] {subprocess.py:93} INFO - 	at java.lang.reflect.Method.invoke(Method.java:498)
[2025-02-28T09:43:47.333+0000] {subprocess.py:93} INFO - 	at org.apache.hadoop.util.ReflectionUtils.setJobConf(ReflectionUtils.java:110)
[2025-02-28T09:43:47.334+0000] {subprocess.py:93} INFO - 	at org.apache.hadoop.util.ReflectionUtils.setConf(ReflectionUtils.java:79)
[2025-02-28T09:43:47.334+0000] {subprocess.py:93} INFO - 	at org.apache.hadoop.util.ReflectionUtils.newInstance(ReflectionUtils.java:137)
[2025-02-28T09:43:47.335+0000] {subprocess.py:93} INFO - 	at org.apache.hadoop.mapred.MapRunner.configure(MapRunner.java:38)
[2025-02-28T09:43:47.336+0000] {subprocess.py:93} INFO - 	at sun.reflect.NativeMethodAccessorImpl.invoke0(Native Method)
[2025-02-28T09:43:47.336+0000] {subprocess.py:93} INFO - 	at sun.reflect.NativeMethodAccessorImpl.invoke(NativeMethodAccessorImpl.java:62)
[2025-02-28T09:43:47.337+0000] {subprocess.py:93} INFO - 	at sun.reflect.DelegatingMethodAccessorImpl.invoke(DelegatingMethodAccessorImpl.java:43)
[2025-02-28T09:43:47.338+0000] {subprocess.py:93} INFO - 	at java.lang.reflect.Method.invoke(Method.java:498)
[2025-02-28T09:43:47.338+0000] {subprocess.py:93} INFO - 	at org.apache.hadoop.util.ReflectionUtils.setJobConf(ReflectionUtils.java:110)
[2025-02-28T09:43:47.339+0000] {subprocess.py:93} INFO - 	at org.apache.hadoop.util.ReflectionUtils.setConf(ReflectionUtils.java:79)
[2025-02-28T09:43:47.340+0000] {subprocess.py:93} INFO - 	at org.apache.hadoop.util.ReflectionUtils.newInstance(ReflectionUtils.java:137)
[2025-02-28T09:43:47.341+0000] {subprocess.py:93} INFO - 	at org.apache.hadoop.mapred.MapTask.runOldMapper(MapTask.java:462)
[2025-02-28T09:43:47.342+0000] {subprocess.py:93} INFO - 	at org.apache.hadoop.mapred.MapTask.run(MapTask.java:349)
[2025-02-28T09:43:47.342+0000] {subprocess.py:93} INFO - 	at org.apache.hadoop.mapred.LocalJobRunner$Job$MapTaskRunnable.run(LocalJobRunner.java:271)
[2025-02-28T09:43:47.343+0000] {subprocess.py:93} INFO - 	at java.util.concurrent.Executors$RunnableAdapter.call(Executors.java:511)
[2025-02-28T09:43:47.343+0000] {subprocess.py:93} INFO - 	at java.util.concurrent.FutureTask.run(FutureTask.java:266)
[2025-02-28T09:43:47.344+0000] {subprocess.py:93} INFO - 	at java.util.concurrent.ThreadPoolExecutor.runWorker(ThreadPoolExecutor.java:1149)
[2025-02-28T09:43:47.345+0000] {subprocess.py:93} INFO - 	at java.util.concurrent.ThreadPoolExecutor$Worker.run(ThreadPoolExecutor.java:624)
[2025-02-28T09:43:47.345+0000] {subprocess.py:93} INFO - 	at java.lang.Thread.run(Thread.java:748)
[2025-02-28T09:43:47.346+0000] {subprocess.py:93} INFO - Caused by: java.io.IOException: error=2, No such file or directory
[2025-02-28T09:43:47.347+0000] {subprocess.py:93} INFO - 	at java.lang.UNIXProcess.forkAndExec(Native Method)
[2025-02-28T09:43:47.347+0000] {subprocess.py:93} INFO - 	at java.lang.UNIXProcess.<init>(UNIXProcess.java:247)
[2025-02-28T09:43:47.348+0000] {subprocess.py:93} INFO - 	at java.lang.ProcessImpl.start(ProcessImpl.java:134)
[2025-02-28T09:43:47.349+0000] {subprocess.py:93} INFO - 	at java.lang.ProcessBuilder.start(ProcessBuilder.java:1029)
[2025-02-28T09:43:47.350+0000] {subprocess.py:93} INFO - 	... 25 more
[2025-02-28T09:43:47.350+0000] {subprocess.py:93} INFO - 2025-02-28 09:43:47,324 INFO mapred.LocalJobRunner: map task executor complete.
[2025-02-28T09:43:47.351+0000] {subprocess.py:93} INFO - 2025-02-28 09:43:47,334 WARN mapred.LocalJobRunner: job_local1562396041_0001
[2025-02-28T09:43:47.352+0000] {subprocess.py:93} INFO - java.lang.Exception: java.lang.RuntimeException: Error in configuring object
[2025-02-28T09:43:47.352+0000] {subprocess.py:93} INFO - 	at org.apache.hadoop.mapred.LocalJobRunner$Job.runTasks(LocalJobRunner.java:492)
[2025-02-28T09:43:47.353+0000] {subprocess.py:93} INFO - 	at org.apache.hadoop.mapred.LocalJobRunner$Job.run(LocalJobRunner.java:552)
[2025-02-28T09:43:47.354+0000] {subprocess.py:93} INFO - Caused by: java.lang.RuntimeException: Error in configuring object
[2025-02-28T09:43:47.354+0000] {subprocess.py:93} INFO - 	at org.apache.hadoop.util.ReflectionUtils.setJobConf(ReflectionUtils.java:113)
[2025-02-28T09:43:47.355+0000] {subprocess.py:93} INFO - 	at org.apache.hadoop.util.ReflectionUtils.setConf(ReflectionUtils.java:79)
[2025-02-28T09:43:47.357+0000] {subprocess.py:93} INFO - 	at org.apache.hadoop.util.ReflectionUtils.newInstance(ReflectionUtils.java:137)
[2025-02-28T09:43:47.358+0000] {subprocess.py:93} INFO - 	at org.apache.hadoop.mapred.MapTask.runOldMapper(MapTask.java:462)
[2025-02-28T09:43:47.359+0000] {subprocess.py:93} INFO - 	at org.apache.hadoop.mapred.MapTask.run(MapTask.java:349)
[2025-02-28T09:43:47.359+0000] {subprocess.py:93} INFO - 	at org.apache.hadoop.mapred.LocalJobRunner$Job$MapTaskRunnable.run(LocalJobRunner.java:271)
[2025-02-28T09:43:47.360+0000] {subprocess.py:93} INFO - 	at java.util.concurrent.Executors$RunnableAdapter.call(Executors.java:511)
[2025-02-28T09:43:47.360+0000] {subprocess.py:93} INFO - 	at java.util.concurrent.FutureTask.run(FutureTask.java:266)
[2025-02-28T09:43:47.362+0000] {subprocess.py:93} INFO - 	at java.util.concurrent.ThreadPoolExecutor.runWorker(ThreadPoolExecutor.java:1149)
[2025-02-28T09:43:47.363+0000] {subprocess.py:93} INFO - 	at java.util.concurrent.ThreadPoolExecutor$Worker.run(ThreadPoolExecutor.java:624)
[2025-02-28T09:43:47.363+0000] {subprocess.py:93} INFO - 	at java.lang.Thread.run(Thread.java:748)
[2025-02-28T09:43:47.364+0000] {subprocess.py:93} INFO - Caused by: java.lang.reflect.InvocationTargetException
[2025-02-28T09:43:47.364+0000] {subprocess.py:93} INFO - 	at sun.reflect.NativeMethodAccessorImpl.invoke0(Native Method)
[2025-02-28T09:43:47.365+0000] {subprocess.py:93} INFO - 	at sun.reflect.NativeMethodAccessorImpl.invoke(NativeMethodAccessorImpl.java:62)
[2025-02-28T09:43:47.366+0000] {subprocess.py:93} INFO - 	at sun.reflect.DelegatingMethodAccessorImpl.invoke(DelegatingMethodAccessorImpl.java:43)
[2025-02-28T09:43:47.366+0000] {subprocess.py:93} INFO - 	at java.lang.reflect.Method.invoke(Method.java:498)
[2025-02-28T09:43:47.367+0000] {subprocess.py:93} INFO - 	at org.apache.hadoop.util.ReflectionUtils.setJobConf(ReflectionUtils.java:110)
[2025-02-28T09:43:47.368+0000] {subprocess.py:93} INFO - 	... 10 more
[2025-02-28T09:43:47.369+0000] {subprocess.py:93} INFO - Caused by: java.lang.RuntimeException: Error in configuring object
[2025-02-28T09:43:47.370+0000] {subprocess.py:93} INFO - 	at org.apache.hadoop.util.ReflectionUtils.setJobConf(ReflectionUtils.java:113)
[2025-02-28T09:43:47.370+0000] {subprocess.py:93} INFO - 	at org.apache.hadoop.util.ReflectionUtils.setConf(ReflectionUtils.java:79)
[2025-02-28T09:43:47.371+0000] {subprocess.py:93} INFO - 	at org.apache.hadoop.util.ReflectionUtils.newInstance(ReflectionUtils.java:137)
[2025-02-28T09:43:47.372+0000] {subprocess.py:93} INFO - 	at org.apache.hadoop.mapred.MapRunner.configure(MapRunner.java:38)
[2025-02-28T09:43:47.372+0000] {subprocess.py:93} INFO - 	... 15 more
[2025-02-28T09:43:47.373+0000] {subprocess.py:93} INFO - Caused by: java.lang.reflect.InvocationTargetException
[2025-02-28T09:43:47.374+0000] {subprocess.py:93} INFO - 	at sun.reflect.NativeMethodAccessorImpl.invoke0(Native Method)
[2025-02-28T09:43:47.375+0000] {subprocess.py:93} INFO - 	at sun.reflect.NativeMethodAccessorImpl.invoke(NativeMethodAccessorImpl.java:62)
[2025-02-28T09:43:47.376+0000] {subprocess.py:93} INFO - 	at sun.reflect.DelegatingMethodAccessorImpl.invoke(DelegatingMethodAccessorImpl.java:43)
[2025-02-28T09:43:47.377+0000] {subprocess.py:93} INFO - 	at java.lang.reflect.Method.invoke(Method.java:498)
[2025-02-28T09:43:47.378+0000] {subprocess.py:93} INFO - 	at org.apache.hadoop.util.ReflectionUtils.setJobConf(ReflectionUtils.java:110)
[2025-02-28T09:43:47.379+0000] {subprocess.py:93} INFO - 	... 18 more
[2025-02-28T09:43:47.380+0000] {subprocess.py:93} INFO - Caused by: java.lang.RuntimeException: configuration exception
[2025-02-28T09:43:47.380+0000] {subprocess.py:93} INFO - 	at org.apache.hadoop.streaming.PipeMapRed.configure(PipeMapRed.java:222)
[2025-02-28T09:43:47.381+0000] {subprocess.py:93} INFO - 	at org.apache.hadoop.streaming.PipeMapper.configure(PipeMapper.java:66)
[2025-02-28T09:43:47.381+0000] {subprocess.py:93} INFO - 	... 23 more
[2025-02-28T09:43:47.382+0000] {subprocess.py:93} INFO - Caused by: java.io.IOException: Cannot run program "/usr/bin/python3": error=2, No such file or directory
[2025-02-28T09:43:47.383+0000] {subprocess.py:93} INFO - 	at java.lang.ProcessBuilder.start(ProcessBuilder.java:1048)
[2025-02-28T09:43:47.383+0000] {subprocess.py:93} INFO - 	at org.apache.hadoop.streaming.PipeMapRed.configure(PipeMapRed.java:209)
[2025-02-28T09:43:47.384+0000] {subprocess.py:93} INFO - 	... 24 more
[2025-02-28T09:43:47.385+0000] {subprocess.py:93} INFO - Caused by: java.io.IOException: error=2, No such file or directory
[2025-02-28T09:43:47.385+0000] {subprocess.py:93} INFO - 	at java.lang.UNIXProcess.forkAndExec(Native Method)
[2025-02-28T09:43:47.386+0000] {subprocess.py:93} INFO - 	at java.lang.UNIXProcess.<init>(UNIXProcess.java:247)
[2025-02-28T09:43:47.386+0000] {subprocess.py:93} INFO - 	at java.lang.ProcessImpl.start(ProcessImpl.java:134)
[2025-02-28T09:43:47.387+0000] {subprocess.py:93} INFO - 	at java.lang.ProcessBuilder.start(ProcessBuilder.java:1029)
[2025-02-28T09:43:47.387+0000] {subprocess.py:93} INFO - 	... 25 more
[2025-02-28T09:43:48.036+0000] {subprocess.py:93} INFO - 2025-02-28 09:43:48,035 INFO mapreduce.Job: Job job_local1562396041_0001 running in uber mode : false
[2025-02-28T09:43:48.037+0000] {subprocess.py:93} INFO - 2025-02-28 09:43:48,036 INFO mapreduce.Job:  map 0% reduce 0%
[2025-02-28T09:43:48.041+0000] {subprocess.py:93} INFO - 2025-02-28 09:43:48,039 INFO mapreduce.Job: Job job_local1562396041_0001 failed with state FAILED due to: NA
[2025-02-28T09:43:48.055+0000] {subprocess.py:93} INFO - 2025-02-28 09:43:48,049 INFO mapreduce.Job: Counters: 0
[2025-02-28T09:43:48.056+0000] {subprocess.py:93} INFO - 2025-02-28 09:43:48,050 ERROR streaming.StreamJob: Job not successful!
[2025-02-28T09:43:48.056+0000] {subprocess.py:93} INFO - Streaming Command Failed!
[2025-02-28T09:43:48.568+0000] {subprocess.py:97} INFO - Command exited with return code 1
[2025-02-28T09:43:48.580+0000] {taskinstance.py:1943} ERROR - Task failed with exception
Traceback (most recent call last):
  File "/home/airflow/.local/lib/python3.9/site-packages/airflow/operators/bash.py", line 210, in execute
    raise AirflowException(
airflow.exceptions.AirflowException: Bash command failed. The command returned a non-zero exit code 1.
[2025-02-28T09:43:48.583+0000] {taskinstance.py:1400} INFO - Marking task as UP_FOR_RETRY. dag_id=crypto_data_processing_mapreduce, task_id=run_mapreduce_job, execution_date=20250228T094340, start_date=20250228T094343, end_date=20250228T094348
[2025-02-28T09:43:48.597+0000] {standard_task_runner.py:104} ERROR - Failed to execute job 11 for task run_mapreduce_job (Bash command failed. The command returned a non-zero exit code 1.; 843)
[2025-02-28T09:43:48.638+0000] {local_task_job_runner.py:228} INFO - Task exited with return code 1
[2025-02-28T09:43:48.660+0000] {taskinstance.py:2784} INFO - 0 downstream tasks scheduled from follow-on schedule check
