[2025-02-27T10:26:24.231+0000] {taskinstance.py:1159} INFO - Dependencies all met for dep_context=non-requeueable deps ti=<TaskInstance: crypto_data_processing_mapreduce.run_mapreduce_job manual__2025-02-27T10:26:19.653318+00:00 [queued]>
[2025-02-27T10:26:24.244+0000] {taskinstance.py:1159} INFO - Dependencies all met for dep_context=requeueable deps ti=<TaskInstance: crypto_data_processing_mapreduce.run_mapreduce_job manual__2025-02-27T10:26:19.653318+00:00 [queued]>
[2025-02-27T10:26:24.247+0000] {taskinstance.py:1361} INFO - Starting attempt 1 of 2
[2025-02-27T10:26:24.265+0000] {taskinstance.py:1382} INFO - Executing <Task(BashOperator): run_mapreduce_job> on 2025-02-27 10:26:19.653318+00:00
[2025-02-27T10:26:24.272+0000] {standard_task_runner.py:57} INFO - Started process 65407 to run task
[2025-02-27T10:26:24.276+0000] {standard_task_runner.py:84} INFO - Running: ['***', 'tasks', 'run', 'crypto_data_processing_mapreduce', 'run_mapreduce_job', 'manual__2025-02-27T10:26:19.653318+00:00', '--job-id', '41', '--raw', '--subdir', 'DAGS_FOLDER/transform_data.py', '--cfg-path', '/tmp/tmpolc559jk']
[2025-02-27T10:26:24.279+0000] {standard_task_runner.py:85} INFO - Job 41: Subtask run_mapreduce_job
[2025-02-27T10:26:24.354+0000] {task_command.py:415} INFO - Running <TaskInstance: crypto_data_processing_mapreduce.run_mapreduce_job manual__2025-02-27T10:26:19.653318+00:00 [running]> on host 8d9ab8d4ded3
[2025-02-27T10:26:24.429+0000] {logging_mixin.py:151} WARNING - /home/***/.local/lib/python3.9/site-packages/***/utils/context.py:206 AirflowContextDeprecationWarning: Accessing 'execution_date' from the template is deprecated and will be removed in a future version. Please use 'data_interval_start' or 'logical_date' instead.
[2025-02-27T10:26:24.473+0000] {taskinstance.py:1660} INFO - Exporting env vars: AIRFLOW_CTX_DAG_OWNER='***' AIRFLOW_CTX_DAG_ID='crypto_data_processing_mapreduce' AIRFLOW_CTX_TASK_ID='run_mapreduce_job' AIRFLOW_CTX_EXECUTION_DATE='2025-02-27T10:26:19.653318+00:00' AIRFLOW_CTX_TRY_NUMBER='1' AIRFLOW_CTX_DAG_RUN_ID='manual__2025-02-27T10:26:19.653318+00:00'
[2025-02-27T10:26:24.475+0000] {subprocess.py:63} INFO - Tmp dir root location: /tmp
[2025-02-27T10:26:24.478+0000] {subprocess.py:75} INFO - Running command: ['/bin/bash', '-c', '\n                docker exec namenode bash -c "cd /home &&                 hadoop fs -rm -r /user/root/crypto/processed/YYYY=2025/MM=02/DD=27 || true &&                 hadoop jar /opt/hadoop-3.2.1/share/hadoop/tools/lib/hadoop-streaming-3.2.1.jar                 -input /user/root/crypto/YYYY=2025/MM=02/DD=27/crypto_historical_data.csv                 -output /user/root/crypto/processed/YYYY=2025/MM=02/DD=27                 -mapper \'/usr/bin/python3 /home/mapper.py\'                 -reducer \'/usr/bin/python3 /home/reducer.py\'                 -file /home/mapper.py                 -file /home/reducer.py"\n            ']
[2025-02-27T10:26:24.492+0000] {subprocess.py:86} INFO - Output:
[2025-02-27T10:26:27.083+0000] {subprocess.py:93} INFO - rm: `/user/root/crypto/processed/YYYY=2025/MM=02/DD=27': No such file or directory
[2025-02-27T10:26:28.345+0000] {subprocess.py:93} INFO - 2025-02-27 10:26:28,342 WARN streaming.StreamJob: -file option is deprecated, please use generic option -files instead.
[2025-02-27T10:26:29.343+0000] {subprocess.py:93} INFO - packageJobJar: [/home/mapper.py, /home/reducer.py] [] /tmp/streamjob9021978012561114954.jar tmpDir=null
[2025-02-27T10:26:29.493+0000] {subprocess.py:93} INFO - 2025-02-27 10:26:29,492 INFO impl.MetricsConfig: Loaded properties from hadoop-metrics2.properties
[2025-02-27T10:26:29.581+0000] {subprocess.py:93} INFO - 2025-02-27 10:26:29,578 INFO impl.MetricsSystemImpl: Scheduled Metric snapshot period at 10 second(s).
[2025-02-27T10:26:29.581+0000] {subprocess.py:93} INFO - 2025-02-27 10:26:29,578 INFO impl.MetricsSystemImpl: JobTracker metrics system started
[2025-02-27T10:26:29.605+0000] {subprocess.py:93} INFO - 2025-02-27 10:26:29,602 WARN impl.MetricsSystemImpl: JobTracker metrics system already initialized!
[2025-02-27T10:26:29.962+0000] {subprocess.py:93} INFO - 2025-02-27 10:26:29,960 INFO mapreduce.JobSubmitter: Cleaning up the staging area file:/tmp/hadoop/mapred/staging/root448839349/.staging/job_local448839349_0001
[2025-02-27T10:26:29.963+0000] {subprocess.py:93} INFO - 2025-02-27 10:26:29,961 ERROR streaming.StreamJob: Error Launching job : Input path does not exist: hdfs://namenode:9000/user/root/crypto/YYYY=2025/MM=02/DD=27/crypto_historical_data.csv
[2025-02-27T10:26:29.964+0000] {subprocess.py:93} INFO - Streaming Command Failed!
[2025-02-27T10:26:30.472+0000] {subprocess.py:97} INFO - Command exited with return code 5
[2025-02-27T10:26:30.494+0000] {taskinstance.py:1943} ERROR - Task failed with exception
Traceback (most recent call last):
  File "/home/airflow/.local/lib/python3.9/site-packages/airflow/operators/bash.py", line 210, in execute
    raise AirflowException(
airflow.exceptions.AirflowException: Bash command failed. The command returned a non-zero exit code 5.
[2025-02-27T10:26:30.501+0000] {taskinstance.py:1400} INFO - Marking task as UP_FOR_RETRY. dag_id=crypto_data_processing_mapreduce, task_id=run_mapreduce_job, execution_date=20250227T102619, start_date=20250227T102624, end_date=20250227T102630
[2025-02-27T10:26:30.525+0000] {standard_task_runner.py:104} ERROR - Failed to execute job 41 for task run_mapreduce_job (Bash command failed. The command returned a non-zero exit code 5.; 65407)
[2025-02-27T10:26:30.550+0000] {local_task_job_runner.py:228} INFO - Task exited with return code 1
[2025-02-27T10:26:30.579+0000] {taskinstance.py:2784} INFO - 0 downstream tasks scheduled from follow-on schedule check
