[2025-02-26T10:36:32.482+0000] {taskinstance.py:1159} INFO - Dependencies all met for dep_context=non-requeueable deps ti=<TaskInstance: crypto_data_processing_mapreduce.run_mapreduce_job manual__2025-02-26T10:31:25.080446+00:00 [queued]>
[2025-02-26T10:36:32.493+0000] {taskinstance.py:1159} INFO - Dependencies all met for dep_context=requeueable deps ti=<TaskInstance: crypto_data_processing_mapreduce.run_mapreduce_job manual__2025-02-26T10:31:25.080446+00:00 [queued]>
[2025-02-26T10:36:32.494+0000] {taskinstance.py:1361} INFO - Starting attempt 2 of 2
[2025-02-26T10:36:32.509+0000] {taskinstance.py:1382} INFO - Executing <Task(BashOperator): run_mapreduce_job> on 2025-02-26 10:31:25.080446+00:00
[2025-02-26T10:36:32.516+0000] {standard_task_runner.py:57} INFO - Started process 32280 to run task
[2025-02-26T10:36:32.521+0000] {standard_task_runner.py:84} INFO - Running: ['***', 'tasks', 'run', 'crypto_data_processing_mapreduce', 'run_mapreduce_job', 'manual__2025-02-26T10:31:25.080446+00:00', '--job-id', '13', '--raw', '--subdir', 'DAGS_FOLDER/transform_data.py', '--cfg-path', '/tmp/tmplv2qjs2l']
[2025-02-26T10:36:32.524+0000] {standard_task_runner.py:85} INFO - Job 13: Subtask run_mapreduce_job
[2025-02-26T10:36:32.594+0000] {task_command.py:415} INFO - Running <TaskInstance: crypto_data_processing_mapreduce.run_mapreduce_job manual__2025-02-26T10:31:25.080446+00:00 [running]> on host c0f81276e31d
[2025-02-26T10:36:32.663+0000] {logging_mixin.py:151} WARNING - /home/***/.local/lib/python3.9/site-packages/***/utils/context.py:206 AirflowContextDeprecationWarning: Accessing 'execution_date' from the template is deprecated and will be removed in a future version. Please use 'data_interval_start' or 'logical_date' instead.
[2025-02-26T10:36:32.698+0000] {taskinstance.py:1660} INFO - Exporting env vars: AIRFLOW_CTX_DAG_OWNER='***' AIRFLOW_CTX_DAG_ID='crypto_data_processing_mapreduce' AIRFLOW_CTX_TASK_ID='run_mapreduce_job' AIRFLOW_CTX_EXECUTION_DATE='2025-02-26T10:31:25.080446+00:00' AIRFLOW_CTX_TRY_NUMBER='2' AIRFLOW_CTX_DAG_RUN_ID='manual__2025-02-26T10:31:25.080446+00:00'
[2025-02-26T10:36:32.701+0000] {subprocess.py:63} INFO - Tmp dir root location: /tmp
[2025-02-26T10:36:32.704+0000] {subprocess.py:75} INFO - Running command: ['/bin/bash', '-c', '\n        docker exec namenode hadoop jar /opt/hadoop-3.2.1/share/hadoop/tools/lib/hadoop-streaming-3.2.1.jar           -input /user/root/crypto/YYYY=2025/MM=02/DD=26/crypto_historical_data.csv           -output /user/root/crypto/processed/YYYY=2025/MM=02/DD=26           -mapper /home/mapper.py           -reducer /home/reducer.py           -file /home/mapper.py           -file /home/reducer.py\n        ']
[2025-02-26T10:36:32.720+0000] {subprocess.py:86} INFO - Output:
[2025-02-26T10:36:33.599+0000] {subprocess.py:93} INFO - 2025-02-26 10:36:33,597 WARN streaming.StreamJob: -file option is deprecated, please use generic option -files instead.
[2025-02-26T10:36:34.489+0000] {subprocess.py:93} INFO - packageJobJar: [/home/mapper.py, /home/reducer.py] [] /tmp/streamjob3468392770058406456.jar tmpDir=null
[2025-02-26T10:36:34.504+0000] {subprocess.py:93} INFO - Exception in thread "main" java.io.IOException: expanding mapper.py would create file outside of /.
[2025-02-26T10:36:34.505+0000] {subprocess.py:93} INFO - 	at org.apache.hadoop.util.RunJar.unJar(RunJar.java:199)
[2025-02-26T10:36:34.506+0000] {subprocess.py:93} INFO - 	at org.apache.hadoop.streaming.StreamJob.submitAndMonitorJob(StreamJob.java:1011)
[2025-02-26T10:36:34.507+0000] {subprocess.py:93} INFO - 	at org.apache.hadoop.streaming.StreamJob.run(StreamJob.java:135)
[2025-02-26T10:36:34.507+0000] {subprocess.py:93} INFO - 	at org.apache.hadoop.util.ToolRunner.run(ToolRunner.java:76)
[2025-02-26T10:36:34.508+0000] {subprocess.py:93} INFO - 	at org.apache.hadoop.util.ToolRunner.run(ToolRunner.java:90)
[2025-02-26T10:36:34.509+0000] {subprocess.py:93} INFO - 	at org.apache.hadoop.streaming.HadoopStreaming.main(HadoopStreaming.java:50)
[2025-02-26T10:36:34.509+0000] {subprocess.py:93} INFO - 	at sun.reflect.NativeMethodAccessorImpl.invoke0(Native Method)
[2025-02-26T10:36:34.510+0000] {subprocess.py:93} INFO - 	at sun.reflect.NativeMethodAccessorImpl.invoke(NativeMethodAccessorImpl.java:62)
[2025-02-26T10:36:34.511+0000] {subprocess.py:93} INFO - 	at sun.reflect.DelegatingMethodAccessorImpl.invoke(DelegatingMethodAccessorImpl.java:43)
[2025-02-26T10:36:34.511+0000] {subprocess.py:93} INFO - 	at java.lang.reflect.Method.invoke(Method.java:498)
[2025-02-26T10:36:34.512+0000] {subprocess.py:93} INFO - 	at org.apache.hadoop.util.RunJar.run(RunJar.java:323)
[2025-02-26T10:36:34.512+0000] {subprocess.py:93} INFO - 	at org.apache.hadoop.util.RunJar.main(RunJar.java:236)
[2025-02-26T10:36:34.873+0000] {subprocess.py:97} INFO - Command exited with return code 1
[2025-02-26T10:36:34.887+0000] {taskinstance.py:1943} ERROR - Task failed with exception
Traceback (most recent call last):
  File "/home/airflow/.local/lib/python3.9/site-packages/airflow/operators/bash.py", line 210, in execute
    raise AirflowException(
airflow.exceptions.AirflowException: Bash command failed. The command returned a non-zero exit code 1.
[2025-02-26T10:36:34.891+0000] {taskinstance.py:1400} INFO - Marking task as FAILED. dag_id=crypto_data_processing_mapreduce, task_id=run_mapreduce_job, execution_date=20250226T103125, start_date=20250226T103632, end_date=20250226T103634
[2025-02-26T10:36:34.909+0000] {standard_task_runner.py:104} ERROR - Failed to execute job 13 for task run_mapreduce_job (Bash command failed. The command returned a non-zero exit code 1.; 32280)
[2025-02-26T10:36:34.947+0000] {local_task_job_runner.py:228} INFO - Task exited with return code 1
[2025-02-26T10:36:34.970+0000] {taskinstance.py:2784} INFO - 0 downstream tasks scheduled from follow-on schedule check
