[2025-02-26T09:41:23.131+0000] {taskinstance.py:1159} INFO - Dependencies all met for dep_context=non-requeueable deps ti=<TaskInstance: crypto_data_processing_mapreduce.run_mapreduce_job manual__2025-02-26T09:41:20.457967+00:00 [queued]>
[2025-02-26T09:41:23.144+0000] {taskinstance.py:1159} INFO - Dependencies all met for dep_context=requeueable deps ti=<TaskInstance: crypto_data_processing_mapreduce.run_mapreduce_job manual__2025-02-26T09:41:20.457967+00:00 [queued]>
[2025-02-26T09:41:23.145+0000] {taskinstance.py:1361} INFO - Starting attempt 1 of 2
[2025-02-26T09:41:23.165+0000] {taskinstance.py:1382} INFO - Executing <Task(BashOperator): run_mapreduce_job> on 2025-02-26 09:41:20.457967+00:00
[2025-02-26T09:41:23.176+0000] {standard_task_runner.py:57} INFO - Started process 13858 to run task
[2025-02-26T09:41:23.180+0000] {standard_task_runner.py:84} INFO - Running: ['***', 'tasks', 'run', 'crypto_data_processing_mapreduce', 'run_mapreduce_job', 'manual__2025-02-26T09:41:20.457967+00:00', '--job-id', '18', '--raw', '--subdir', 'DAGS_FOLDER/transform_data.py', '--cfg-path', '/tmp/tmp9omwaufa']
[2025-02-26T09:41:23.185+0000] {standard_task_runner.py:85} INFO - Job 18: Subtask run_mapreduce_job
[2025-02-26T09:41:23.293+0000] {task_command.py:415} INFO - Running <TaskInstance: crypto_data_processing_mapreduce.run_mapreduce_job manual__2025-02-26T09:41:20.457967+00:00 [running]> on host a2fce54be075
[2025-02-26T09:41:23.395+0000] {logging_mixin.py:151} WARNING - /home/***/.local/lib/python3.9/site-packages/***/utils/context.py:206 AirflowContextDeprecationWarning: Accessing 'execution_date' from the template is deprecated and will be removed in a future version. Please use 'data_interval_start' or 'logical_date' instead.
[2025-02-26T09:41:23.461+0000] {taskinstance.py:1660} INFO - Exporting env vars: AIRFLOW_CTX_DAG_OWNER='***' AIRFLOW_CTX_DAG_ID='crypto_data_processing_mapreduce' AIRFLOW_CTX_TASK_ID='run_mapreduce_job' AIRFLOW_CTX_EXECUTION_DATE='2025-02-26T09:41:20.457967+00:00' AIRFLOW_CTX_TRY_NUMBER='1' AIRFLOW_CTX_DAG_RUN_ID='manual__2025-02-26T09:41:20.457967+00:00'
[2025-02-26T09:41:23.463+0000] {subprocess.py:63} INFO - Tmp dir root location: /tmp
[2025-02-26T09:41:23.466+0000] {subprocess.py:75} INFO - Running command: ['/bin/bash', '-c', '\n        docker exec namenode hadoop jar /opt/hadoop-3.2.1/share/hadoop/tools/lib/hadoop-streaming-3.2.1.jar           -input /user/root/crypto/YYYY=2025/MM=02/DD=26/crypto_historical_data.csv           -output /user/root/crypto/processed/YYYY=2025/MM=02/DD=26           -mapper /home/mapper.py           -reducer /home/reducer.py           -file /home/mapper.py           -file /home/reducer.py\n        ']
[2025-02-26T09:41:23.485+0000] {subprocess.py:86} INFO - Output:
[2025-02-26T09:41:23.492+0000] {subprocess.py:93} INFO - /bin/bash: line 2: docker: command not found
[2025-02-26T09:41:23.492+0000] {subprocess.py:97} INFO - Command exited with return code 127
[2025-02-26T09:41:23.510+0000] {taskinstance.py:1943} ERROR - Task failed with exception
Traceback (most recent call last):
  File "/home/airflow/.local/lib/python3.9/site-packages/airflow/operators/bash.py", line 210, in execute
    raise AirflowException(
airflow.exceptions.AirflowException: Bash command failed. The command returned a non-zero exit code 127.
[2025-02-26T09:41:23.515+0000] {taskinstance.py:1400} INFO - Marking task as UP_FOR_RETRY. dag_id=crypto_data_processing_mapreduce, task_id=run_mapreduce_job, execution_date=20250226T094120, start_date=20250226T094123, end_date=20250226T094123
[2025-02-26T09:41:23.538+0000] {standard_task_runner.py:104} ERROR - Failed to execute job 18 for task run_mapreduce_job (Bash command failed. The command returned a non-zero exit code 127.; 13858)
[2025-02-26T09:41:23.555+0000] {local_task_job_runner.py:228} INFO - Task exited with return code 1
[2025-02-26T09:41:23.583+0000] {taskinstance.py:2784} INFO - 0 downstream tasks scheduled from follow-on schedule check
