[2025-02-23T16:35:36.933+0000] {taskinstance.py:1159} INFO - Dependencies all met for dep_context=non-requeueable deps ti=<TaskInstance: fetch_crypto_data_and_upload_to_hdfs.upload_to_hdfs manual__2025-02-23T16:35:26.387742+00:00 [queued]>
[2025-02-23T16:35:36.943+0000] {taskinstance.py:1159} INFO - Dependencies all met for dep_context=requeueable deps ti=<TaskInstance: fetch_crypto_data_and_upload_to_hdfs.upload_to_hdfs manual__2025-02-23T16:35:26.387742+00:00 [queued]>
[2025-02-23T16:35:36.944+0000] {taskinstance.py:1361} INFO - Starting attempt 1 of 2
[2025-02-23T16:35:36.961+0000] {taskinstance.py:1382} INFO - Executing <Task(BashOperator): upload_to_hdfs> on 2025-02-23 16:35:26.387742+00:00
[2025-02-23T16:35:36.971+0000] {standard_task_runner.py:57} INFO - Started process 554 to run task
[2025-02-23T16:35:36.974+0000] {standard_task_runner.py:84} INFO - Running: ['***', 'tasks', 'run', 'fetch_crypto_data_and_upload_to_hdfs', 'upload_to_hdfs', 'manual__2025-02-23T16:35:26.387742+00:00', '--job-id', '8', '--raw', '--subdir', 'DAGS_FOLDER/ingest_data.py', '--cfg-path', '/tmp/tmpon2myq2h']
[2025-02-23T16:35:36.978+0000] {standard_task_runner.py:85} INFO - Job 8: Subtask upload_to_hdfs
[2025-02-23T16:35:37.033+0000] {task_command.py:415} INFO - Running <TaskInstance: fetch_crypto_data_and_upload_to_hdfs.upload_to_hdfs manual__2025-02-23T16:35:26.387742+00:00 [running]> on host 12ef345898d3
[2025-02-23T16:35:37.121+0000] {taskinstance.py:1660} INFO - Exporting env vars: AIRFLOW_CTX_DAG_OWNER='***' AIRFLOW_CTX_DAG_ID='fetch_crypto_data_and_upload_to_hdfs' AIRFLOW_CTX_TASK_ID='upload_to_hdfs' AIRFLOW_CTX_EXECUTION_DATE='2025-02-23T16:35:26.387742+00:00' AIRFLOW_CTX_TRY_NUMBER='1' AIRFLOW_CTX_DAG_RUN_ID='manual__2025-02-23T16:35:26.387742+00:00'
[2025-02-23T16:35:37.124+0000] {subprocess.py:63} INFO - Tmp dir root location: /tmp
[2025-02-23T16:35:37.126+0000] {subprocess.py:75} INFO - Running command: ['/bin/bash', '-c', 'docker exec -it -u root namenode bash -c "hdfs dfs -put -f /tmp/crypto_historical_data.csv /user/hadoop/crypto_historical_data.csv"']
[2025-02-23T16:35:37.142+0000] {subprocess.py:86} INFO - Output:
[2025-02-23T16:35:37.195+0000] {subprocess.py:93} INFO - the input device is not a TTY
[2025-02-23T16:35:37.196+0000] {subprocess.py:97} INFO - Command exited with return code 1
[2025-02-23T16:35:37.210+0000] {taskinstance.py:1943} ERROR - Task failed with exception
Traceback (most recent call last):
  File "/home/airflow/.local/lib/python3.9/site-packages/airflow/operators/bash.py", line 210, in execute
    raise AirflowException(
airflow.exceptions.AirflowException: Bash command failed. The command returned a non-zero exit code 1.
[2025-02-23T16:35:37.214+0000] {taskinstance.py:1400} INFO - Marking task as UP_FOR_RETRY. dag_id=fetch_crypto_data_and_upload_to_hdfs, task_id=upload_to_hdfs, execution_date=20250223T163526, start_date=20250223T163536, end_date=20250223T163537
[2025-02-23T16:35:37.229+0000] {standard_task_runner.py:104} ERROR - Failed to execute job 8 for task upload_to_hdfs (Bash command failed. The command returned a non-zero exit code 1.; 554)
[2025-02-23T16:35:37.272+0000] {local_task_job_runner.py:228} INFO - Task exited with return code 1
[2025-02-23T16:35:37.304+0000] {taskinstance.py:2784} INFO - 0 downstream tasks scheduled from follow-on schedule check
