[2025-02-26T10:16:55.772+0000] {taskinstance.py:1159} INFO - Dependencies all met for dep_context=non-requeueable deps ti=<TaskInstance: crypto_data_processing_mapreduce.run_mapreduce_job scheduled__2025-02-25T00:00:00+00:00 [queued]>
[2025-02-26T10:16:55.784+0000] {taskinstance.py:1159} INFO - Dependencies all met for dep_context=requeueable deps ti=<TaskInstance: crypto_data_processing_mapreduce.run_mapreduce_job scheduled__2025-02-25T00:00:00+00:00 [queued]>
[2025-02-26T10:16:55.784+0000] {taskinstance.py:1361} INFO - Starting attempt 2 of 2
[2025-02-26T10:16:55.802+0000] {taskinstance.py:1382} INFO - Executing <Task(BashOperator): run_mapreduce_job> on 2025-02-25 00:00:00+00:00
[2025-02-26T10:16:55.810+0000] {standard_task_runner.py:57} INFO - Started process 11529 to run task
[2025-02-26T10:16:55.814+0000] {standard_task_runner.py:84} INFO - Running: ['***', 'tasks', 'run', 'crypto_data_processing_mapreduce', 'run_mapreduce_job', 'scheduled__2025-02-25T00:00:00+00:00', '--job-id', '5', '--raw', '--subdir', 'DAGS_FOLDER/transform_data.py', '--cfg-path', '/tmp/tmp34srki52']
[2025-02-26T10:16:55.819+0000] {standard_task_runner.py:85} INFO - Job 5: Subtask run_mapreduce_job
[2025-02-26T10:16:55.890+0000] {task_command.py:415} INFO - Running <TaskInstance: crypto_data_processing_mapreduce.run_mapreduce_job scheduled__2025-02-25T00:00:00+00:00 [running]> on host c0f81276e31d
[2025-02-26T10:16:55.955+0000] {logging_mixin.py:151} WARNING - /home/***/.local/lib/python3.9/site-packages/***/utils/context.py:206 AirflowContextDeprecationWarning: Accessing 'execution_date' from the template is deprecated and will be removed in a future version. Please use 'data_interval_start' or 'logical_date' instead.
[2025-02-26T10:16:56.000+0000] {taskinstance.py:1660} INFO - Exporting env vars: AIRFLOW_CTX_DAG_OWNER='***' AIRFLOW_CTX_DAG_ID='crypto_data_processing_mapreduce' AIRFLOW_CTX_TASK_ID='run_mapreduce_job' AIRFLOW_CTX_EXECUTION_DATE='2025-02-25T00:00:00+00:00' AIRFLOW_CTX_TRY_NUMBER='2' AIRFLOW_CTX_DAG_RUN_ID='scheduled__2025-02-25T00:00:00+00:00'
[2025-02-26T10:16:56.002+0000] {subprocess.py:63} INFO - Tmp dir root location: /tmp
[2025-02-26T10:16:56.005+0000] {subprocess.py:75} INFO - Running command: ['/bin/bash', '-c', '\n        docker exec namenode hadoop jar /opt/hadoop-3.2.1/share/hadoop/tools/lib/hadoop-streaming-3.2.1.jar           -input /user/root/crypto/YYYY=2025/MM=02/DD=25/crypto_historical_data.csv           -output /user/root/crypto/processed/YYYY=2025/MM=02/DD=25           -mapper /home/mapper.py           -reducer /home/reducer.py           -file /home/mapper.py           -file /home/reducer.py\n        ']
[2025-02-26T10:16:56.024+0000] {subprocess.py:86} INFO - Output:
[2025-02-26T10:16:56.026+0000] {subprocess.py:93} INFO - /bin/bash: line 2: docker: command not found
[2025-02-26T10:16:56.027+0000] {subprocess.py:97} INFO - Command exited with return code 127
[2025-02-26T10:16:56.044+0000] {taskinstance.py:1943} ERROR - Task failed with exception
Traceback (most recent call last):
  File "/home/airflow/.local/lib/python3.9/site-packages/airflow/operators/bash.py", line 210, in execute
    raise AirflowException(
airflow.exceptions.AirflowException: Bash command failed. The command returned a non-zero exit code 127.
[2025-02-26T10:16:56.049+0000] {taskinstance.py:1400} INFO - Marking task as FAILED. dag_id=crypto_data_processing_mapreduce, task_id=run_mapreduce_job, execution_date=20250225T000000, start_date=20250226T101655, end_date=20250226T101656
[2025-02-26T10:16:56.069+0000] {standard_task_runner.py:104} ERROR - Failed to execute job 5 for task run_mapreduce_job (Bash command failed. The command returned a non-zero exit code 127.; 11529)
[2025-02-26T10:16:56.108+0000] {local_task_job_runner.py:228} INFO - Task exited with return code 1
[2025-02-26T10:16:56.134+0000] {taskinstance.py:2784} INFO - 0 downstream tasks scheduled from follow-on schedule check
[2025-02-26T15:33:00.963+0000] {taskinstance.py:1159} INFO - Dependencies all met for dep_context=non-requeueable deps ti=<TaskInstance: crypto_data_processing_mapreduce.run_mapreduce_job scheduled__2025-02-25T00:00:00+00:00 [queued]>
[2025-02-26T15:33:00.976+0000] {taskinstance.py:1159} INFO - Dependencies all met for dep_context=requeueable deps ti=<TaskInstance: crypto_data_processing_mapreduce.run_mapreduce_job scheduled__2025-02-25T00:00:00+00:00 [queued]>
[2025-02-26T15:33:00.977+0000] {taskinstance.py:1361} INFO - Starting attempt 2 of 2
[2025-02-26T15:33:01.001+0000] {taskinstance.py:1382} INFO - Executing <Task(BashOperator): run_mapreduce_job> on 2025-02-25 00:00:00+00:00
[2025-02-26T15:33:01.009+0000] {standard_task_runner.py:57} INFO - Started process 95740 to run task
[2025-02-26T15:33:01.014+0000] {standard_task_runner.py:84} INFO - Running: ['***', 'tasks', 'run', 'crypto_data_processing_mapreduce', 'run_mapreduce_job', 'scheduled__2025-02-25T00:00:00+00:00', '--job-id', '5', '--raw', '--subdir', 'DAGS_FOLDER/transform_data.py', '--cfg-path', '/tmp/tmpbai6kzd0']
[2025-02-26T15:33:01.019+0000] {standard_task_runner.py:85} INFO - Job 5: Subtask run_mapreduce_job
[2025-02-26T15:33:01.094+0000] {task_command.py:415} INFO - Running <TaskInstance: crypto_data_processing_mapreduce.run_mapreduce_job scheduled__2025-02-25T00:00:00+00:00 [running]> on host 8f39f5b11fbf
[2025-02-26T15:33:01.164+0000] {logging_mixin.py:151} WARNING - /home/***/.local/lib/python3.9/site-packages/***/utils/context.py:206 AirflowContextDeprecationWarning: Accessing 'execution_date' from the template is deprecated and will be removed in a future version. Please use 'data_interval_start' or 'logical_date' instead.
[2025-02-26T15:33:01.200+0000] {taskinstance.py:1660} INFO - Exporting env vars: AIRFLOW_CTX_DAG_OWNER='***' AIRFLOW_CTX_DAG_ID='crypto_data_processing_mapreduce' AIRFLOW_CTX_TASK_ID='run_mapreduce_job' AIRFLOW_CTX_EXECUTION_DATE='2025-02-25T00:00:00+00:00' AIRFLOW_CTX_TRY_NUMBER='2' AIRFLOW_CTX_DAG_RUN_ID='scheduled__2025-02-25T00:00:00+00:00'
[2025-02-26T15:33:01.203+0000] {subprocess.py:63} INFO - Tmp dir root location: /tmp
[2025-02-26T15:33:01.207+0000] {subprocess.py:75} INFO - Running command: ['/bin/bash', '-c', '\n        cd /home \n        docker exec namenode hadoop jar /opt/hadoop-3.2.1/share/hadoop/tools/lib/hadoop-streaming-3.2.1.jar           -input /user/root/crypto/YYYY=2025/MM=02/DD=25/crypto_historical_data.csv           -output /user/root/crypto/processed/YYYY=2025/MM=02/DD=25           -mapper mapper.py           -reducer reducer.py           -file /home/mapper.py           -file /home/reducer.py\n        ']
[2025-02-26T15:33:01.220+0000] {subprocess.py:86} INFO - Output:
[2025-02-26T15:33:02.293+0000] {subprocess.py:93} INFO - 2025-02-26 15:33:02,290 WARN streaming.StreamJob: -file option is deprecated, please use generic option -files instead.
[2025-02-26T15:33:03.452+0000] {subprocess.py:93} INFO - packageJobJar: [/home/mapper.py, /home/reducer.py] [] /tmp/streamjob1665776694415637978.jar tmpDir=null
[2025-02-26T15:33:03.467+0000] {subprocess.py:93} INFO - Exception in thread "main" java.io.IOException: expanding mapper.py would create file outside of /.
[2025-02-26T15:33:03.468+0000] {subprocess.py:93} INFO - 	at org.apache.hadoop.util.RunJar.unJar(RunJar.java:199)
[2025-02-26T15:33:03.468+0000] {subprocess.py:93} INFO - 	at org.apache.hadoop.streaming.StreamJob.submitAndMonitorJob(StreamJob.java:1011)
[2025-02-26T15:33:03.469+0000] {subprocess.py:93} INFO - 	at org.apache.hadoop.streaming.StreamJob.run(StreamJob.java:135)
[2025-02-26T15:33:03.469+0000] {subprocess.py:93} INFO - 	at org.apache.hadoop.util.ToolRunner.run(ToolRunner.java:76)
[2025-02-26T15:33:03.470+0000] {subprocess.py:93} INFO - 	at org.apache.hadoop.util.ToolRunner.run(ToolRunner.java:90)
[2025-02-26T15:33:03.470+0000] {subprocess.py:93} INFO - 	at org.apache.hadoop.streaming.HadoopStreaming.main(HadoopStreaming.java:50)
[2025-02-26T15:33:03.471+0000] {subprocess.py:93} INFO - 	at sun.reflect.NativeMethodAccessorImpl.invoke0(Native Method)
[2025-02-26T15:33:03.471+0000] {subprocess.py:93} INFO - 	at sun.reflect.NativeMethodAccessorImpl.invoke(NativeMethodAccessorImpl.java:62)
[2025-02-26T15:33:03.472+0000] {subprocess.py:93} INFO - 	at sun.reflect.DelegatingMethodAccessorImpl.invoke(DelegatingMethodAccessorImpl.java:43)
[2025-02-26T15:33:03.473+0000] {subprocess.py:93} INFO - 	at java.lang.reflect.Method.invoke(Method.java:498)
[2025-02-26T15:33:03.473+0000] {subprocess.py:93} INFO - 	at org.apache.hadoop.util.RunJar.run(RunJar.java:323)
[2025-02-26T15:33:03.473+0000] {subprocess.py:93} INFO - 	at org.apache.hadoop.util.RunJar.main(RunJar.java:236)
[2025-02-26T15:33:03.847+0000] {subprocess.py:97} INFO - Command exited with return code 1
[2025-02-26T15:33:03.869+0000] {taskinstance.py:1943} ERROR - Task failed with exception
Traceback (most recent call last):
  File "/home/airflow/.local/lib/python3.9/site-packages/airflow/operators/bash.py", line 210, in execute
    raise AirflowException(
airflow.exceptions.AirflowException: Bash command failed. The command returned a non-zero exit code 1.
[2025-02-26T15:33:03.875+0000] {taskinstance.py:1400} INFO - Marking task as FAILED. dag_id=crypto_data_processing_mapreduce, task_id=run_mapreduce_job, execution_date=20250225T000000, start_date=20250226T153300, end_date=20250226T153303
[2025-02-26T15:33:03.894+0000] {standard_task_runner.py:104} ERROR - Failed to execute job 5 for task run_mapreduce_job (Bash command failed. The command returned a non-zero exit code 1.; 95740)
[2025-02-26T15:33:03.923+0000] {local_task_job_runner.py:228} INFO - Task exited with return code 1
[2025-02-26T15:33:03.953+0000] {taskinstance.py:2784} INFO - 0 downstream tasks scheduled from follow-on schedule check
